TpTrace Verbose: 0 : 11476, 1, 2022/12/04, 16:55:45.508, 3335752803915, datacollector.dll, Version: 17.3.0-release-20220708-01
TpTrace Information: 0 : 11476, 1, 2022/12/04, 16:55:45.524, 3335752965597, datacollector.dll, DataCollectorMain.Run: Starting data collector run with args: --port,56624,--parentprocessid,26704,--diag,D:\csharp\lern\ToDoList.Test\bin\Debug\netcoreapp3.1\fine-code-coverage\coverage-tool-output\diagnostics.datacollector.22-12-04_16-55-45_24736_1.log,--tracelevel,4
TpTrace Information: 0 : 11476, 1, 2022/12/04, 16:55:45.525, 3335752969552, datacollector.dll, DataCollector: Monitoring parent process with id: '26704'
TpTrace Information: 0 : 11476, 1, 2022/12/04, 16:55:45.544, 3335753161351, datacollector.dll, Trying to connect to server on socket : 127.0.0.1:56624 
TpTrace Verbose: 0 : 11476, 1, 2022/12/04, 16:55:45.569, 3335753409201, datacollector.dll, SocketCommunicationManager : SetupClientAsync : Attempting to connect to the server.
TpTrace Information: 0 : 11476, 8, 2022/12/04, 16:55:45.592, 3335753639311, datacollector.dll, Connected to the server successfully 
TpTrace Information: 0 : 11476, 8, 2022/12/04, 16:55:45.592, 3335753642969, datacollector.dll, Using the buffer size of 16384 bytes
TpTrace Information: 0 : 11476, 1, 2022/12/04, 16:55:45.797, 3335755694679, datacollector.dll, DataCollector: Start Request Processing.
TpTrace Verbose: 0 : 11476, 1, 2022/12/04, 16:55:45.798, 3335755698983, datacollector.dll, SocketCommunicationManager.WaitForServerConnection took: 0 ms, with 90000 ms timeout, and finished with True.
TpTrace Information: 0 : 11476, 1, 2022/12/04, 16:55:45.798, 3335755704671, datacollector.dll, DataCollectionRequestHandler.ProcessRequests: Datacollector received message: (DataCollection.BeforeTestRunStart) -> {"MessageType":"DataCollection.BeforeTestRunStart","Payload":{"SettingsXml":"<RunSettings><RunConfiguration><ResultsDirectory>D:\\csharp\\lern\\ToDoList.Test\\bin\\Debug\\netcoreapp3.1\\fine-code-coverage\\coverage-tool-output</ResultsDirectory><TargetPlatform>X64</TargetPlatform><TargetFrameworkVersion>.NETCoreApp,Version=v3.1</TargetFrameworkVersion><DesignMode>False</DesignMode><CollectSourceInformation>False</CollectSourceInformation><TestAdaptersPaths>C:\\Program Files\\dotnet\\sdk\\6.0.400\\Extensions</TestAdaptersPaths></RunConfiguration><LoggerRunSettings><Loggers><Logger friendlyName=\"blame\" enabled=\"True\" /><Logger friendlyName=\"Console\" uri=\"logger://microsoft/TestPlatform/ConsoleLogger/v1\" assemblyQualifiedName=\"Microsoft.VisualStudio.TestPlatform.CommandLine.Internal.ConsoleLogger, vstest.console, Version=15.0.0.0, Culture=neutral, PublicKeyToken=b03f5f7f11d50a3a\" codeBase=\"C:\\Program Files\\dotnet\\sdk\\6.0.400\\vstest.console.dll\" enabled=\"True\" /></Loggers></LoggerRunSettings><DataCollectionRunSettings><DataCollectors><DataCollector friendlyName=\"blame\" enabled=\"True\"><Configuration><ResultsDirectory>D:\\csharp\\lern\\ToDoList.Test\\bin\\Debug\\netcoreapp3.1\\fine-code-coverage\\coverage-tool-output</ResultsDirectory></Configuration></DataCollector></DataCollectors></DataCollectionRunSettings></RunSettings>","Sources":["D:\\csharp\\lern\\ToDoList.Test\\bin\\Debug\\netcoreapp3.1\\fine-code-coverage\\build-output\\ToDoList.Tests.dll"],"IsTelemetryOptedIn":false}}
TpTrace Verbose: 0 : 11476, 1, 2022/12/04, 16:55:45.902, 3335756736426, datacollector.dll, TestPluginCache: Update extensions started. Skip filter = False
TpTrace Verbose: 0 : 11476, 1, 2022/12/04, 16:55:45.904, 3335756760368, datacollector.dll, TestPluginCache: Using directories for assembly resolution 'C:\Program Files\dotnet\sdk\6.0.400\Extensions'.
TpTrace Verbose: 0 : 11476, 1, 2022/12/04, 16:55:45.904, 3335756762663, datacollector.dll, TestPluginCache: Updated the available extensions to 'C:\Program Files\dotnet\sdk\6.0.400\Extensions\Microsoft.TestPlatform.Extensions.BlameDataCollector.dll,C:\Program Files\dotnet\sdk\6.0.400\Extensions\Microsoft.TestPlatform.Extensions.EventLogCollector.dll'.
TpTrace Verbose: 0 : 11476, 1, 2022/12/04, 16:55:45.919, 3335756908570, datacollector.dll, TestPluginCache.DiscoverTestExtensions: finding test extensions in assemblies ends with: Collector.dll TPluginInfo: Microsoft.VisualStudio.TestPlatform.Common.DataCollector.DataCollectorConfig TExtension: Microsoft.VisualStudio.TestPlatform.ObjectModel.DataCollection.DataCollector
TpTrace Verbose: 0 : 11476, 1, 2022/12/04, 16:55:45.919, 3335756914791, datacollector.dll, TestPluginCache.GetExtensionPaths: Filtered extension paths: C:\Program Files\dotnet\sdk\6.0.400\Extensions\Microsoft.TestPlatform.Extensions.BlameDataCollector.dll
C:\Program Files\dotnet\sdk\6.0.400\Extensions\Microsoft.TestPlatform.Extensions.EventLogCollector.dll
TpTrace Verbose: 0 : 11476, 1, 2022/12/04, 16:55:45.919, 3335756916106, datacollector.dll, TestPluginCache.GetExtensionPaths: Added default extension paths: 
TpTrace Verbose: 0 : 11476, 1, 2022/12/04, 16:55:45.920, 3335756916760, datacollector.dll, TestPluginCache.GetExtensionPaths: Added unfilterableExtensionPaths: 
TpTrace Information: 0 : 11476, 1, 2022/12/04, 16:55:45.921, 3335756929866, datacollector.dll, AssemblyResolver.ctor: Creating AssemblyResolver with searchDirectories C:\Program Files\dotnet\sdk\6.0.400\Extensions,C:\Program Files\dotnet\sdk\6.0.400
TpTrace Verbose: 0 : 11476, 1, 2022/12/04, 16:55:45.923, 3335756955896, datacollector.dll, TestPluginCache.DiscoverTestExtensions: Discovering the extensions using extension path.
TpTrace Verbose: 0 : 11476, 1, 2022/12/04, 16:55:45.924, 3335756959958, datacollector.dll, TestPluginCache.GetExtensionPaths: Filtered extension paths: C:\Program Files\dotnet\sdk\6.0.400\Extensions\Microsoft.TestPlatform.Extensions.BlameDataCollector.dll
C:\Program Files\dotnet\sdk\6.0.400\Extensions\Microsoft.TestPlatform.Extensions.EventLogCollector.dll
TpTrace Verbose: 0 : 11476, 1, 2022/12/04, 16:55:45.924, 3335756960869, datacollector.dll, TestPluginCache.GetExtensionPaths: Added default extension paths: 
TpTrace Verbose: 0 : 11476, 1, 2022/12/04, 16:55:45.924, 3335756961435, datacollector.dll, TestPluginCache.GetExtensionPaths: Added unfilterableExtensionPaths: 
TpTrace Verbose: 0 : 11476, 1, 2022/12/04, 16:55:45.924, 3335756962529, datacollector.dll, TestPluginCache.DiscoverTestExtensions: Discovering the extensions using allExtensionPaths: C:\Program Files\dotnet\sdk\6.0.400\Extensions\Microsoft.TestPlatform.Extensions.BlameDataCollector.dll
C:\Program Files\dotnet\sdk\6.0.400\Extensions\Microsoft.TestPlatform.Extensions.EventLogCollector.dll
TpTrace Information: 0 : 11476, 1, 2022/12/04, 16:55:45.924, 3335756965057, datacollector.dll, AssemblyResolver.AddSearchDirectories: Adding more searchDirectories C:\Program Files\dotnet\sdk\6.0.400\Extensions,C:\Program Files\dotnet\sdk\6.0.400
TpTrace Information: 0 : 11476, 1, 2022/12/04, 16:55:45.924, 3335756966269, datacollector.dll, AssemblyResolver.AddSearchDirectories: Adding more searchDirectories C:\Program Files\dotnet\sdk\6.0.400\Extensions,C:\Program Files\dotnet\sdk\6.0.400
TpTrace Information: 0 : 11476, 1, 2022/12/04, 16:55:45.925, 3335756974398, datacollector.dll, AssemblyResolver.OnResolve: Microsoft.TestPlatform.Extensions.BlameDataCollector: Resolving assembly.
TpTrace Information: 0 : 11476, 1, 2022/12/04, 16:55:45.925, 3335756976044, datacollector.dll, AssemblyResolver.OnResolve: Microsoft.TestPlatform.Extensions.BlameDataCollector: Searching in: 'C:\Program Files\dotnet\sdk\6.0.400\Extensions'.
TpTrace Information: 0 : 11476, 1, 2022/12/04, 16:55:45.927, 3335756994574, datacollector.dll, AssemblyResolver.OnResolve: Microsoft.TestPlatform.Extensions.BlameDataCollector: Loading assembly 'C:\Program Files\dotnet\sdk\6.0.400\Extensions\Microsoft.TestPlatform.Extensions.BlameDataCollector.dll'.
TpTrace Information: 0 : 11476, 1, 2022/12/04, 16:55:45.929, 3335757013515, datacollector.dll, AssemblyResolver.OnResolve: Resolved assembly: Microsoft.TestPlatform.Extensions.BlameDataCollector, from path: C:\Program Files\dotnet\sdk\6.0.400\Extensions\Microsoft.TestPlatform.Extensions.BlameDataCollector.dll
TpTrace Verbose: 0 : 11476, 1, 2022/12/04, 16:55:45.941, 3335757134523, datacollector.dll, MetadataReaderExtensionsHelper: Discovering extensions inside assembly 'Microsoft.TestPlatform.Extensions.BlameDataCollector, Version=15.0.0.0, Culture=neutral, PublicKeyToken=b03f5f7f11d50a3a' file path 'C:\Program Files\dotnet\sdk\6.0.400\Extensions\Microsoft.TestPlatform.Extensions.BlameDataCollector.dll'
TpTrace Error: 0 : 11476, 1, 2022/12/04, 16:55:45.965, 3335757369062, datacollector.dll, The type "Microsoft.TestPlatform.Extensions.BlameDataCollector.BlameCollector" defined in "Microsoft.TestPlatform.Extensions.BlameDataCollector.dll" does not have ExtensionUri attribute.
TpTrace Information: 0 : 11476, 1, 2022/12/04, 16:55:45.967, 3335757394844, datacollector.dll, GetTestExtensionFromType: Register extension with identifier data 'datacollector://microsoft/TestPlatform/Extensions/Blame/v1' and type 'Microsoft.TestPlatform.Extensions.BlameDataCollector.BlameCollector, Microsoft.TestPlatform.Extensions.BlameDataCollector, Version=15.0.0.0, Culture=neutral, PublicKeyToken=b03f5f7f11d50a3a' inside file 'C:\Program Files\dotnet\sdk\6.0.400\Extensions\Microsoft.TestPlatform.Extensions.BlameDataCollector.dll'
TpTrace Information: 0 : 11476, 1, 2022/12/04, 16:55:45.968, 3335757398340, datacollector.dll, AssemblyResolver.OnResolve: Microsoft.TestPlatform.Extensions.EventLogCollector: Resolving assembly.
TpTrace Information: 0 : 11476, 1, 2022/12/04, 16:55:45.968, 3335757399258, datacollector.dll, AssemblyResolver.OnResolve: Microsoft.TestPlatform.Extensions.EventLogCollector: Searching in: 'C:\Program Files\dotnet\sdk\6.0.400\Extensions'.
TpTrace Information: 0 : 11476, 1, 2022/12/04, 16:55:45.969, 3335757411415, datacollector.dll, AssemblyResolver.OnResolve: Microsoft.TestPlatform.Extensions.EventLogCollector: Loading assembly 'C:\Program Files\dotnet\sdk\6.0.400\Extensions\Microsoft.TestPlatform.Extensions.EventLogCollector.dll'.
TpTrace Information: 0 : 11476, 1, 2022/12/04, 16:55:45.971, 3335757428454, datacollector.dll, AssemblyResolver.OnResolve: Resolved assembly: Microsoft.TestPlatform.Extensions.EventLogCollector, from path: C:\Program Files\dotnet\sdk\6.0.400\Extensions\Microsoft.TestPlatform.Extensions.EventLogCollector.dll
TpTrace Verbose: 0 : 11476, 1, 2022/12/04, 16:55:45.971, 3335757431033, datacollector.dll, MetadataReaderExtensionsHelper: Discovering extensions inside assembly 'Microsoft.TestPlatform.Extensions.EventLogCollector, Version=15.0.0.0, Culture=neutral, PublicKeyToken=b03f5f7f11d50a3a' file path 'C:\Program Files\dotnet\sdk\6.0.400\Extensions\Microsoft.TestPlatform.Extensions.EventLogCollector.dll'
TpTrace Error: 0 : 11476, 1, 2022/12/04, 16:55:45.977, 3335757496399, datacollector.dll, The type "Microsoft.TestPlatform.Extensions.EventLogCollector.EventLogDataCollector" defined in "Microsoft.TestPlatform.Extensions.EventLogCollector.dll" does not have ExtensionUri attribute.
TpTrace Information: 0 : 11476, 1, 2022/12/04, 16:55:45.978, 3335757500473, datacollector.dll, GetTestExtensionFromType: Register extension with identifier data 'datacollector://microsoft/EventLog/2.0' and type 'Microsoft.TestPlatform.Extensions.EventLogCollector.EventLogDataCollector, Microsoft.TestPlatform.Extensions.EventLogCollector, Version=15.0.0.0, Culture=neutral, PublicKeyToken=b03f5f7f11d50a3a' inside file 'C:\Program Files\dotnet\sdk\6.0.400\Extensions\Microsoft.TestPlatform.Extensions.EventLogCollector.dll'
TpTrace Verbose: 0 : 11476, 1, 2022/12/04, 16:55:45.978, 3335757505792, datacollector.dll, TestPluginCache: Discovered the extensions using extension path 'C:\Program Files\dotnet\sdk\6.0.400\Extensions\Microsoft.TestPlatform.Extensions.BlameDataCollector.dll,C:\Program Files\dotnet\sdk\6.0.400\Extensions\Microsoft.TestPlatform.Extensions.EventLogCollector.dll'.
TpTrace Verbose: 0 : 11476, 1, 2022/12/04, 16:55:45.979, 3335757507019, datacollector.dll, TestPluginCache: Discoverers are ''.
TpTrace Verbose: 0 : 11476, 1, 2022/12/04, 16:55:45.979, 3335757507611, datacollector.dll, TestPluginCache: Executors are ''.
TpTrace Verbose: 0 : 11476, 1, 2022/12/04, 16:55:45.979, 3335757508132, datacollector.dll, TestPluginCache: Executors2 are ''.
TpTrace Verbose: 0 : 11476, 1, 2022/12/04, 16:55:45.979, 3335757508745, datacollector.dll, TestPluginCache: Setting providers are ''.
TpTrace Verbose: 0 : 11476, 1, 2022/12/04, 16:55:45.979, 3335757509325, datacollector.dll, TestPluginCache: Loggers are ''.
TpTrace Verbose: 0 : 11476, 1, 2022/12/04, 16:55:45.979, 3335757509963, datacollector.dll, TestPluginCache: TestHosts are ''.
TpTrace Verbose: 0 : 11476, 1, 2022/12/04, 16:55:45.979, 3335757514413, datacollector.dll, TestPluginCache: DataCollectors are 'datacollector://microsoft/TestPlatform/Extensions/Blame/v1,datacollector://microsoft/EventLog/2.0'.
TpTrace Information: 0 : 11476, 1, 2022/12/04, 16:55:45.982, 3335757543044, datacollector.dll, TestPluginManager.CreateTestExtension: Attempting to load test extension: Microsoft.TestPlatform.Extensions.BlameDataCollector.BlameCollector
TpTrace Verbose: 0 : 11476, 1, 2022/12/04, 16:55:45.992, 3335757640293, datacollector.dll, MulticastDelegateUtilities.SafeInvoke: DataCollectionEvents.SessionStart: Invoking callbacks was skipped because there are no subscribers.
TpTrace Information: 0 : 11476, 1, 2022/12/04, 16:55:45.995, 3335757671140, datacollector.dll, Listening on Endpoint : 127.0.0.1:56626
TpTrace Information: 0 : 11476, 1, 2022/12/04, 16:55:46.021, 3335757933510, datacollector.dll, DataCollectionRequestHandler.ProcessRequests : DataCollection started.
TpTrace Information: 0 : 11476, 1, 2022/12/04, 16:55:46.062, 3335758342452, datacollector.dll, DataCollectionRequestHandler.ProcessRequests: Datacollector received message: (DataCollection.TestHostLaunched) -> {"MessageType":"DataCollection.TestHostLaunched","Payload":{"ProcessId":9552}}
TpTrace Verbose: 0 : 11476, 1, 2022/12/04, 16:55:46.066, 3335758382535, datacollector.dll, MulticastDelegateUtilities.SafeInvoke: DataCollectionEvents.TestHostLaunched: Invoking callback 1/1 for Microsoft.TestPlatform.Extensions.BlameDataCollector.BlameCollector.TestHostLaunchedHandler, took 0 ms.
TpTrace Information: 0 : 11476, 5, 2022/12/04, 16:55:46.575, 3335763469778, datacollector.dll, Using the buffer size of 16384 bytes
TpTrace Information: 0 : 11476, 5, 2022/12/04, 16:55:46.575, 3335763472427, datacollector.dll, Accepted Client request and set the flag
TpTrace Verbose: 0 : 11476, 8, 2022/12/04, 16:55:46.575, 3335763474094, datacollector.dll, SocketCommunicationManager.WaitForClientConnection took: 568 ms, with 90000 ms timeout, and finished with True.
TpTrace Information: 0 : 11476, 8, 2022/12/04, 16:55:50.666, 3335804383276, datacollector.dll, DataCollectionTestCaseEventHandler: Test case starting.
TpTrace Information: 0 : 11476, 8, 2022/12/04, 16:55:50.697, 3335804690112, datacollector.dll, BlameCollector.EventsTestCaseStart: Test Case Start
TpTrace Verbose: 0 : 11476, 8, 2022/12/04, 16:55:50.698, 3335804698100, datacollector.dll, MulticastDelegateUtilities.SafeInvoke: DataCollectionEvents.TestCaseStart: Invoking callback 1/1 for Microsoft.TestPlatform.Extensions.BlameDataCollector.BlameCollector.EventsTestCaseStart, took 0 ms.
TpTrace Information: 0 : 11476, 8, 2022/12/04, 16:55:50.698, 3335804704418, datacollector.dll, DataCollectionTestCaseEventHandler: Test case 'ToDoList.Tests.UnitTests.HomeControllerTests.EditUserTaskConfirmStatusReturnsARedirectValidInput(id: 6, expetedRouteId: 3) - 660cdea2-1bf0-ab6f-8786-cf3d7cca0909' started.
TpTrace Information: 0 : 11476, 8, 2022/12/04, 16:55:50.718, 3335804902443, datacollector.dll, DataCollectionTestCaseEventHandler: Test case completing.
TpTrace Information: 0 : 11476, 8, 2022/12/04, 16:55:50.727, 3335804996176, datacollector.dll, BlameCollector.EventsTestCaseEnd: Test Case End
TpTrace Verbose: 0 : 11476, 8, 2022/12/04, 16:55:50.728, 3335805002148, datacollector.dll, MulticastDelegateUtilities.SafeInvoke: DataCollectionEvents.TestCaseEnd: Invoking callback 1/1 for Microsoft.TestPlatform.Extensions.BlameDataCollector.BlameCollector.EventsTestCaseEnd, took 0 ms.
TpTrace Information: 0 : 11476, 8, 2022/12/04, 16:55:50.736, 3335805083885, datacollector.dll, DataCollectionTestCaseEventHandler: Test case 'ToDoList.Tests.UnitTests.HomeControllerTests.EditUserTaskConfirmStatusReturnsARedirectValidInput(id: 6, expetedRouteId: 3) - 660cdea2-1bf0-ab6f-8786-cf3d7cca0909' completed
TpTrace Information: 0 : 11476, 8, 2022/12/04, 16:55:50.759, 3335805313831, datacollector.dll, DataCollectionTestCaseEventHandler: Test case starting.
TpTrace Information: 0 : 11476, 8, 2022/12/04, 16:55:50.760, 3335805326392, datacollector.dll, BlameCollector.EventsTestCaseStart: Test Case Start
TpTrace Verbose: 0 : 11476, 8, 2022/12/04, 16:55:50.761, 3335805328387, datacollector.dll, MulticastDelegateUtilities.SafeInvoke: DataCollectionEvents.TestCaseStart: Invoking callback 1/1 for Microsoft.TestPlatform.Extensions.BlameDataCollector.BlameCollector.EventsTestCaseStart, took 0 ms.
TpTrace Information: 0 : 11476, 8, 2022/12/04, 16:55:50.761, 3335805330909, datacollector.dll, DataCollectionTestCaseEventHandler: Test case 'ToDoList.Tests.UnitTests.HomeControllerTests.EditUserTaskConfirmStatusReturnsARedirectValidInput(id: 1, expetedRouteId: 2) - 37fb04fa-8564-b8d2-9752-56fd85b32be4' started.
TpTrace Information: 0 : 11476, 8, 2022/12/04, 16:55:50.762, 3335805343993, datacollector.dll, DataCollectionTestCaseEventHandler: Test case completing.
TpTrace Information: 0 : 11476, 8, 2022/12/04, 16:55:50.764, 3335805356596, datacollector.dll, BlameCollector.EventsTestCaseEnd: Test Case End
TpTrace Verbose: 0 : 11476, 8, 2022/12/04, 16:55:50.764, 3335805358678, datacollector.dll, MulticastDelegateUtilities.SafeInvoke: DataCollectionEvents.TestCaseEnd: Invoking callback 1/1 for Microsoft.TestPlatform.Extensions.BlameDataCollector.BlameCollector.EventsTestCaseEnd, took 0 ms.
TpTrace Information: 0 : 11476, 8, 2022/12/04, 16:55:50.764, 3335805362226, datacollector.dll, DataCollectionTestCaseEventHandler: Test case 'ToDoList.Tests.UnitTests.HomeControllerTests.EditUserTaskConfirmStatusReturnsARedirectValidInput(id: 1, expetedRouteId: 2) - 37fb04fa-8564-b8d2-9752-56fd85b32be4' completed
TpTrace Information: 0 : 11476, 8, 2022/12/04, 16:55:50.766, 3335805386094, datacollector.dll, DataCollectionTestCaseEventHandler: Test case starting.
TpTrace Information: 0 : 11476, 8, 2022/12/04, 16:55:50.768, 3335805400149, datacollector.dll, BlameCollector.EventsTestCaseStart: Test Case Start
TpTrace Verbose: 0 : 11476, 8, 2022/12/04, 16:55:50.768, 3335805402466, datacollector.dll, MulticastDelegateUtilities.SafeInvoke: DataCollectionEvents.TestCaseStart: Invoking callback 1/1 for Microsoft.TestPlatform.Extensions.BlameDataCollector.BlameCollector.EventsTestCaseStart, took 0 ms.
TpTrace Information: 0 : 11476, 8, 2022/12/04, 16:55:50.768, 3335805405055, datacollector.dll, DataCollectionTestCaseEventHandler: Test case 'ToDoList.Tests.UnitTests.HomeControllerTests.EditUserTaskConfirmStatusReturnsARedirectValidInput(id: 4, expetedRouteId: 1) - fe6d2a70-b9c6-8c0e-e6a5-9d00d0ad1c95' started.
TpTrace Information: 0 : 11476, 8, 2022/12/04, 16:55:50.769, 3335805416363, datacollector.dll, DataCollectionTestCaseEventHandler: Test case completing.
TpTrace Information: 0 : 11476, 8, 2022/12/04, 16:55:50.771, 3335805429308, datacollector.dll, BlameCollector.EventsTestCaseEnd: Test Case End
TpTrace Verbose: 0 : 11476, 8, 2022/12/04, 16:55:50.771, 3335805431348, datacollector.dll, MulticastDelegateUtilities.SafeInvoke: DataCollectionEvents.TestCaseEnd: Invoking callback 1/1 for Microsoft.TestPlatform.Extensions.BlameDataCollector.BlameCollector.EventsTestCaseEnd, took 0 ms.
TpTrace Information: 0 : 11476, 8, 2022/12/04, 16:55:50.771, 3335805434157, datacollector.dll, DataCollectionTestCaseEventHandler: Test case 'ToDoList.Tests.UnitTests.HomeControllerTests.EditUserTaskConfirmStatusReturnsARedirectValidInput(id: 4, expetedRouteId: 1) - fe6d2a70-b9c6-8c0e-e6a5-9d00d0ad1c95' completed
TpTrace Information: 0 : 11476, 8, 2022/12/04, 16:55:50.773, 3335805447334, datacollector.dll, DataCollectionTestCaseEventHandler: Test case starting.
TpTrace Information: 0 : 11476, 8, 2022/12/04, 16:55:50.774, 3335805459484, datacollector.dll, BlameCollector.EventsTestCaseStart: Test Case Start
TpTrace Verbose: 0 : 11476, 8, 2022/12/04, 16:55:50.774, 3335805462077, datacollector.dll, MulticastDelegateUtilities.SafeInvoke: DataCollectionEvents.TestCaseStart: Invoking callback 1/1 for Microsoft.TestPlatform.Extensions.BlameDataCollector.BlameCollector.EventsTestCaseStart, took 0 ms.
TpTrace Information: 0 : 11476, 8, 2022/12/04, 16:55:50.774, 3335805465267, datacollector.dll, DataCollectionTestCaseEventHandler: Test case 'ToDoList.Tests.UnitTests.HomeControllerTests.EditUserTaskConfirmStatusReturnsARedirectValidInput(id: 5, expetedRouteId: 3) - ba78b704-3199-c906-d3f0-f54f9c467ff3' started.
TpTrace Information: 0 : 11476, 8, 2022/12/04, 16:55:50.776, 3335805476727, datacollector.dll, DataCollectionTestCaseEventHandler: Test case completing.
TpTrace Information: 0 : 11476, 8, 2022/12/04, 16:55:50.777, 3335805488666, datacollector.dll, BlameCollector.EventsTestCaseEnd: Test Case End
TpTrace Verbose: 0 : 11476, 8, 2022/12/04, 16:55:50.777, 3335805491016, datacollector.dll, MulticastDelegateUtilities.SafeInvoke: DataCollectionEvents.TestCaseEnd: Invoking callback 1/1 for Microsoft.TestPlatform.Extensions.BlameDataCollector.BlameCollector.EventsTestCaseEnd, took 0 ms.
TpTrace Information: 0 : 11476, 8, 2022/12/04, 16:55:50.777, 3335805494072, datacollector.dll, DataCollectionTestCaseEventHandler: Test case 'ToDoList.Tests.UnitTests.HomeControllerTests.EditUserTaskConfirmStatusReturnsARedirectValidInput(id: 5, expetedRouteId: 3) - ba78b704-3199-c906-d3f0-f54f9c467ff3' completed
TpTrace Information: 0 : 11476, 8, 2022/12/04, 16:55:50.779, 3335805508186, datacollector.dll, DataCollectionTestCaseEventHandler: Test case starting.
TpTrace Information: 0 : 11476, 8, 2022/12/04, 16:55:50.780, 3335805525369, datacollector.dll, BlameCollector.EventsTestCaseStart: Test Case Start
TpTrace Verbose: 0 : 11476, 8, 2022/12/04, 16:55:50.781, 3335805529146, datacollector.dll, MulticastDelegateUtilities.SafeInvoke: DataCollectionEvents.TestCaseStart: Invoking callback 1/1 for Microsoft.TestPlatform.Extensions.BlameDataCollector.BlameCollector.EventsTestCaseStart, took 0 ms.
TpTrace Information: 0 : 11476, 8, 2022/12/04, 16:55:50.781, 3335805536082, datacollector.dll, DataCollectionTestCaseEventHandler: Test case 'ToDoList.Tests.UnitTests.HomeControllerTests.EditUserTaskConfirmStatusReturnsARedirectValidInput(id: 2, expetedRouteId: 2) - c785ab32-468c-0fe6-ea7a-4b00549a37f5' started.
TpTrace Information: 0 : 11476, 8, 2022/12/04, 16:55:50.783, 3335805550529, datacollector.dll, DataCollectionTestCaseEventHandler: Test case completing.
TpTrace Information: 0 : 11476, 8, 2022/12/04, 16:55:50.784, 3335805565141, datacollector.dll, BlameCollector.EventsTestCaseEnd: Test Case End
TpTrace Verbose: 0 : 11476, 8, 2022/12/04, 16:55:50.785, 3335805567438, datacollector.dll, MulticastDelegateUtilities.SafeInvoke: DataCollectionEvents.TestCaseEnd: Invoking callback 1/1 for Microsoft.TestPlatform.Extensions.BlameDataCollector.BlameCollector.EventsTestCaseEnd, took 0 ms.
TpTrace Information: 0 : 11476, 8, 2022/12/04, 16:55:50.785, 3335805570059, datacollector.dll, DataCollectionTestCaseEventHandler: Test case 'ToDoList.Tests.UnitTests.HomeControllerTests.EditUserTaskConfirmStatusReturnsARedirectValidInput(id: 2, expetedRouteId: 2) - c785ab32-468c-0fe6-ea7a-4b00549a37f5' completed
TpTrace Information: 0 : 11476, 8, 2022/12/04, 16:55:50.787, 3335805590761, datacollector.dll, DataCollectionTestCaseEventHandler: Test case starting.
TpTrace Information: 0 : 11476, 8, 2022/12/04, 16:55:50.788, 3335805605981, datacollector.dll, BlameCollector.EventsTestCaseStart: Test Case Start
TpTrace Verbose: 0 : 11476, 8, 2022/12/04, 16:55:50.789, 3335805608324, datacollector.dll, MulticastDelegateUtilities.SafeInvoke: DataCollectionEvents.TestCaseStart: Invoking callback 1/1 for Microsoft.TestPlatform.Extensions.BlameDataCollector.BlameCollector.EventsTestCaseStart, took 0 ms.
TpTrace Information: 0 : 11476, 8, 2022/12/04, 16:55:50.789, 3335805611480, datacollector.dll, DataCollectionTestCaseEventHandler: Test case 'ToDoList.Tests.UnitTests.HomeControllerTests.EditUserTaskConfirmStatusReturnsARedirectValidInput(id: 3, expetedRouteId: 1) - c6261fa0-fc87-ffe1-ea46-325d9a647720' started.
TpTrace Information: 0 : 11476, 8, 2022/12/04, 16:55:50.790, 3335805624402, datacollector.dll, DataCollectionTestCaseEventHandler: Test case completing.
TpTrace Information: 0 : 11476, 8, 2022/12/04, 16:55:50.792, 3335805637708, datacollector.dll, BlameCollector.EventsTestCaseEnd: Test Case End
TpTrace Verbose: 0 : 11476, 8, 2022/12/04, 16:55:50.792, 3335805639893, datacollector.dll, MulticastDelegateUtilities.SafeInvoke: DataCollectionEvents.TestCaseEnd: Invoking callback 1/1 for Microsoft.TestPlatform.Extensions.BlameDataCollector.BlameCollector.EventsTestCaseEnd, took 0 ms.
TpTrace Information: 0 : 11476, 8, 2022/12/04, 16:55:50.792, 3335805642611, datacollector.dll, DataCollectionTestCaseEventHandler: Test case 'ToDoList.Tests.UnitTests.HomeControllerTests.EditUserTaskConfirmStatusReturnsARedirectValidInput(id: 3, expetedRouteId: 1) - c6261fa0-fc87-ffe1-ea46-325d9a647720' completed
TpTrace Information: 0 : 11476, 8, 2022/12/04, 16:55:50.794, 3335805660380, datacollector.dll, DataCollectionTestCaseEventHandler: Test case starting.
TpTrace Information: 0 : 11476, 8, 2022/12/04, 16:55:50.795, 3335805675646, datacollector.dll, BlameCollector.EventsTestCaseStart: Test Case Start
TpTrace Verbose: 0 : 11476, 8, 2022/12/04, 16:55:50.796, 3335805678262, datacollector.dll, MulticastDelegateUtilities.SafeInvoke: DataCollectionEvents.TestCaseStart: Invoking callback 1/1 for Microsoft.TestPlatform.Extensions.BlameDataCollector.BlameCollector.EventsTestCaseStart, took 0 ms.
TpTrace Information: 0 : 11476, 8, 2022/12/04, 16:55:50.796, 3335805682904, datacollector.dll, DataCollectionTestCaseEventHandler: Test case 'ToDoList.Tests.UnitTests.HomeControllerTests.UpdateUserTaskStatusReturnsARedirectValidInput(id: 6, routeId: 3, expextedId: 6) - 99fd5da5-90fe-cdd4-63e1-eaa11a611526' started.
TpTrace Information: 0 : 11476, 8, 2022/12/04, 16:55:50.798, 3335805700943, datacollector.dll, DataCollectionTestCaseEventHandler: Test case completing.
TpTrace Information: 0 : 11476, 8, 2022/12/04, 16:55:50.800, 3335805717601, datacollector.dll, BlameCollector.EventsTestCaseEnd: Test Case End
TpTrace Verbose: 0 : 11476, 8, 2022/12/04, 16:55:50.800, 3335805720210, datacollector.dll, MulticastDelegateUtilities.SafeInvoke: DataCollectionEvents.TestCaseEnd: Invoking callback 1/1 for Microsoft.TestPlatform.Extensions.BlameDataCollector.BlameCollector.EventsTestCaseEnd, took 0 ms.
TpTrace Information: 0 : 11476, 8, 2022/12/04, 16:55:50.800, 3335805723243, datacollector.dll, DataCollectionTestCaseEventHandler: Test case 'ToDoList.Tests.UnitTests.HomeControllerTests.UpdateUserTaskStatusReturnsARedirectValidInput(id: 6, routeId: 3, expextedId: 6) - 99fd5da5-90fe-cdd4-63e1-eaa11a611526' completed
TpTrace Information: 0 : 11476, 8, 2022/12/04, 16:55:50.802, 3335805738403, datacollector.dll, DataCollectionTestCaseEventHandler: Test case starting.
TpTrace Information: 0 : 11476, 8, 2022/12/04, 16:55:50.803, 3335805754817, datacollector.dll, BlameCollector.EventsTestCaseStart: Test Case Start
TpTrace Verbose: 0 : 11476, 8, 2022/12/04, 16:55:50.804, 3335805757574, datacollector.dll, MulticastDelegateUtilities.SafeInvoke: DataCollectionEvents.TestCaseStart: Invoking callback 1/1 for Microsoft.TestPlatform.Extensions.BlameDataCollector.BlameCollector.EventsTestCaseStart, took 0 ms.
TpTrace Information: 0 : 11476, 8, 2022/12/04, 16:55:50.804, 3335805761395, datacollector.dll, DataCollectionTestCaseEventHandler: Test case 'ToDoList.Tests.UnitTests.HomeControllerTests.UpdateUserTaskStatusReturnsARedirectValidInput(id: 1, routeId: 1, expextedId: 1) - a5b34970-bf79-b107-8850-84e4ac2b3476' started.
TpTrace Information: 0 : 11476, 8, 2022/12/04, 16:55:50.805, 3335805772517, datacollector.dll, DataCollectionTestCaseEventHandler: Test case completing.
TpTrace Information: 0 : 11476, 8, 2022/12/04, 16:55:50.807, 3335805789827, datacollector.dll, BlameCollector.EventsTestCaseEnd: Test Case End
TpTrace Verbose: 0 : 11476, 8, 2022/12/04, 16:55:50.807, 3335805792510, datacollector.dll, MulticastDelegateUtilities.SafeInvoke: DataCollectionEvents.TestCaseEnd: Invoking callback 1/1 for Microsoft.TestPlatform.Extensions.BlameDataCollector.BlameCollector.EventsTestCaseEnd, took 0 ms.
TpTrace Information: 0 : 11476, 8, 2022/12/04, 16:55:50.807, 3335805795867, datacollector.dll, DataCollectionTestCaseEventHandler: Test case 'ToDoList.Tests.UnitTests.HomeControllerTests.UpdateUserTaskStatusReturnsARedirectValidInput(id: 1, routeId: 1, expextedId: 1) - a5b34970-bf79-b107-8850-84e4ac2b3476' completed
TpTrace Information: 0 : 11476, 8, 2022/12/04, 16:55:50.809, 3335805809436, datacollector.dll, DataCollectionTestCaseEventHandler: Test case starting.
TpTrace Information: 0 : 11476, 8, 2022/12/04, 16:55:50.810, 3335805825474, datacollector.dll, BlameCollector.EventsTestCaseStart: Test Case Start
TpTrace Verbose: 0 : 11476, 8, 2022/12/04, 16:55:50.811, 3335805828417, datacollector.dll, MulticastDelegateUtilities.SafeInvoke: DataCollectionEvents.TestCaseStart: Invoking callback 1/1 for Microsoft.TestPlatform.Extensions.BlameDataCollector.BlameCollector.EventsTestCaseStart, took 0 ms.
TpTrace Information: 0 : 11476, 8, 2022/12/04, 16:55:50.811, 3335805831575, datacollector.dll, DataCollectionTestCaseEventHandler: Test case 'ToDoList.Tests.UnitTests.HomeControllerTests.UpdateUserTaskStatusReturnsARedirectValidInput(id: 4, routeId: 1, expextedId: 4) - 314add40-a525-a657-5475-162c6f2b7f9b' started.
TpTrace Information: 0 : 11476, 8, 2022/12/04, 16:55:50.812, 3335805845560, datacollector.dll, DataCollectionTestCaseEventHandler: Test case completing.
TpTrace Information: 0 : 11476, 8, 2022/12/04, 16:55:50.814, 3335805861400, datacollector.dll, BlameCollector.EventsTestCaseEnd: Test Case End
TpTrace Verbose: 0 : 11476, 8, 2022/12/04, 16:55:50.814, 3335805864199, datacollector.dll, MulticastDelegateUtilities.SafeInvoke: DataCollectionEvents.TestCaseEnd: Invoking callback 1/1 for Microsoft.TestPlatform.Extensions.BlameDataCollector.BlameCollector.EventsTestCaseEnd, took 0 ms.
TpTrace Information: 0 : 11476, 8, 2022/12/04, 16:55:50.815, 3335805868209, datacollector.dll, DataCollectionTestCaseEventHandler: Test case 'ToDoList.Tests.UnitTests.HomeControllerTests.UpdateUserTaskStatusReturnsARedirectValidInput(id: 4, routeId: 1, expextedId: 4) - 314add40-a525-a657-5475-162c6f2b7f9b' completed
TpTrace Information: 0 : 11476, 8, 2022/12/04, 16:55:50.841, 3335806133136, datacollector.dll, DataCollectionTestCaseEventHandler: Test case starting.
TpTrace Information: 0 : 11476, 8, 2022/12/04, 16:55:50.843, 3335806148816, datacollector.dll, BlameCollector.EventsTestCaseStart: Test Case Start
TpTrace Verbose: 0 : 11476, 8, 2022/12/04, 16:55:50.843, 3335806151746, datacollector.dll, MulticastDelegateUtilities.SafeInvoke: DataCollectionEvents.TestCaseStart: Invoking callback 1/1 for Microsoft.TestPlatform.Extensions.BlameDataCollector.BlameCollector.EventsTestCaseStart, took 0 ms.
TpTrace Information: 0 : 11476, 8, 2022/12/04, 16:55:50.843, 3335806155049, datacollector.dll, DataCollectionTestCaseEventHandler: Test case 'ToDoList.Tests.UnitTests.HomeControllerTests.UpdateUserTaskStatusReturnsARedirectValidInput(id: 5, routeId: 2, expextedId: 5) - 0db2b318-973a-c978-9e88-e0935067b312' started.
TpTrace Information: 0 : 11476, 8, 2022/12/04, 16:55:50.845, 3335806168181, datacollector.dll, DataCollectionTestCaseEventHandler: Test case completing.
TpTrace Information: 0 : 11476, 8, 2022/12/04, 16:55:50.850, 3335806221008, datacollector.dll, BlameCollector.EventsTestCaseEnd: Test Case End
TpTrace Verbose: 0 : 11476, 8, 2022/12/04, 16:55:50.850, 3335806223981, datacollector.dll, MulticastDelegateUtilities.SafeInvoke: DataCollectionEvents.TestCaseEnd: Invoking callback 1/1 for Microsoft.TestPlatform.Extensions.BlameDataCollector.BlameCollector.EventsTestCaseEnd, took 0 ms.
TpTrace Information: 0 : 11476, 8, 2022/12/04, 16:55:50.851, 3335806227499, datacollector.dll, DataCollectionTestCaseEventHandler: Test case 'ToDoList.Tests.UnitTests.HomeControllerTests.UpdateUserTaskStatusReturnsARedirectValidInput(id: 5, routeId: 2, expextedId: 5) - 0db2b318-973a-c978-9e88-e0935067b312' completed
TpTrace Information: 0 : 11476, 8, 2022/12/04, 16:55:50.853, 3335806246746, datacollector.dll, DataCollectionTestCaseEventHandler: Test case starting.
TpTrace Information: 0 : 11476, 8, 2022/12/04, 16:55:50.854, 3335806262910, datacollector.dll, BlameCollector.EventsTestCaseStart: Test Case Start
TpTrace Verbose: 0 : 11476, 8, 2022/12/04, 16:55:50.854, 3335806265771, datacollector.dll, MulticastDelegateUtilities.SafeInvoke: DataCollectionEvents.TestCaseStart: Invoking callback 1/1 for Microsoft.TestPlatform.Extensions.BlameDataCollector.BlameCollector.EventsTestCaseStart, took 0 ms.
TpTrace Information: 0 : 11476, 8, 2022/12/04, 16:55:50.855, 3335806270178, datacollector.dll, DataCollectionTestCaseEventHandler: Test case 'ToDoList.Tests.UnitTests.HomeControllerTests.UpdateUserTaskStatusReturnsARedirectValidInput(id: 2, routeId: 2, expextedId: 2) - b6d36c80-7f6c-cf4c-3ed4-d7bf4f560d7e' started.
TpTrace Information: 0 : 11476, 8, 2022/12/04, 16:55:50.856, 3335806284873, datacollector.dll, DataCollectionTestCaseEventHandler: Test case completing.
TpTrace Information: 0 : 11476, 8, 2022/12/04, 16:55:50.859, 3335806306511, datacollector.dll, BlameCollector.EventsTestCaseEnd: Test Case End
TpTrace Verbose: 0 : 11476, 8, 2022/12/04, 16:55:50.859, 3335806309156, datacollector.dll, MulticastDelegateUtilities.SafeInvoke: DataCollectionEvents.TestCaseEnd: Invoking callback 1/1 for Microsoft.TestPlatform.Extensions.BlameDataCollector.BlameCollector.EventsTestCaseEnd, took 0 ms.
TpTrace Information: 0 : 11476, 8, 2022/12/04, 16:55:50.859, 3335806313048, datacollector.dll, DataCollectionTestCaseEventHandler: Test case 'ToDoList.Tests.UnitTests.HomeControllerTests.UpdateUserTaskStatusReturnsARedirectValidInput(id: 2, routeId: 2, expextedId: 2) - b6d36c80-7f6c-cf4c-3ed4-d7bf4f560d7e' completed
TpTrace Information: 0 : 11476, 8, 2022/12/04, 16:55:50.861, 3335806330339, datacollector.dll, DataCollectionTestCaseEventHandler: Test case starting.
TpTrace Information: 0 : 11476, 8, 2022/12/04, 16:55:50.862, 3335806342380, datacollector.dll, BlameCollector.EventsTestCaseStart: Test Case Start
TpTrace Verbose: 0 : 11476, 8, 2022/12/04, 16:55:50.862, 3335806344379, datacollector.dll, MulticastDelegateUtilities.SafeInvoke: DataCollectionEvents.TestCaseStart: Invoking callback 1/1 for Microsoft.TestPlatform.Extensions.BlameDataCollector.BlameCollector.EventsTestCaseStart, took 0 ms.
TpTrace Information: 0 : 11476, 8, 2022/12/04, 16:55:50.863, 3335806347156, datacollector.dll, DataCollectionTestCaseEventHandler: Test case 'ToDoList.Tests.UnitTests.HomeControllerTests.UpdateUserTaskStatusReturnsARedirectValidInput(id: 3, routeId: 3, expextedId: 3) - 45255c59-adc2-1cee-5259-8fdcd69ff905' started.
TpTrace Information: 0 : 11476, 8, 2022/12/04, 16:55:50.864, 3335806360713, datacollector.dll, DataCollectionTestCaseEventHandler: Test case completing.
TpTrace Information: 0 : 11476, 8, 2022/12/04, 16:55:50.866, 3335806377668, datacollector.dll, BlameCollector.EventsTestCaseEnd: Test Case End
TpTrace Verbose: 0 : 11476, 8, 2022/12/04, 16:55:50.866, 3335806380365, datacollector.dll, MulticastDelegateUtilities.SafeInvoke: DataCollectionEvents.TestCaseEnd: Invoking callback 1/1 for Microsoft.TestPlatform.Extensions.BlameDataCollector.BlameCollector.EventsTestCaseEnd, took 0 ms.
TpTrace Information: 0 : 11476, 8, 2022/12/04, 16:55:50.866, 3335806383813, datacollector.dll, DataCollectionTestCaseEventHandler: Test case 'ToDoList.Tests.UnitTests.HomeControllerTests.UpdateUserTaskStatusReturnsARedirectValidInput(id: 3, routeId: 3, expextedId: 3) - 45255c59-adc2-1cee-5259-8fdcd69ff905' completed
TpTrace Information: 0 : 11476, 8, 2022/12/04, 16:55:50.868, 3335806403290, datacollector.dll, DataCollectionTestCaseEventHandler: Test case starting.
TpTrace Information: 0 : 11476, 8, 2022/12/04, 16:55:50.870, 3335806418054, datacollector.dll, BlameCollector.EventsTestCaseStart: Test Case Start
TpTrace Verbose: 0 : 11476, 8, 2022/12/04, 16:55:50.870, 3335806420410, datacollector.dll, MulticastDelegateUtilities.SafeInvoke: DataCollectionEvents.TestCaseStart: Invoking callback 1/1 for Microsoft.TestPlatform.Extensions.BlameDataCollector.BlameCollector.EventsTestCaseStart, took 0 ms.
TpTrace Information: 0 : 11476, 8, 2022/12/04, 16:55:50.870, 3335806423279, datacollector.dll, DataCollectionTestCaseEventHandler: Test case 'ToDoList.Tests.UnitTests.HomeControllerTests.DeleteUserTaskReturnsARedirectInValidInput - db0cb7a4-ed82-05bf-efd9-bb5746edef5f' started.
TpTrace Information: 0 : 11476, 8, 2022/12/04, 16:55:50.871, 3335806436270, datacollector.dll, DataCollectionTestCaseEventHandler: Test case completing.
TpTrace Information: 0 : 11476, 8, 2022/12/04, 16:55:50.873, 3335806449366, datacollector.dll, BlameCollector.EventsTestCaseEnd: Test Case End
TpTrace Verbose: 0 : 11476, 8, 2022/12/04, 16:55:50.873, 3335806451386, datacollector.dll, MulticastDelegateUtilities.SafeInvoke: DataCollectionEvents.TestCaseEnd: Invoking callback 1/1 for Microsoft.TestPlatform.Extensions.BlameDataCollector.BlameCollector.EventsTestCaseEnd, took 0 ms.
TpTrace Information: 0 : 11476, 8, 2022/12/04, 16:55:50.873, 3335806453933, datacollector.dll, DataCollectionTestCaseEventHandler: Test case 'ToDoList.Tests.UnitTests.HomeControllerTests.DeleteUserTaskReturnsARedirectInValidInput - db0cb7a4-ed82-05bf-efd9-bb5746edef5f' completed
TpTrace Information: 0 : 11476, 8, 2022/12/04, 16:55:50.875, 3335806473795, datacollector.dll, DataCollectionTestCaseEventHandler: Test case starting.
TpTrace Information: 0 : 11476, 8, 2022/12/04, 16:55:50.877, 3335806489325, datacollector.dll, BlameCollector.EventsTestCaseStart: Test Case Start
TpTrace Verbose: 0 : 11476, 8, 2022/12/04, 16:55:50.877, 3335806491775, datacollector.dll, MulticastDelegateUtilities.SafeInvoke: DataCollectionEvents.TestCaseStart: Invoking callback 1/1 for Microsoft.TestPlatform.Extensions.BlameDataCollector.BlameCollector.EventsTestCaseStart, took 0 ms.
TpTrace Information: 0 : 11476, 8, 2022/12/04, 16:55:50.877, 3335806494650, datacollector.dll, DataCollectionTestCaseEventHandler: Test case 'ToDoList.Tests.UnitTests.HomeControllerTests.Index_Returns_ViewResult_And_Check_ViewModel - 98ab3811-28cd-dba8-77b9-2875c6a8239d' started.
TpTrace Information: 0 : 11476, 8, 2022/12/04, 16:55:50.878, 3335806505540, datacollector.dll, DataCollectionTestCaseEventHandler: Test case completing.
TpTrace Information: 0 : 11476, 8, 2022/12/04, 16:55:50.880, 3335806516843, datacollector.dll, BlameCollector.EventsTestCaseEnd: Test Case End
TpTrace Verbose: 0 : 11476, 8, 2022/12/04, 16:55:50.880, 3335806518504, datacollector.dll, MulticastDelegateUtilities.SafeInvoke: DataCollectionEvents.TestCaseEnd: Invoking callback 1/1 for Microsoft.TestPlatform.Extensions.BlameDataCollector.BlameCollector.EventsTestCaseEnd, took 0 ms.
TpTrace Information: 0 : 11476, 8, 2022/12/04, 16:55:50.880, 3335806520871, datacollector.dll, DataCollectionTestCaseEventHandler: Test case 'ToDoList.Tests.UnitTests.HomeControllerTests.Index_Returns_ViewResult_And_Check_ViewModel - 98ab3811-28cd-dba8-77b9-2875c6a8239d' completed
TpTrace Information: 0 : 11476, 8, 2022/12/04, 16:55:50.882, 3335806538282, datacollector.dll, DataCollectionTestCaseEventHandler: Test case starting.
TpTrace Information: 0 : 11476, 8, 2022/12/04, 16:55:50.883, 3335806553040, datacollector.dll, BlameCollector.EventsTestCaseStart: Test Case Start
TpTrace Verbose: 0 : 11476, 8, 2022/12/04, 16:55:50.883, 3335806555399, datacollector.dll, MulticastDelegateUtilities.SafeInvoke: DataCollectionEvents.TestCaseStart: Invoking callback 1/1 for Microsoft.TestPlatform.Extensions.BlameDataCollector.BlameCollector.EventsTestCaseStart, took 0 ms.
TpTrace Information: 0 : 11476, 8, 2022/12/04, 16:55:50.884, 3335806558034, datacollector.dll, DataCollectionTestCaseEventHandler: Test case 'ToDoList.Tests.UnitTests.HomeControllerTests.EditUserTaskStatusReturnsARedirectValidInput(id: 6, expextedRouteId: 3) - a22f94b1-88fa-5dda-befb-61c9f2e9937e' started.
TpTrace Information: 0 : 11476, 8, 2022/12/04, 16:55:50.885, 3335806571096, datacollector.dll, DataCollectionTestCaseEventHandler: Test case completing.
TpTrace Information: 0 : 11476, 8, 2022/12/04, 16:55:50.886, 3335806586065, datacollector.dll, BlameCollector.EventsTestCaseEnd: Test Case End
TpTrace Verbose: 0 : 11476, 8, 2022/12/04, 16:55:50.887, 3335806588357, datacollector.dll, MulticastDelegateUtilities.SafeInvoke: DataCollectionEvents.TestCaseEnd: Invoking callback 1/1 for Microsoft.TestPlatform.Extensions.BlameDataCollector.BlameCollector.EventsTestCaseEnd, took 0 ms.
TpTrace Information: 0 : 11476, 8, 2022/12/04, 16:55:50.887, 3335806591542, datacollector.dll, DataCollectionTestCaseEventHandler: Test case 'ToDoList.Tests.UnitTests.HomeControllerTests.EditUserTaskStatusReturnsARedirectValidInput(id: 6, expextedRouteId: 3) - a22f94b1-88fa-5dda-befb-61c9f2e9937e' completed
TpTrace Information: 0 : 11476, 8, 2022/12/04, 16:55:50.889, 3335806610012, datacollector.dll, DataCollectionTestCaseEventHandler: Test case starting.
TpTrace Information: 0 : 11476, 8, 2022/12/04, 16:55:50.891, 3335806628771, datacollector.dll, BlameCollector.EventsTestCaseStart: Test Case Start
TpTrace Verbose: 0 : 11476, 8, 2022/12/04, 16:55:50.891, 3335806631530, datacollector.dll, MulticastDelegateUtilities.SafeInvoke: DataCollectionEvents.TestCaseStart: Invoking callback 1/1 for Microsoft.TestPlatform.Extensions.BlameDataCollector.BlameCollector.EventsTestCaseStart, took 0 ms.
TpTrace Information: 0 : 11476, 8, 2022/12/04, 16:55:50.891, 3335806634929, datacollector.dll, DataCollectionTestCaseEventHandler: Test case 'ToDoList.Tests.UnitTests.HomeControllerTests.EditUserTaskStatusReturnsARedirectValidInput(id: 2, expextedRouteId: 2) - ce71e77b-4e44-56c4-d4aa-91c2487fd78f' started.
TpTrace Information: 0 : 11476, 8, 2022/12/04, 16:55:50.893, 3335806651678, datacollector.dll, DataCollectionTestCaseEventHandler: Test case completing.
TpTrace Information: 0 : 11476, 8, 2022/12/04, 16:55:50.895, 3335806671866, datacollector.dll, BlameCollector.EventsTestCaseEnd: Test Case End
TpTrace Verbose: 0 : 11476, 8, 2022/12/04, 16:55:50.895, 3335806674070, datacollector.dll, MulticastDelegateUtilities.SafeInvoke: DataCollectionEvents.TestCaseEnd: Invoking callback 1/1 for Microsoft.TestPlatform.Extensions.BlameDataCollector.BlameCollector.EventsTestCaseEnd, took 0 ms.
TpTrace Information: 0 : 11476, 8, 2022/12/04, 16:55:50.896, 3335806677582, datacollector.dll, DataCollectionTestCaseEventHandler: Test case 'ToDoList.Tests.UnitTests.HomeControllerTests.EditUserTaskStatusReturnsARedirectValidInput(id: 2, expextedRouteId: 2) - ce71e77b-4e44-56c4-d4aa-91c2487fd78f' completed
TpTrace Information: 0 : 11476, 8, 2022/12/04, 16:55:50.897, 3335806695306, datacollector.dll, DataCollectionTestCaseEventHandler: Test case starting.
TpTrace Information: 0 : 11476, 8, 2022/12/04, 16:55:50.899, 3335806710096, datacollector.dll, BlameCollector.EventsTestCaseStart: Test Case Start
TpTrace Verbose: 0 : 11476, 8, 2022/12/04, 16:55:50.899, 3335806713005, datacollector.dll, MulticastDelegateUtilities.SafeInvoke: DataCollectionEvents.TestCaseStart: Invoking callback 1/1 for Microsoft.TestPlatform.Extensions.BlameDataCollector.BlameCollector.EventsTestCaseStart, took 0 ms.
TpTrace Information: 0 : 11476, 8, 2022/12/04, 16:55:50.900, 3335806716443, datacollector.dll, DataCollectionTestCaseEventHandler: Test case 'ToDoList.Tests.UnitTests.HomeControllerTests.EditUserTaskStatusReturnsARedirectValidInput(id: 1, expextedRouteId: 2) - ef23f1c8-3631-2f73-28ea-db5c8d19a000' started.
TpTrace Information: 0 : 11476, 8, 2022/12/04, 16:55:50.901, 3335806731053, datacollector.dll, DataCollectionTestCaseEventHandler: Test case completing.
TpTrace Information: 0 : 11476, 8, 2022/12/04, 16:55:50.902, 3335806744359, datacollector.dll, BlameCollector.EventsTestCaseEnd: Test Case End
TpTrace Verbose: 0 : 11476, 8, 2022/12/04, 16:55:50.903, 3335806746766, datacollector.dll, MulticastDelegateUtilities.SafeInvoke: DataCollectionEvents.TestCaseEnd: Invoking callback 1/1 for Microsoft.TestPlatform.Extensions.BlameDataCollector.BlameCollector.EventsTestCaseEnd, took 0 ms.
TpTrace Information: 0 : 11476, 8, 2022/12/04, 16:55:50.903, 3335806749863, datacollector.dll, DataCollectionTestCaseEventHandler: Test case 'ToDoList.Tests.UnitTests.HomeControllerTests.EditUserTaskStatusReturnsARedirectValidInput(id: 1, expextedRouteId: 2) - ef23f1c8-3631-2f73-28ea-db5c8d19a000' completed
TpTrace Information: 0 : 11476, 8, 2022/12/04, 16:55:50.904, 3335806765421, datacollector.dll, DataCollectionTestCaseEventHandler: Test case starting.
TpTrace Information: 0 : 11476, 8, 2022/12/04, 16:55:50.906, 3335806779030, datacollector.dll, BlameCollector.EventsTestCaseStart: Test Case Start
TpTrace Verbose: 0 : 11476, 8, 2022/12/04, 16:55:50.906, 3335806781684, datacollector.dll, MulticastDelegateUtilities.SafeInvoke: DataCollectionEvents.TestCaseStart: Invoking callback 1/1 for Microsoft.TestPlatform.Extensions.BlameDataCollector.BlameCollector.EventsTestCaseStart, took 0 ms.
TpTrace Information: 0 : 11476, 8, 2022/12/04, 16:55:50.906, 3335806784352, datacollector.dll, DataCollectionTestCaseEventHandler: Test case 'ToDoList.Tests.UnitTests.HomeControllerTests.EditUserTaskStatusReturnsARedirectValidInput(id: 4, expextedRouteId: 1) - e9b50d19-ed8e-fc16-ec5a-680942e96f91' started.
TpTrace Information: 0 : 11476, 8, 2022/12/04, 16:55:50.908, 3335806796757, datacollector.dll, DataCollectionTestCaseEventHandler: Test case completing.
TpTrace Information: 0 : 11476, 8, 2022/12/04, 16:55:50.909, 3335806807314, datacollector.dll, BlameCollector.EventsTestCaseEnd: Test Case End
TpTrace Verbose: 0 : 11476, 8, 2022/12/04, 16:55:50.909, 3335806809187, datacollector.dll, MulticastDelegateUtilities.SafeInvoke: DataCollectionEvents.TestCaseEnd: Invoking callback 1/1 for Microsoft.TestPlatform.Extensions.BlameDataCollector.BlameCollector.EventsTestCaseEnd, took 0 ms.
TpTrace Information: 0 : 11476, 8, 2022/12/04, 16:55:50.909, 3335806811849, datacollector.dll, DataCollectionTestCaseEventHandler: Test case 'ToDoList.Tests.UnitTests.HomeControllerTests.EditUserTaskStatusReturnsARedirectValidInput(id: 4, expextedRouteId: 1) - e9b50d19-ed8e-fc16-ec5a-680942e96f91' completed
TpTrace Information: 0 : 11476, 8, 2022/12/04, 16:55:50.914, 3335806859088, datacollector.dll, DataCollectionTestCaseEventHandler: Test case starting.
TpTrace Information: 0 : 11476, 8, 2022/12/04, 16:55:50.915, 3335806871953, datacollector.dll, BlameCollector.EventsTestCaseStart: Test Case Start
TpTrace Verbose: 0 : 11476, 8, 2022/12/04, 16:55:50.915, 3335806874475, datacollector.dll, MulticastDelegateUtilities.SafeInvoke: DataCollectionEvents.TestCaseStart: Invoking callback 1/1 for Microsoft.TestPlatform.Extensions.BlameDataCollector.BlameCollector.EventsTestCaseStart, took 0 ms.
TpTrace Information: 0 : 11476, 8, 2022/12/04, 16:55:50.916, 3335806877119, datacollector.dll, DataCollectionTestCaseEventHandler: Test case 'ToDoList.Tests.UnitTests.HomeControllerTests.EditUserTaskStatusReturnsARedirectValidInput(id: 3, expextedRouteId: 1) - 05a11e1b-5d61-aead-c206-40c093ae86e0' started.
TpTrace Information: 0 : 11476, 8, 2022/12/04, 16:55:50.917, 3335806892849, datacollector.dll, DataCollectionTestCaseEventHandler: Test case completing.
TpTrace Information: 0 : 11476, 8, 2022/12/04, 16:55:50.918, 3335806904648, datacollector.dll, BlameCollector.EventsTestCaseEnd: Test Case End
TpTrace Verbose: 0 : 11476, 8, 2022/12/04, 16:55:50.919, 3335806906496, datacollector.dll, MulticastDelegateUtilities.SafeInvoke: DataCollectionEvents.TestCaseEnd: Invoking callback 1/1 for Microsoft.TestPlatform.Extensions.BlameDataCollector.BlameCollector.EventsTestCaseEnd, took 0 ms.
TpTrace Information: 0 : 11476, 8, 2022/12/04, 16:55:50.919, 3335806909253, datacollector.dll, DataCollectionTestCaseEventHandler: Test case 'ToDoList.Tests.UnitTests.HomeControllerTests.EditUserTaskStatusReturnsARedirectValidInput(id: 3, expextedRouteId: 1) - 05a11e1b-5d61-aead-c206-40c093ae86e0' completed
TpTrace Information: 0 : 11476, 8, 2022/12/04, 16:55:50.921, 3335806929471, datacollector.dll, DataCollectionTestCaseEventHandler: Test case starting.
TpTrace Information: 0 : 11476, 8, 2022/12/04, 16:55:50.922, 3335806941964, datacollector.dll, BlameCollector.EventsTestCaseStart: Test Case Start
TpTrace Verbose: 0 : 11476, 8, 2022/12/04, 16:55:50.922, 3335806944009, datacollector.dll, MulticastDelegateUtilities.SafeInvoke: DataCollectionEvents.TestCaseStart: Invoking callback 1/1 for Microsoft.TestPlatform.Extensions.BlameDataCollector.BlameCollector.EventsTestCaseStart, took 0 ms.
TpTrace Information: 0 : 11476, 8, 2022/12/04, 16:55:50.922, 3335806946322, datacollector.dll, DataCollectionTestCaseEventHandler: Test case 'ToDoList.Tests.UnitTests.HomeControllerTests.EditUserTaskStatusReturnsARedirectValidInput(id: 5, expextedRouteId: 3) - 8a059cf6-53b7-c58d-82ab-d5fcf4a063c6' started.
TpTrace Information: 0 : 11476, 8, 2022/12/04, 16:55:50.924, 3335806957757, datacollector.dll, DataCollectionTestCaseEventHandler: Test case completing.
TpTrace Information: 0 : 11476, 8, 2022/12/04, 16:55:50.925, 3335806966843, datacollector.dll, BlameCollector.EventsTestCaseEnd: Test Case End
TpTrace Verbose: 0 : 11476, 8, 2022/12/04, 16:55:50.925, 3335806968148, datacollector.dll, MulticastDelegateUtilities.SafeInvoke: DataCollectionEvents.TestCaseEnd: Invoking callback 1/1 for Microsoft.TestPlatform.Extensions.BlameDataCollector.BlameCollector.EventsTestCaseEnd, took 0 ms.
TpTrace Information: 0 : 11476, 8, 2022/12/04, 16:55:50.925, 3335806970383, datacollector.dll, DataCollectionTestCaseEventHandler: Test case 'ToDoList.Tests.UnitTests.HomeControllerTests.EditUserTaskStatusReturnsARedirectValidInput(id: 5, expextedRouteId: 3) - 8a059cf6-53b7-c58d-82ab-d5fcf4a063c6' completed
TpTrace Information: 0 : 11476, 8, 2022/12/04, 16:55:50.926, 3335806983847, datacollector.dll, DataCollectionTestCaseEventHandler: Test case starting.
TpTrace Information: 0 : 11476, 8, 2022/12/04, 16:55:50.927, 3335806993165, datacollector.dll, BlameCollector.EventsTestCaseStart: Test Case Start
TpTrace Verbose: 0 : 11476, 8, 2022/12/04, 16:55:50.927, 3335806994617, datacollector.dll, MulticastDelegateUtilities.SafeInvoke: DataCollectionEvents.TestCaseStart: Invoking callback 1/1 for Microsoft.TestPlatform.Extensions.BlameDataCollector.BlameCollector.EventsTestCaseStart, took 0 ms.
TpTrace Information: 0 : 11476, 8, 2022/12/04, 16:55:50.928, 3335806996759, datacollector.dll, DataCollectionTestCaseEventHandler: Test case 'ToDoList.Tests.UnitTests.HomeControllerTests.UpdateUserTaskStatusReturnsARedirectInValidInput - d9c05771-4cdb-5c65-10cc-5a4adf755b7a' started.
TpTrace Information: 0 : 11476, 8, 2022/12/04, 16:55:50.929, 3335807008232, datacollector.dll, DataCollectionTestCaseEventHandler: Test case completing.
TpTrace Information: 0 : 11476, 8, 2022/12/04, 16:55:50.930, 3335807016864, datacollector.dll, BlameCollector.EventsTestCaseEnd: Test Case End
TpTrace Verbose: 0 : 11476, 8, 2022/12/04, 16:55:50.930, 3335807018119, datacollector.dll, MulticastDelegateUtilities.SafeInvoke: DataCollectionEvents.TestCaseEnd: Invoking callback 1/1 for Microsoft.TestPlatform.Extensions.BlameDataCollector.BlameCollector.EventsTestCaseEnd, took 0 ms.
TpTrace Information: 0 : 11476, 8, 2022/12/04, 16:55:50.930, 3335807020066, datacollector.dll, DataCollectionTestCaseEventHandler: Test case 'ToDoList.Tests.UnitTests.HomeControllerTests.UpdateUserTaskStatusReturnsARedirectInValidInput - d9c05771-4cdb-5c65-10cc-5a4adf755b7a' completed
TpTrace Information: 0 : 11476, 8, 2022/12/04, 16:55:50.931, 3335807034608, datacollector.dll, DataCollectionTestCaseEventHandler: Test case starting.
TpTrace Information: 0 : 11476, 8, 2022/12/04, 16:55:50.932, 3335807045652, datacollector.dll, BlameCollector.EventsTestCaseStart: Test Case Start
TpTrace Verbose: 0 : 11476, 8, 2022/12/04, 16:55:50.933, 3335807048031, datacollector.dll, MulticastDelegateUtilities.SafeInvoke: DataCollectionEvents.TestCaseStart: Invoking callback 1/1 for Microsoft.TestPlatform.Extensions.BlameDataCollector.BlameCollector.EventsTestCaseStart, took 0 ms.
TpTrace Information: 0 : 11476, 8, 2022/12/04, 16:55:50.933, 3335807050839, datacollector.dll, DataCollectionTestCaseEventHandler: Test case 'ToDoList.Tests.UnitTests.HomeControllerTests.TaskByCategory_Returns_View_And_Check_ViewModel_IncorrectId - 4f23a91f-bea7-4082-2492-c72f5ce0dd73' started.
TpTrace Information: 0 : 11476, 8, 2022/12/04, 16:55:50.934, 3335807061884, datacollector.dll, DataCollectionTestCaseEventHandler: Test case completing.
TpTrace Information: 0 : 11476, 8, 2022/12/04, 16:55:50.935, 3335807070860, datacollector.dll, BlameCollector.EventsTestCaseEnd: Test Case End
TpTrace Verbose: 0 : 11476, 8, 2022/12/04, 16:55:50.935, 3335807072397, datacollector.dll, MulticastDelegateUtilities.SafeInvoke: DataCollectionEvents.TestCaseEnd: Invoking callback 1/1 for Microsoft.TestPlatform.Extensions.BlameDataCollector.BlameCollector.EventsTestCaseEnd, took 0 ms.
TpTrace Information: 0 : 11476, 8, 2022/12/04, 16:55:50.935, 3335807074677, datacollector.dll, DataCollectionTestCaseEventHandler: Test case 'ToDoList.Tests.UnitTests.HomeControllerTests.TaskByCategory_Returns_View_And_Check_ViewModel_IncorrectId - 4f23a91f-bea7-4082-2492-c72f5ce0dd73' completed
TpTrace Information: 0 : 11476, 8, 2022/12/04, 16:55:50.937, 3335807089936, datacollector.dll, DataCollectionTestCaseEventHandler: Test case starting.
TpTrace Information: 0 : 11476, 8, 2022/12/04, 16:55:50.938, 3335807099731, datacollector.dll, BlameCollector.EventsTestCaseStart: Test Case Start
TpTrace Verbose: 0 : 11476, 8, 2022/12/04, 16:55:50.938, 3335807101473, datacollector.dll, MulticastDelegateUtilities.SafeInvoke: DataCollectionEvents.TestCaseStart: Invoking callback 1/1 for Microsoft.TestPlatform.Extensions.BlameDataCollector.BlameCollector.EventsTestCaseStart, took 0 ms.
TpTrace Information: 0 : 11476, 8, 2022/12/04, 16:55:50.938, 3335807103567, datacollector.dll, DataCollectionTestCaseEventHandler: Test case 'ToDoList.Tests.UnitTests.HomeControllerTests.TaskByCategory_Returns_View_And_Check_ViewModel(id: 2) - c8a672df-2fe5-0665-0c6b-5c64e4befe7e' started.
TpTrace Information: 0 : 11476, 8, 2022/12/04, 16:55:50.939, 3335807115981, datacollector.dll, DataCollectionTestCaseEventHandler: Test case completing.
TpTrace Information: 0 : 11476, 8, 2022/12/04, 16:55:50.941, 3335807127483, datacollector.dll, BlameCollector.EventsTestCaseEnd: Test Case End
TpTrace Verbose: 0 : 11476, 8, 2022/12/04, 16:55:50.941, 3335807129555, datacollector.dll, MulticastDelegateUtilities.SafeInvoke: DataCollectionEvents.TestCaseEnd: Invoking callback 1/1 for Microsoft.TestPlatform.Extensions.BlameDataCollector.BlameCollector.EventsTestCaseEnd, took 0 ms.
TpTrace Information: 0 : 11476, 8, 2022/12/04, 16:55:50.941, 3335807131913, datacollector.dll, DataCollectionTestCaseEventHandler: Test case 'ToDoList.Tests.UnitTests.HomeControllerTests.TaskByCategory_Returns_View_And_Check_ViewModel(id: 2) - c8a672df-2fe5-0665-0c6b-5c64e4befe7e' completed
TpTrace Information: 0 : 11476, 8, 2022/12/04, 16:55:50.942, 3335807144682, datacollector.dll, DataCollectionTestCaseEventHandler: Test case starting.
TpTrace Information: 0 : 11476, 8, 2022/12/04, 16:55:50.944, 3335807156701, datacollector.dll, BlameCollector.EventsTestCaseStart: Test Case Start
TpTrace Verbose: 0 : 11476, 8, 2022/12/04, 16:55:50.944, 3335807159141, datacollector.dll, MulticastDelegateUtilities.SafeInvoke: DataCollectionEvents.TestCaseStart: Invoking callback 1/1 for Microsoft.TestPlatform.Extensions.BlameDataCollector.BlameCollector.EventsTestCaseStart, took 0 ms.
TpTrace Information: 0 : 11476, 8, 2022/12/04, 16:55:50.944, 3335807162069, datacollector.dll, DataCollectionTestCaseEventHandler: Test case 'ToDoList.Tests.UnitTests.HomeControllerTests.TaskByCategory_Returns_View_And_Check_ViewModel(id: 3) - 14a88ffc-1072-83cc-0b3a-f3ac2a5fb385' started.
TpTrace Information: 0 : 11476, 8, 2022/12/04, 16:55:50.946, 3335807176856, datacollector.dll, DataCollectionTestCaseEventHandler: Test case completing.
TpTrace Information: 0 : 11476, 8, 2022/12/04, 16:55:50.947, 3335807190945, datacollector.dll, BlameCollector.EventsTestCaseEnd: Test Case End
TpTrace Verbose: 0 : 11476, 8, 2022/12/04, 16:55:50.947, 3335807193463, datacollector.dll, MulticastDelegateUtilities.SafeInvoke: DataCollectionEvents.TestCaseEnd: Invoking callback 1/1 for Microsoft.TestPlatform.Extensions.BlameDataCollector.BlameCollector.EventsTestCaseEnd, took 0 ms.
TpTrace Information: 0 : 11476, 8, 2022/12/04, 16:55:50.948, 3335807196605, datacollector.dll, DataCollectionTestCaseEventHandler: Test case 'ToDoList.Tests.UnitTests.HomeControllerTests.TaskByCategory_Returns_View_And_Check_ViewModel(id: 3) - 14a88ffc-1072-83cc-0b3a-f3ac2a5fb385' completed
TpTrace Information: 0 : 11476, 8, 2022/12/04, 16:55:50.949, 3335807216129, datacollector.dll, DataCollectionTestCaseEventHandler: Test case starting.
TpTrace Information: 0 : 11476, 8, 2022/12/04, 16:55:50.951, 3335807229424, datacollector.dll, BlameCollector.EventsTestCaseStart: Test Case Start
TpTrace Verbose: 0 : 11476, 8, 2022/12/04, 16:55:50.951, 3335807231947, datacollector.dll, MulticastDelegateUtilities.SafeInvoke: DataCollectionEvents.TestCaseStart: Invoking callback 1/1 for Microsoft.TestPlatform.Extensions.BlameDataCollector.BlameCollector.EventsTestCaseStart, took 0 ms.
TpTrace Information: 0 : 11476, 8, 2022/12/04, 16:55:50.951, 3335807234678, datacollector.dll, DataCollectionTestCaseEventHandler: Test case 'ToDoList.Tests.UnitTests.HomeControllerTests.TaskByCategory_Returns_View_And_Check_ViewModel(id: 1) - 31236be0-7cc9-f75d-bc0a-09b15a1965bf' started.
TpTrace Information: 0 : 11476, 8, 2022/12/04, 16:55:50.953, 3335807248290, datacollector.dll, DataCollectionTestCaseEventHandler: Test case completing.
TpTrace Information: 0 : 11476, 8, 2022/12/04, 16:55:50.954, 3335807259713, datacollector.dll, BlameCollector.EventsTestCaseEnd: Test Case End
TpTrace Verbose: 0 : 11476, 8, 2022/12/04, 16:55:50.954, 3335807261912, datacollector.dll, MulticastDelegateUtilities.SafeInvoke: DataCollectionEvents.TestCaseEnd: Invoking callback 1/1 for Microsoft.TestPlatform.Extensions.BlameDataCollector.BlameCollector.EventsTestCaseEnd, took 0 ms.
TpTrace Information: 0 : 11476, 8, 2022/12/04, 16:55:50.954, 3335807265621, datacollector.dll, DataCollectionTestCaseEventHandler: Test case 'ToDoList.Tests.UnitTests.HomeControllerTests.TaskByCategory_Returns_View_And_Check_ViewModel(id: 1) - 31236be0-7cc9-f75d-bc0a-09b15a1965bf' completed
TpTrace Information: 0 : 11476, 8, 2022/12/04, 16:55:50.967, 3335807386513, datacollector.dll, DataCollectionTestCaseEventHandler: Test case starting.
TpTrace Information: 0 : 11476, 8, 2022/12/04, 16:55:50.968, 3335807398885, datacollector.dll, BlameCollector.EventsTestCaseStart: Test Case Start
TpTrace Verbose: 0 : 11476, 8, 2022/12/04, 16:55:50.968, 3335807401059, datacollector.dll, MulticastDelegateUtilities.SafeInvoke: DataCollectionEvents.TestCaseStart: Invoking callback 1/1 for Microsoft.TestPlatform.Extensions.BlameDataCollector.BlameCollector.EventsTestCaseStart, took 0 ms.
TpTrace Information: 0 : 11476, 8, 2022/12/04, 16:55:50.968, 3335807403861, datacollector.dll, DataCollectionTestCaseEventHandler: Test case 'ToDoList.Tests.UnitTests.HomeControllerTests.TaskByCategory_Returns_View_And_Check_ViewModel_IncorrectId_Zero - d327e35f-73a7-ad71-a5e2-f0dc59f2f504' started.
TpTrace Information: 0 : 11476, 8, 2022/12/04, 16:55:50.970, 3335807418909, datacollector.dll, DataCollectionTestCaseEventHandler: Test case completing.
TpTrace Information: 0 : 11476, 8, 2022/12/04, 16:55:50.971, 3335807429693, datacollector.dll, BlameCollector.EventsTestCaseEnd: Test Case End
TpTrace Verbose: 0 : 11476, 8, 2022/12/04, 16:55:50.971, 3335807431570, datacollector.dll, MulticastDelegateUtilities.SafeInvoke: DataCollectionEvents.TestCaseEnd: Invoking callback 1/1 for Microsoft.TestPlatform.Extensions.BlameDataCollector.BlameCollector.EventsTestCaseEnd, took 0 ms.
TpTrace Information: 0 : 11476, 8, 2022/12/04, 16:55:50.971, 3335807433970, datacollector.dll, DataCollectionTestCaseEventHandler: Test case 'ToDoList.Tests.UnitTests.HomeControllerTests.TaskByCategory_Returns_View_And_Check_ViewModel_IncorrectId_Zero - d327e35f-73a7-ad71-a5e2-f0dc59f2f504' completed
TpTrace Information: 0 : 11476, 8, 2022/12/04, 16:55:50.973, 3335807449437, datacollector.dll, DataCollectionTestCaseEventHandler: Test case starting.
TpTrace Information: 0 : 11476, 8, 2022/12/04, 16:55:50.974, 3335807460901, datacollector.dll, BlameCollector.EventsTestCaseStart: Test Case Start
TpTrace Verbose: 0 : 11476, 8, 2022/12/04, 16:55:50.974, 3335807463019, datacollector.dll, MulticastDelegateUtilities.SafeInvoke: DataCollectionEvents.TestCaseStart: Invoking callback 1/1 for Microsoft.TestPlatform.Extensions.BlameDataCollector.BlameCollector.EventsTestCaseStart, took 0 ms.
TpTrace Information: 0 : 11476, 8, 2022/12/04, 16:55:50.974, 3335807465791, datacollector.dll, DataCollectionTestCaseEventHandler: Test case 'ToDoList.Tests.UnitTests.HomeControllerTests.Privacy_Returns_ViewResultl - a2285589-9f49-f074-2cbf-10a694af8379' started.
TpTrace Information: 0 : 11476, 8, 2022/12/04, 16:55:50.976, 3335807478455, datacollector.dll, DataCollectionTestCaseEventHandler: Test case completing.
TpTrace Information: 0 : 11476, 8, 2022/12/04, 16:55:50.977, 3335807491209, datacollector.dll, BlameCollector.EventsTestCaseEnd: Test Case End
TpTrace Verbose: 0 : 11476, 8, 2022/12/04, 16:55:50.977, 3335807493818, datacollector.dll, MulticastDelegateUtilities.SafeInvoke: DataCollectionEvents.TestCaseEnd: Invoking callback 1/1 for Microsoft.TestPlatform.Extensions.BlameDataCollector.BlameCollector.EventsTestCaseEnd, took 0 ms.
TpTrace Information: 0 : 11476, 8, 2022/12/04, 16:55:50.978, 3335807497029, datacollector.dll, DataCollectionTestCaseEventHandler: Test case 'ToDoList.Tests.UnitTests.HomeControllerTests.Privacy_Returns_ViewResultl - a2285589-9f49-f074-2cbf-10a694af8379' completed
TpTrace Information: 0 : 11476, 8, 2022/12/04, 16:55:50.983, 3335807547494, datacollector.dll, DataCollectionTestCaseEventHandler: Test case starting.
TpTrace Information: 0 : 11476, 8, 2022/12/04, 16:55:50.984, 3335807560513, datacollector.dll, BlameCollector.EventsTestCaseStart: Test Case Start
TpTrace Verbose: 0 : 11476, 8, 2022/12/04, 16:55:50.984, 3335807565013, datacollector.dll, MulticastDelegateUtilities.SafeInvoke: DataCollectionEvents.TestCaseStart: Invoking callback 1/1 for Microsoft.TestPlatform.Extensions.BlameDataCollector.BlameCollector.EventsTestCaseStart, took 0 ms.
TpTrace Information: 0 : 11476, 8, 2022/12/04, 16:55:50.985, 3335807571971, datacollector.dll, DataCollectionTestCaseEventHandler: Test case 'ToDoList.Tests.UnitTests.HomeControllerTests.EditUserTaskStatusReturnsARedirectInputNullId - aae73922-a02e-8742-de23-34452e6f3cb8' started.
TpTrace Information: 0 : 11476, 8, 2022/12/04, 16:55:50.987, 3335807586892, datacollector.dll, DataCollectionTestCaseEventHandler: Test case completing.
TpTrace Information: 0 : 11476, 8, 2022/12/04, 16:55:50.988, 3335807599476, datacollector.dll, BlameCollector.EventsTestCaseEnd: Test Case End
TpTrace Verbose: 0 : 11476, 8, 2022/12/04, 16:55:50.988, 3335807601567, datacollector.dll, MulticastDelegateUtilities.SafeInvoke: DataCollectionEvents.TestCaseEnd: Invoking callback 1/1 for Microsoft.TestPlatform.Extensions.BlameDataCollector.BlameCollector.EventsTestCaseEnd, took 0 ms.
TpTrace Information: 0 : 11476, 8, 2022/12/04, 16:55:50.988, 3335807604656, datacollector.dll, DataCollectionTestCaseEventHandler: Test case 'ToDoList.Tests.UnitTests.HomeControllerTests.EditUserTaskStatusReturnsARedirectInputNullId - aae73922-a02e-8742-de23-34452e6f3cb8' completed
TpTrace Information: 0 : 11476, 8, 2022/12/04, 16:55:50.990, 3335807620432, datacollector.dll, DataCollectionTestCaseEventHandler: Test case starting.
TpTrace Information: 0 : 11476, 8, 2022/12/04, 16:55:50.991, 3335807630256, datacollector.dll, BlameCollector.EventsTestCaseStart: Test Case Start
TpTrace Verbose: 0 : 11476, 8, 2022/12/04, 16:55:50.991, 3335807632151, datacollector.dll, MulticastDelegateUtilities.SafeInvoke: DataCollectionEvents.TestCaseStart: Invoking callback 1/1 for Microsoft.TestPlatform.Extensions.BlameDataCollector.BlameCollector.EventsTestCaseStart, took 0 ms.
TpTrace Information: 0 : 11476, 8, 2022/12/04, 16:55:50.991, 3335807634305, datacollector.dll, DataCollectionTestCaseEventHandler: Test case 'ToDoList.Tests.UnitTests.HomeControllerTests.DeleteUserTaskReturnsARedirectValidInput - 21657e3d-b3de-ec53-a9d3-08a8794dda9c' started.
TpTrace Information: 0 : 11476, 8, 2022/12/04, 16:55:50.992, 3335807645245, datacollector.dll, DataCollectionTestCaseEventHandler: Test case completing.
TpTrace Information: 0 : 11476, 8, 2022/12/04, 16:55:50.993, 3335807654470, datacollector.dll, BlameCollector.EventsTestCaseEnd: Test Case End
TpTrace Verbose: 0 : 11476, 8, 2022/12/04, 16:55:50.993, 3335807656351, datacollector.dll, MulticastDelegateUtilities.SafeInvoke: DataCollectionEvents.TestCaseEnd: Invoking callback 1/1 for Microsoft.TestPlatform.Extensions.BlameDataCollector.BlameCollector.EventsTestCaseEnd, took 0 ms.
TpTrace Information: 0 : 11476, 8, 2022/12/04, 16:55:50.994, 3335807658688, datacollector.dll, DataCollectionTestCaseEventHandler: Test case 'ToDoList.Tests.UnitTests.HomeControllerTests.DeleteUserTaskReturnsARedirectValidInput - 21657e3d-b3de-ec53-a9d3-08a8794dda9c' completed
TpTrace Information: 0 : 11476, 8, 2022/12/04, 16:55:50.995, 3335807671080, datacollector.dll, DataCollectionTestCaseEventHandler: Test case starting.
TpTrace Information: 0 : 11476, 8, 2022/12/04, 16:55:50.996, 3335807679483, datacollector.dll, BlameCollector.EventsTestCaseStart: Test Case Start
TpTrace Verbose: 0 : 11476, 8, 2022/12/04, 16:55:50.996, 3335807680750, datacollector.dll, MulticastDelegateUtilities.SafeInvoke: DataCollectionEvents.TestCaseStart: Invoking callback 1/1 for Microsoft.TestPlatform.Extensions.BlameDataCollector.BlameCollector.EventsTestCaseStart, took 0 ms.
TpTrace Information: 0 : 11476, 8, 2022/12/04, 16:55:50.996, 3335807682724, datacollector.dll, DataCollectionTestCaseEventHandler: Test case 'ToDoList.Tests.UnitTests.HomeControllerTests.Index_Check_UserTasks - 38202516-3c18-2699-4131-7753fb3ba50f' started.
TpTrace Information: 0 : 11476, 8, 2022/12/04, 16:55:50.997, 3335807693083, datacollector.dll, DataCollectionTestCaseEventHandler: Test case completing.
TpTrace Information: 0 : 11476, 8, 2022/12/04, 16:55:50.998, 3335807705932, datacollector.dll, BlameCollector.EventsTestCaseEnd: Test Case End
TpTrace Verbose: 0 : 11476, 8, 2022/12/04, 16:55:50.999, 3335807709145, datacollector.dll, MulticastDelegateUtilities.SafeInvoke: DataCollectionEvents.TestCaseEnd: Invoking callback 1/1 for Microsoft.TestPlatform.Extensions.BlameDataCollector.BlameCollector.EventsTestCaseEnd, took 0 ms.
TpTrace Information: 0 : 11476, 8, 2022/12/04, 16:55:50.999, 3335807712020, datacollector.dll, DataCollectionTestCaseEventHandler: Test case 'ToDoList.Tests.UnitTests.HomeControllerTests.Index_Check_UserTasks - 38202516-3c18-2699-4131-7753fb3ba50f' completed
TpTrace Information: 0 : 11476, 8, 2022/12/04, 16:55:51.001, 3335807729315, datacollector.dll, DataCollectionTestCaseEventHandler: Test case starting.
TpTrace Information: 0 : 11476, 8, 2022/12/04, 16:55:51.002, 3335807739314, datacollector.dll, BlameCollector.EventsTestCaseStart: Test Case Start
TpTrace Verbose: 0 : 11476, 8, 2022/12/04, 16:55:51.002, 3335807741361, datacollector.dll, MulticastDelegateUtilities.SafeInvoke: DataCollectionEvents.TestCaseStart: Invoking callback 1/1 for Microsoft.TestPlatform.Extensions.BlameDataCollector.BlameCollector.EventsTestCaseStart, took 0 ms.
TpTrace Information: 0 : 11476, 8, 2022/12/04, 16:55:51.002, 3335807743634, datacollector.dll, DataCollectionTestCaseEventHandler: Test case 'ToDoList.Tests.UnitTests.HomeControllerTests.EditUserTaskConfirmStatusReturnsABadRequest - 04cf3615-a8a8-e653-f114-5826d26f5cb8' started.
TpTrace Information: 0 : 11476, 8, 2022/12/04, 16:55:51.003, 3335807753508, datacollector.dll, DataCollectionTestCaseEventHandler: Test case completing.
TpTrace Information: 0 : 11476, 8, 2022/12/04, 16:55:51.004, 3335807762276, datacollector.dll, BlameCollector.EventsTestCaseEnd: Test Case End
TpTrace Verbose: 0 : 11476, 8, 2022/12/04, 16:55:51.004, 3335807763760, datacollector.dll, MulticastDelegateUtilities.SafeInvoke: DataCollectionEvents.TestCaseEnd: Invoking callback 1/1 for Microsoft.TestPlatform.Extensions.BlameDataCollector.BlameCollector.EventsTestCaseEnd, took 0 ms.
TpTrace Information: 0 : 11476, 8, 2022/12/04, 16:55:51.005, 3335807767463, datacollector.dll, DataCollectionTestCaseEventHandler: Test case 'ToDoList.Tests.UnitTests.HomeControllerTests.EditUserTaskConfirmStatusReturnsABadRequest - 04cf3615-a8a8-e653-f114-5826d26f5cb8' completed
TpTrace Information: 0 : 11476, 8, 2022/12/04, 16:55:51.006, 3335807778385, datacollector.dll, DataCollectionTestCaseEventHandler: Test case starting.
TpTrace Information: 0 : 11476, 8, 2022/12/04, 16:55:51.007, 3335807787019, datacollector.dll, BlameCollector.EventsTestCaseStart: Test Case Start
TpTrace Verbose: 0 : 11476, 8, 2022/12/04, 16:55:51.007, 3335807788143, datacollector.dll, MulticastDelegateUtilities.SafeInvoke: DataCollectionEvents.TestCaseStart: Invoking callback 1/1 for Microsoft.TestPlatform.Extensions.BlameDataCollector.BlameCollector.EventsTestCaseStart, took 0 ms.
TpTrace Information: 0 : 11476, 8, 2022/12/04, 16:55:51.007, 3335807789915, datacollector.dll, DataCollectionTestCaseEventHandler: Test case 'ToDoList.Tests.UnitTests.HomeControllerTests.AddUserTaskReturnsARedirectAndAddsUserInValidInput - 5fddcec7-f9d5-9a0e-daa2-877efb5f84e7' started.
TpTrace Information: 0 : 11476, 8, 2022/12/04, 16:55:51.008, 3335807798730, datacollector.dll, DataCollectionTestCaseEventHandler: Test case completing.
TpTrace Information: 0 : 11476, 8, 2022/12/04, 16:55:51.009, 3335807806779, datacollector.dll, BlameCollector.EventsTestCaseEnd: Test Case End
TpTrace Verbose: 0 : 11476, 8, 2022/12/04, 16:55:51.009, 3335807807890, datacollector.dll, MulticastDelegateUtilities.SafeInvoke: DataCollectionEvents.TestCaseEnd: Invoking callback 1/1 for Microsoft.TestPlatform.Extensions.BlameDataCollector.BlameCollector.EventsTestCaseEnd, took 0 ms.
TpTrace Information: 0 : 11476, 8, 2022/12/04, 16:55:51.009, 3335807809967, datacollector.dll, DataCollectionTestCaseEventHandler: Test case 'ToDoList.Tests.UnitTests.HomeControllerTests.AddUserTaskReturnsARedirectAndAddsUserInValidInput - 5fddcec7-f9d5-9a0e-daa2-877efb5f84e7' completed
TpTrace Information: 0 : 11476, 8, 2022/12/04, 16:55:51.010, 3335807820895, datacollector.dll, DataCollectionTestCaseEventHandler: Test case starting.
TpTrace Information: 0 : 11476, 8, 2022/12/04, 16:55:51.011, 3335807828878, datacollector.dll, BlameCollector.EventsTestCaseStart: Test Case Start
TpTrace Verbose: 0 : 11476, 8, 2022/12/04, 16:55:51.011, 3335807830067, datacollector.dll, MulticastDelegateUtilities.SafeInvoke: DataCollectionEvents.TestCaseStart: Invoking callback 1/1 for Microsoft.TestPlatform.Extensions.BlameDataCollector.BlameCollector.EventsTestCaseStart, took 0 ms.
TpTrace Information: 0 : 11476, 8, 2022/12/04, 16:55:51.011, 3335807831848, datacollector.dll, DataCollectionTestCaseEventHandler: Test case 'ToDoList.Tests.UnitTests.HomeControllerTests.UpdateUserTaskStatusReturnsARedirectInputNull - 0dc4d3a8-c619-e3a5-dbc9-ae5a53c9edc4' started.
TpTrace Information: 0 : 11476, 8, 2022/12/04, 16:55:51.012, 3335807840833, datacollector.dll, DataCollectionTestCaseEventHandler: Test case completing.
TpTrace Information: 0 : 11476, 8, 2022/12/04, 16:55:51.013, 3335807848346, datacollector.dll, BlameCollector.EventsTestCaseEnd: Test Case End
TpTrace Verbose: 0 : 11476, 8, 2022/12/04, 16:55:51.013, 3335807849456, datacollector.dll, MulticastDelegateUtilities.SafeInvoke: DataCollectionEvents.TestCaseEnd: Invoking callback 1/1 for Microsoft.TestPlatform.Extensions.BlameDataCollector.BlameCollector.EventsTestCaseEnd, took 0 ms.
TpTrace Information: 0 : 11476, 8, 2022/12/04, 16:55:51.013, 3335807851270, datacollector.dll, DataCollectionTestCaseEventHandler: Test case 'ToDoList.Tests.UnitTests.HomeControllerTests.UpdateUserTaskStatusReturnsARedirectInputNull - 0dc4d3a8-c619-e3a5-dbc9-ae5a53c9edc4' completed
TpTrace Information: 0 : 11476, 8, 2022/12/04, 16:55:51.014, 3335807862128, datacollector.dll, DataCollectionTestCaseEventHandler: Test case starting.
TpTrace Information: 0 : 11476, 8, 2022/12/04, 16:55:51.015, 3335807873085, datacollector.dll, BlameCollector.EventsTestCaseStart: Test Case Start
TpTrace Verbose: 0 : 11476, 8, 2022/12/04, 16:55:51.015, 3335807875271, datacollector.dll, MulticastDelegateUtilities.SafeInvoke: DataCollectionEvents.TestCaseStart: Invoking callback 1/1 for Microsoft.TestPlatform.Extensions.BlameDataCollector.BlameCollector.EventsTestCaseStart, took 0 ms.
TpTrace Information: 0 : 11476, 8, 2022/12/04, 16:55:51.016, 3335807877620, datacollector.dll, DataCollectionTestCaseEventHandler: Test case 'ToDoList.Tests.UnitTests.HomeControllerTests.EditUserTaskConfirmStatusReturnsANotFoundTask(id: 7, expectedId: 0) - a8d796a4-84b2-c030-0e58-2162def46142' started.
TpTrace Information: 0 : 11476, 8, 2022/12/04, 16:55:51.017, 3335807890023, datacollector.dll, DataCollectionTestCaseEventHandler: Test case completing.
TpTrace Information: 0 : 11476, 8, 2022/12/04, 16:55:51.018, 3335807899347, datacollector.dll, BlameCollector.EventsTestCaseEnd: Test Case End
TpTrace Verbose: 0 : 11476, 8, 2022/12/04, 16:55:51.018, 3335807900834, datacollector.dll, MulticastDelegateUtilities.SafeInvoke: DataCollectionEvents.TestCaseEnd: Invoking callback 1/1 for Microsoft.TestPlatform.Extensions.BlameDataCollector.BlameCollector.EventsTestCaseEnd, took 0 ms.
TpTrace Information: 0 : 11476, 8, 2022/12/04, 16:55:51.018, 3335807903265, datacollector.dll, DataCollectionTestCaseEventHandler: Test case 'ToDoList.Tests.UnitTests.HomeControllerTests.EditUserTaskConfirmStatusReturnsANotFoundTask(id: 7, expectedId: 0) - a8d796a4-84b2-c030-0e58-2162def46142' completed
TpTrace Information: 0 : 11476, 8, 2022/12/04, 16:55:51.019, 3335807915086, datacollector.dll, DataCollectionTestCaseEventHandler: Test case starting.
TpTrace Information: 0 : 11476, 8, 2022/12/04, 16:55:51.020, 3335807923481, datacollector.dll, BlameCollector.EventsTestCaseStart: Test Case Start
TpTrace Verbose: 0 : 11476, 8, 2022/12/04, 16:55:51.020, 3335807924587, datacollector.dll, MulticastDelegateUtilities.SafeInvoke: DataCollectionEvents.TestCaseStart: Invoking callback 1/1 for Microsoft.TestPlatform.Extensions.BlameDataCollector.BlameCollector.EventsTestCaseStart, took 0 ms.
TpTrace Information: 0 : 11476, 8, 2022/12/04, 16:55:51.020, 3335807926174, datacollector.dll, DataCollectionTestCaseEventHandler: Test case 'ToDoList.Tests.UnitTests.HomeControllerTests.EditUserTaskConfirmStatusReturnsANotFoundTask(id: 0, expectedId: 0) - 624a24a5-8f0a-bf7d-b401-9d90e9f1676a' started.
TpTrace Information: 0 : 11476, 8, 2022/12/04, 16:55:51.021, 3335807935417, datacollector.dll, DataCollectionTestCaseEventHandler: Test case completing.
TpTrace Information: 0 : 11476, 8, 2022/12/04, 16:55:51.022, 3335807942883, datacollector.dll, BlameCollector.EventsTestCaseEnd: Test Case End
TpTrace Verbose: 0 : 11476, 8, 2022/12/04, 16:55:51.022, 3335807944023, datacollector.dll, MulticastDelegateUtilities.SafeInvoke: DataCollectionEvents.TestCaseEnd: Invoking callback 1/1 for Microsoft.TestPlatform.Extensions.BlameDataCollector.BlameCollector.EventsTestCaseEnd, took 0 ms.
TpTrace Information: 0 : 11476, 8, 2022/12/04, 16:55:51.022, 3335807945765, datacollector.dll, DataCollectionTestCaseEventHandler: Test case 'ToDoList.Tests.UnitTests.HomeControllerTests.EditUserTaskConfirmStatusReturnsANotFoundTask(id: 0, expectedId: 0) - 624a24a5-8f0a-bf7d-b401-9d90e9f1676a' completed
TpTrace Information: 0 : 11476, 8, 2022/12/04, 16:55:51.024, 3335807956729, datacollector.dll, DataCollectionTestCaseEventHandler: Test case starting.
TpTrace Information: 0 : 11476, 8, 2022/12/04, 16:55:51.024, 3335807964513, datacollector.dll, BlameCollector.EventsTestCaseStart: Test Case Start
TpTrace Verbose: 0 : 11476, 8, 2022/12/04, 16:55:51.024, 3335807965720, datacollector.dll, MulticastDelegateUtilities.SafeInvoke: DataCollectionEvents.TestCaseStart: Invoking callback 1/1 for Microsoft.TestPlatform.Extensions.BlameDataCollector.BlameCollector.EventsTestCaseStart, took 0 ms.
TpTrace Information: 0 : 11476, 8, 2022/12/04, 16:55:51.025, 3335807967456, datacollector.dll, DataCollectionTestCaseEventHandler: Test case 'ToDoList.Tests.UnitTests.HomeControllerTests.AddUserTaskReturnsARedirectAndAddsUserValidInput - 2bf62dcc-4880-861b-e23c-e560728ba36d' started.
TpTrace Information: 0 : 11476, 8, 2022/12/04, 16:55:51.026, 3335807976765, datacollector.dll, DataCollectionTestCaseEventHandler: Test case completing.
TpTrace Information: 0 : 11476, 8, 2022/12/04, 16:55:51.026, 3335807984786, datacollector.dll, BlameCollector.EventsTestCaseEnd: Test Case End
TpTrace Verbose: 0 : 11476, 8, 2022/12/04, 16:55:51.026, 3335807985937, datacollector.dll, MulticastDelegateUtilities.SafeInvoke: DataCollectionEvents.TestCaseEnd: Invoking callback 1/1 for Microsoft.TestPlatform.Extensions.BlameDataCollector.BlameCollector.EventsTestCaseEnd, took 0 ms.
TpTrace Information: 0 : 11476, 8, 2022/12/04, 16:55:51.027, 3335807987856, datacollector.dll, DataCollectionTestCaseEventHandler: Test case 'ToDoList.Tests.UnitTests.HomeControllerTests.AddUserTaskReturnsARedirectAndAddsUserValidInput - 2bf62dcc-4880-861b-e23c-e560728ba36d' completed
TpTrace Information: 0 : 11476, 8, 2022/12/04, 16:55:51.030, 3335808017617, datacollector.dll, DataCollectionTestCaseEventHandler: Test case starting.
TpTrace Information: 0 : 11476, 8, 2022/12/04, 16:55:51.031, 3335808028774, datacollector.dll, BlameCollector.EventsTestCaseStart: Test Case Start
TpTrace Verbose: 0 : 11476, 8, 2022/12/04, 16:55:51.031, 3335808031313, datacollector.dll, MulticastDelegateUtilities.SafeInvoke: DataCollectionEvents.TestCaseStart: Invoking callback 1/1 for Microsoft.TestPlatform.Extensions.BlameDataCollector.BlameCollector.EventsTestCaseStart, took 0 ms.
TpTrace Information: 0 : 11476, 8, 2022/12/04, 16:55:51.031, 3335808034193, datacollector.dll, DataCollectionTestCaseEventHandler: Test case 'ToDoList.Tests.UnitTests.HomeControllerTests.EditUserTaskStatusReturnsARedirectInvalidInput(id: 7) - fad56745-3093-5d2f-85e7-b663aaa0d2e1' started.
TpTrace Information: 0 : 11476, 8, 2022/12/04, 16:55:51.033, 3335808046641, datacollector.dll, DataCollectionTestCaseEventHandler: Test case completing.
TpTrace Information: 0 : 11476, 8, 2022/12/04, 16:55:51.033, 3335808055340, datacollector.dll, BlameCollector.EventsTestCaseEnd: Test Case End
TpTrace Verbose: 0 : 11476, 8, 2022/12/04, 16:55:51.034, 3335808056735, datacollector.dll, MulticastDelegateUtilities.SafeInvoke: DataCollectionEvents.TestCaseEnd: Invoking callback 1/1 for Microsoft.TestPlatform.Extensions.BlameDataCollector.BlameCollector.EventsTestCaseEnd, took 0 ms.
TpTrace Information: 0 : 11476, 8, 2022/12/04, 16:55:51.034, 3335808059171, datacollector.dll, DataCollectionTestCaseEventHandler: Test case 'ToDoList.Tests.UnitTests.HomeControllerTests.EditUserTaskStatusReturnsARedirectInvalidInput(id: 7) - fad56745-3093-5d2f-85e7-b663aaa0d2e1' completed
TpTrace Information: 0 : 11476, 8, 2022/12/04, 16:55:51.035, 3335808072188, datacollector.dll, DataCollectionTestCaseEventHandler: Test case starting.
TpTrace Information: 0 : 11476, 8, 2022/12/04, 16:55:51.036, 3335808080722, datacollector.dll, BlameCollector.EventsTestCaseStart: Test Case Start
TpTrace Verbose: 0 : 11476, 8, 2022/12/04, 16:55:51.036, 3335808082054, datacollector.dll, MulticastDelegateUtilities.SafeInvoke: DataCollectionEvents.TestCaseStart: Invoking callback 1/1 for Microsoft.TestPlatform.Extensions.BlameDataCollector.BlameCollector.EventsTestCaseStart, took 0 ms.
TpTrace Information: 0 : 11476, 8, 2022/12/04, 16:55:51.036, 3335808084040, datacollector.dll, DataCollectionTestCaseEventHandler: Test case 'ToDoList.Tests.UnitTests.HomeControllerTests.EditUserTaskStatusReturnsARedirectInvalidInput(id: 0) - 1d048f44-b75e-aded-80b2-d1005a8cf2f6' started.
TpTrace Information: 0 : 11476, 8, 2022/12/04, 16:55:51.037, 3335808093682, datacollector.dll, DataCollectionTestCaseEventHandler: Test case completing.
TpTrace Information: 0 : 11476, 8, 2022/12/04, 16:55:51.038, 3335808101985, datacollector.dll, BlameCollector.EventsTestCaseEnd: Test Case End
TpTrace Verbose: 0 : 11476, 8, 2022/12/04, 16:55:51.038, 3335808103112, datacollector.dll, MulticastDelegateUtilities.SafeInvoke: DataCollectionEvents.TestCaseEnd: Invoking callback 1/1 for Microsoft.TestPlatform.Extensions.BlameDataCollector.BlameCollector.EventsTestCaseEnd, took 0 ms.
TpTrace Information: 0 : 11476, 8, 2022/12/04, 16:55:51.038, 3335808105069, datacollector.dll, DataCollectionTestCaseEventHandler: Test case 'ToDoList.Tests.UnitTests.HomeControllerTests.EditUserTaskStatusReturnsARedirectInvalidInput(id: 0) - 1d048f44-b75e-aded-80b2-d1005a8cf2f6' completed
TpTrace Information: 0 : 11476, 8, 2022/12/04, 16:55:51.039, 3335808116087, datacollector.dll, DataCollectionTestCaseEventHandler: Test case starting.
TpTrace Information: 0 : 11476, 8, 2022/12/04, 16:55:51.040, 3335808123476, datacollector.dll, BlameCollector.EventsTestCaseStart: Test Case Start
TpTrace Verbose: 0 : 11476, 8, 2022/12/04, 16:55:51.040, 3335808124601, datacollector.dll, MulticastDelegateUtilities.SafeInvoke: DataCollectionEvents.TestCaseStart: Invoking callback 1/1 for Microsoft.TestPlatform.Extensions.BlameDataCollector.BlameCollector.EventsTestCaseStart, took 0 ms.
TpTrace Information: 0 : 11476, 8, 2022/12/04, 16:55:51.040, 3335808126185, datacollector.dll, DataCollectionTestCaseEventHandler: Test case 'ToDoList.Tests.UnitTests.HomeControllerTests.Check_Sidebar_menu - d22fe5f4-85e7-52ae-ab3d-755ab4f9c887' started.
TpTrace Information: 0 : 11476, 8, 2022/12/04, 16:55:51.041, 3335808134941, datacollector.dll, DataCollectionTestCaseEventHandler: Test case completing.
TpTrace Information: 0 : 11476, 8, 2022/12/04, 16:55:51.042, 3335808142283, datacollector.dll, BlameCollector.EventsTestCaseEnd: Test Case End
TpTrace Verbose: 0 : 11476, 8, 2022/12/04, 16:55:51.042, 3335808143319, datacollector.dll, MulticastDelegateUtilities.SafeInvoke: DataCollectionEvents.TestCaseEnd: Invoking callback 1/1 for Microsoft.TestPlatform.Extensions.BlameDataCollector.BlameCollector.EventsTestCaseEnd, took 0 ms.
TpTrace Information: 0 : 11476, 8, 2022/12/04, 16:55:51.042, 3335808145232, datacollector.dll, DataCollectionTestCaseEventHandler: Test case 'ToDoList.Tests.UnitTests.HomeControllerTests.Check_Sidebar_menu - d22fe5f4-85e7-52ae-ab3d-755ab4f9c887' completed
TpTrace Information: 0 : 11476, 8, 2022/12/04, 16:55:51.044, 3335808156476, datacollector.dll, DataCollectionTestCaseEventHandler: Test case starting.
TpTrace Information: 0 : 11476, 8, 2022/12/04, 16:55:51.044, 3335808163935, datacollector.dll, BlameCollector.EventsTestCaseStart: Test Case Start
TpTrace Verbose: 0 : 11476, 8, 2022/12/04, 16:55:51.044, 3335808164961, datacollector.dll, MulticastDelegateUtilities.SafeInvoke: DataCollectionEvents.TestCaseStart: Invoking callback 1/1 for Microsoft.TestPlatform.Extensions.BlameDataCollector.BlameCollector.EventsTestCaseStart, took 0 ms.
TpTrace Information: 0 : 11476, 8, 2022/12/04, 16:55:51.045, 3335808166693, datacollector.dll, DataCollectionTestCaseEventHandler: Test case 'ToDoList.Tests.UnitTests.HomeControllerTests.Index_CheckTaskCategories - 5962a33d-eefa-fc63-996b-b525766b4872' started.
TpTrace Information: 0 : 11476, 8, 2022/12/04, 16:55:51.045, 3335808175951, datacollector.dll, DataCollectionTestCaseEventHandler: Test case completing.
TpTrace Information: 0 : 11476, 8, 2022/12/04, 16:55:51.046, 3335808184364, datacollector.dll, BlameCollector.EventsTestCaseEnd: Test Case End
TpTrace Verbose: 0 : 11476, 8, 2022/12/04, 16:55:51.046, 3335808185755, datacollector.dll, MulticastDelegateUtilities.SafeInvoke: DataCollectionEvents.TestCaseEnd: Invoking callback 1/1 for Microsoft.TestPlatform.Extensions.BlameDataCollector.BlameCollector.EventsTestCaseEnd, took 0 ms.
TpTrace Information: 0 : 11476, 8, 2022/12/04, 16:55:51.047, 3335808188244, datacollector.dll, DataCollectionTestCaseEventHandler: Test case 'ToDoList.Tests.UnitTests.HomeControllerTests.Index_CheckTaskCategories - 5962a33d-eefa-fc63-996b-b525766b4872' completed
TpTrace Information: 0 : 11476, 8, 2022/12/04, 16:55:51.067, 3335808386652, datacollector.dll, DataCollectionTestCaseEventHandler: Test session ended
TpTrace Information: 0 : 11476, 1, 2022/12/04, 16:55:51.191, 3335809631563, datacollector.dll, DataCollectionRequestHandler.ProcessRequests: Datacollector received message: (DataCollection.AfterTestRunEnd) -> {"MessageType":"DataCollection.AfterTestRunEnd","Payload":false}
TpTrace Information: 0 : 11476, 1, 2022/12/04, 16:55:51.193, 3335809651411, datacollector.dll, Blame Collector: Session End
TpTrace Information: 0 : 11476, 1, 2022/12/04, 16:55:51.193, 3335809653627, datacollector.dll, BlameCollector.CollectDumpAndAbortTesthost: Custom path to dump directory was provided via VSTEST_DUMP_PATH. Skipping attachment upload, the caller is responsible for collecting and uploading the dumps themselves.
TpTrace Verbose: 0 : 11476, 1, 2022/12/04, 16:55:51.193, 3335809655836, datacollector.dll, MulticastDelegateUtilities.SafeInvoke: DataCollectionEvents.SessionEnd: Invoking callback 1/1 for Microsoft.TestPlatform.Extensions.BlameDataCollector.BlameCollector.SessionEndedHandler, took 0 ms.
TpTrace Information: 0 : 11476, 1, 2022/12/04, 16:55:51.195, 3335809670552, datacollector.dll, DataCollectionManager.CleanupPlugins: CleanupPlugins called
TpTrace Verbose: 0 : 11476, 1, 2022/12/04, 16:55:51.195, 3335809672387, datacollector.dll, DataCollectionManager.CleanupPlugins: Cleaning up 1 plugins
TpTrace Verbose: 0 : 11476, 1, 2022/12/04, 16:55:51.195, 3335809674379, datacollector.dll, dataCollectorInfo.DisposeDataCollector: calling Dispose() on Microsoft.TestPlatform.Extensions.BlameDataCollector.BlameCollector
TpTrace Information: 0 : 11476, 1, 2022/12/04, 16:55:51.195, 3335809675952, datacollector.dll, DataCollectionManager.CleanupPlugins: CleanupPlugins finished
TpTrace Information: 0 : 11476, 1, 2022/12/04, 16:55:51.213, 3335809848676, datacollector.dll, DataCollectionRequestHandler.ProcessRequests : Session End message received from server. Closing the connection.
TpTrace Information: 0 : 11476, 1, 2022/12/04, 16:55:51.213, 3335809853760, datacollector.dll, Closing the connection !
TpTrace Information: 0 : 11476, 1, 2022/12/04, 16:55:51.213, 3335809854957, datacollector.dll, DataCollectionRequestHandler.ProcessRequests : DataCollection completed
TpTrace Information: 0 : 11476, 1, 2022/12/04, 16:55:51.213, 3335809855729, datacollector.dll, Program.Main: exiting datacollector process.
