TpTrace Verbose: 0 : 25256, 1, 2022/12/02, 15:03:45.210, 1540289897287, datacollector.dll, Version: 17.3.0-release-20220708-01
TpTrace Information: 0 : 25256, 1, 2022/12/02, 15:03:45.226, 1540290057454, datacollector.dll, DataCollectorMain.Run: Starting data collector run with args: --port,52616,--parentprocessid,33628,--diag,D:\csharp\lern\ToDoList.Test\bin\Debug\netcoreapp3.1\fine-code-coverage\coverage-tool-output\diagnostics.datacollector.22-12-02_15-03-44_94844_1.log,--tracelevel,4
TpTrace Information: 0 : 25256, 1, 2022/12/02, 15:03:45.227, 1540290061005, datacollector.dll, DataCollector: Monitoring parent process with id: '33628'
TpTrace Information: 0 : 25256, 1, 2022/12/02, 15:03:45.238, 1540290176127, datacollector.dll, Trying to connect to server on socket : 127.0.0.1:52616 
TpTrace Verbose: 0 : 25256, 1, 2022/12/02, 15:03:45.262, 1540290416457, datacollector.dll, SocketCommunicationManager : SetupClientAsync : Attempting to connect to the server.
TpTrace Information: 0 : 25256, 8, 2022/12/02, 15:03:45.285, 1540290645470, datacollector.dll, Connected to the server successfully 
TpTrace Information: 0 : 25256, 8, 2022/12/02, 15:03:45.285, 1540290647488, datacollector.dll, Using the buffer size of 16384 bytes
TpTrace Information: 0 : 25256, 1, 2022/12/02, 15:03:45.483, 1540292627506, datacollector.dll, DataCollector: Start Request Processing.
TpTrace Verbose: 0 : 25256, 1, 2022/12/02, 15:03:45.484, 1540292631204, datacollector.dll, SocketCommunicationManager.WaitForServerConnection took: 0 ms, with 90000 ms timeout, and finished with True.
TpTrace Information: 0 : 25256, 1, 2022/12/02, 15:03:45.484, 1540292636871, datacollector.dll, DataCollectionRequestHandler.ProcessRequests: Datacollector received message: (DataCollection.BeforeTestRunStart) -> {"MessageType":"DataCollection.BeforeTestRunStart","Payload":{"SettingsXml":"<RunSettings><RunConfiguration><ResultsDirectory>D:\\csharp\\lern\\ToDoList.Test\\bin\\Debug\\netcoreapp3.1\\fine-code-coverage\\coverage-tool-output</ResultsDirectory><TargetPlatform>X64</TargetPlatform><TargetFrameworkVersion>.NETCoreApp,Version=v3.1</TargetFrameworkVersion><DesignMode>False</DesignMode><CollectSourceInformation>False</CollectSourceInformation><TestAdaptersPaths>C:\\Program Files\\dotnet\\sdk\\6.0.400\\Extensions</TestAdaptersPaths></RunConfiguration><LoggerRunSettings><Loggers><Logger friendlyName=\"blame\" enabled=\"True\" /><Logger friendlyName=\"Console\" uri=\"logger://microsoft/TestPlatform/ConsoleLogger/v1\" assemblyQualifiedName=\"Microsoft.VisualStudio.TestPlatform.CommandLine.Internal.ConsoleLogger, vstest.console, Version=15.0.0.0, Culture=neutral, PublicKeyToken=b03f5f7f11d50a3a\" codeBase=\"C:\\Program Files\\dotnet\\sdk\\6.0.400\\vstest.console.dll\" enabled=\"True\" /></Loggers></LoggerRunSettings><DataCollectionRunSettings><DataCollectors><DataCollector friendlyName=\"blame\" enabled=\"True\"><Configuration><ResultsDirectory>D:\\csharp\\lern\\ToDoList.Test\\bin\\Debug\\netcoreapp3.1\\fine-code-coverage\\coverage-tool-output</ResultsDirectory></Configuration></DataCollector></DataCollectors></DataCollectionRunSettings></RunSettings>","Sources":["D:\\csharp\\lern\\ToDoList.Test\\bin\\Debug\\netcoreapp3.1\\fine-code-coverage\\build-output\\ToDoList.Tests.dll"],"IsTelemetryOptedIn":false}}
TpTrace Verbose: 0 : 25256, 1, 2022/12/02, 15:03:45.573, 1540293524305, datacollector.dll, TestPluginCache: Update extensions started. Skip filter = False
TpTrace Verbose: 0 : 25256, 1, 2022/12/02, 15:03:45.575, 1540293542268, datacollector.dll, TestPluginCache: Using directories for assembly resolution 'C:\Program Files\dotnet\sdk\6.0.400\Extensions'.
TpTrace Verbose: 0 : 25256, 1, 2022/12/02, 15:03:45.575, 1540293544253, datacollector.dll, TestPluginCache: Updated the available extensions to 'C:\Program Files\dotnet\sdk\6.0.400\Extensions\Microsoft.TestPlatform.Extensions.BlameDataCollector.dll,C:\Program Files\dotnet\sdk\6.0.400\Extensions\Microsoft.TestPlatform.Extensions.EventLogCollector.dll'.
TpTrace Verbose: 0 : 25256, 1, 2022/12/02, 15:03:45.588, 1540293671434, datacollector.dll, TestPluginCache.DiscoverTestExtensions: finding test extensions in assemblies ends with: Collector.dll TPluginInfo: Microsoft.VisualStudio.TestPlatform.Common.DataCollector.DataCollectorConfig TExtension: Microsoft.VisualStudio.TestPlatform.ObjectModel.DataCollection.DataCollector
TpTrace Verbose: 0 : 25256, 1, 2022/12/02, 15:03:45.588, 1540293677276, datacollector.dll, TestPluginCache.GetExtensionPaths: Filtered extension paths: C:\Program Files\dotnet\sdk\6.0.400\Extensions\Microsoft.TestPlatform.Extensions.BlameDataCollector.dll
C:\Program Files\dotnet\sdk\6.0.400\Extensions\Microsoft.TestPlatform.Extensions.EventLogCollector.dll
TpTrace Verbose: 0 : 25256, 1, 2022/12/02, 15:03:45.588, 1540293678554, datacollector.dll, TestPluginCache.GetExtensionPaths: Added default extension paths: 
TpTrace Verbose: 0 : 25256, 1, 2022/12/02, 15:03:45.589, 1540293679165, datacollector.dll, TestPluginCache.GetExtensionPaths: Added unfilterableExtensionPaths: 
TpTrace Information: 0 : 25256, 1, 2022/12/02, 15:03:45.590, 1540293693374, datacollector.dll, AssemblyResolver.ctor: Creating AssemblyResolver with searchDirectories C:\Program Files\dotnet\sdk\6.0.400\Extensions,C:\Program Files\dotnet\sdk\6.0.400
TpTrace Verbose: 0 : 25256, 1, 2022/12/02, 15:03:45.592, 1540293718981, datacollector.dll, TestPluginCache.DiscoverTestExtensions: Discovering the extensions using extension path.
TpTrace Verbose: 0 : 25256, 1, 2022/12/02, 15:03:45.593, 1540293722823, datacollector.dll, TestPluginCache.GetExtensionPaths: Filtered extension paths: C:\Program Files\dotnet\sdk\6.0.400\Extensions\Microsoft.TestPlatform.Extensions.BlameDataCollector.dll
C:\Program Files\dotnet\sdk\6.0.400\Extensions\Microsoft.TestPlatform.Extensions.EventLogCollector.dll
TpTrace Verbose: 0 : 25256, 1, 2022/12/02, 15:03:45.593, 1540293723717, datacollector.dll, TestPluginCache.GetExtensionPaths: Added default extension paths: 
TpTrace Verbose: 0 : 25256, 1, 2022/12/02, 15:03:45.593, 1540293724295, datacollector.dll, TestPluginCache.GetExtensionPaths: Added unfilterableExtensionPaths: 
TpTrace Verbose: 0 : 25256, 1, 2022/12/02, 15:03:45.593, 1540293725282, datacollector.dll, TestPluginCache.DiscoverTestExtensions: Discovering the extensions using allExtensionPaths: C:\Program Files\dotnet\sdk\6.0.400\Extensions\Microsoft.TestPlatform.Extensions.BlameDataCollector.dll
C:\Program Files\dotnet\sdk\6.0.400\Extensions\Microsoft.TestPlatform.Extensions.EventLogCollector.dll
TpTrace Information: 0 : 25256, 1, 2022/12/02, 15:03:45.593, 1540293727840, datacollector.dll, AssemblyResolver.AddSearchDirectories: Adding more searchDirectories C:\Program Files\dotnet\sdk\6.0.400\Extensions,C:\Program Files\dotnet\sdk\6.0.400
TpTrace Information: 0 : 25256, 1, 2022/12/02, 15:03:45.594, 1540293729113, datacollector.dll, AssemblyResolver.AddSearchDirectories: Adding more searchDirectories C:\Program Files\dotnet\sdk\6.0.400\Extensions,C:\Program Files\dotnet\sdk\6.0.400
TpTrace Information: 0 : 25256, 1, 2022/12/02, 15:03:45.594, 1540293736918, datacollector.dll, AssemblyResolver.OnResolve: Microsoft.TestPlatform.Extensions.BlameDataCollector: Resolving assembly.
TpTrace Information: 0 : 25256, 1, 2022/12/02, 15:03:45.594, 1540293738447, datacollector.dll, AssemblyResolver.OnResolve: Microsoft.TestPlatform.Extensions.BlameDataCollector: Searching in: 'C:\Program Files\dotnet\sdk\6.0.400\Extensions'.
TpTrace Information: 0 : 25256, 1, 2022/12/02, 15:03:45.596, 1540293753143, datacollector.dll, AssemblyResolver.OnResolve: Microsoft.TestPlatform.Extensions.BlameDataCollector: Loading assembly 'C:\Program Files\dotnet\sdk\6.0.400\Extensions\Microsoft.TestPlatform.Extensions.BlameDataCollector.dll'.
TpTrace Information: 0 : 25256, 1, 2022/12/02, 15:03:45.597, 1540293765995, datacollector.dll, AssemblyResolver.OnResolve: Resolved assembly: Microsoft.TestPlatform.Extensions.BlameDataCollector, from path: C:\Program Files\dotnet\sdk\6.0.400\Extensions\Microsoft.TestPlatform.Extensions.BlameDataCollector.dll
TpTrace Verbose: 0 : 25256, 1, 2022/12/02, 15:03:45.609, 1540293886893, datacollector.dll, MetadataReaderExtensionsHelper: Discovering extensions inside assembly 'Microsoft.TestPlatform.Extensions.BlameDataCollector, Version=15.0.0.0, Culture=neutral, PublicKeyToken=b03f5f7f11d50a3a' file path 'C:\Program Files\dotnet\sdk\6.0.400\Extensions\Microsoft.TestPlatform.Extensions.BlameDataCollector.dll'
TpTrace Error: 0 : 25256, 1, 2022/12/02, 15:03:45.631, 1540294105975, datacollector.dll, The type "Microsoft.TestPlatform.Extensions.BlameDataCollector.BlameCollector" defined in "Microsoft.TestPlatform.Extensions.BlameDataCollector.dll" does not have ExtensionUri attribute.
TpTrace Information: 0 : 25256, 1, 2022/12/02, 15:03:45.634, 1540294129087, datacollector.dll, GetTestExtensionFromType: Register extension with identifier data 'datacollector://microsoft/TestPlatform/Extensions/Blame/v1' and type 'Microsoft.TestPlatform.Extensions.BlameDataCollector.BlameCollector, Microsoft.TestPlatform.Extensions.BlameDataCollector, Version=15.0.0.0, Culture=neutral, PublicKeyToken=b03f5f7f11d50a3a' inside file 'C:\Program Files\dotnet\sdk\6.0.400\Extensions\Microsoft.TestPlatform.Extensions.BlameDataCollector.dll'
TpTrace Information: 0 : 25256, 1, 2022/12/02, 15:03:45.634, 1540294131705, datacollector.dll, AssemblyResolver.OnResolve: Microsoft.TestPlatform.Extensions.EventLogCollector: Resolving assembly.
TpTrace Information: 0 : 25256, 1, 2022/12/02, 15:03:45.634, 1540294133064, datacollector.dll, AssemblyResolver.OnResolve: Microsoft.TestPlatform.Extensions.EventLogCollector: Searching in: 'C:\Program Files\dotnet\sdk\6.0.400\Extensions'.
TpTrace Information: 0 : 25256, 1, 2022/12/02, 15:03:45.635, 1540294145433, datacollector.dll, AssemblyResolver.OnResolve: Microsoft.TestPlatform.Extensions.EventLogCollector: Loading assembly 'C:\Program Files\dotnet\sdk\6.0.400\Extensions\Microsoft.TestPlatform.Extensions.EventLogCollector.dll'.
TpTrace Information: 0 : 25256, 1, 2022/12/02, 15:03:45.637, 1540294161038, datacollector.dll, AssemblyResolver.OnResolve: Resolved assembly: Microsoft.TestPlatform.Extensions.EventLogCollector, from path: C:\Program Files\dotnet\sdk\6.0.400\Extensions\Microsoft.TestPlatform.Extensions.EventLogCollector.dll
TpTrace Verbose: 0 : 25256, 1, 2022/12/02, 15:03:45.637, 1540294164097, datacollector.dll, MetadataReaderExtensionsHelper: Discovering extensions inside assembly 'Microsoft.TestPlatform.Extensions.EventLogCollector, Version=15.0.0.0, Culture=neutral, PublicKeyToken=b03f5f7f11d50a3a' file path 'C:\Program Files\dotnet\sdk\6.0.400\Extensions\Microsoft.TestPlatform.Extensions.EventLogCollector.dll'
TpTrace Error: 0 : 25256, 1, 2022/12/02, 15:03:45.644, 1540294235776, datacollector.dll, The type "Microsoft.TestPlatform.Extensions.EventLogCollector.EventLogDataCollector" defined in "Microsoft.TestPlatform.Extensions.EventLogCollector.dll" does not have ExtensionUri attribute.
TpTrace Information: 0 : 25256, 1, 2022/12/02, 15:03:45.645, 1540294239561, datacollector.dll, GetTestExtensionFromType: Register extension with identifier data 'datacollector://microsoft/EventLog/2.0' and type 'Microsoft.TestPlatform.Extensions.EventLogCollector.EventLogDataCollector, Microsoft.TestPlatform.Extensions.EventLogCollector, Version=15.0.0.0, Culture=neutral, PublicKeyToken=b03f5f7f11d50a3a' inside file 'C:\Program Files\dotnet\sdk\6.0.400\Extensions\Microsoft.TestPlatform.Extensions.EventLogCollector.dll'
TpTrace Verbose: 0 : 25256, 1, 2022/12/02, 15:03:45.645, 1540294244562, datacollector.dll, TestPluginCache: Discovered the extensions using extension path 'C:\Program Files\dotnet\sdk\6.0.400\Extensions\Microsoft.TestPlatform.Extensions.BlameDataCollector.dll,C:\Program Files\dotnet\sdk\6.0.400\Extensions\Microsoft.TestPlatform.Extensions.EventLogCollector.dll'.
TpTrace Verbose: 0 : 25256, 1, 2022/12/02, 15:03:45.645, 1540294246047, datacollector.dll, TestPluginCache: Discoverers are ''.
TpTrace Verbose: 0 : 25256, 1, 2022/12/02, 15:03:45.645, 1540294246745, datacollector.dll, TestPluginCache: Executors are ''.
TpTrace Verbose: 0 : 25256, 1, 2022/12/02, 15:03:45.645, 1540294247271, datacollector.dll, TestPluginCache: Executors2 are ''.
TpTrace Verbose: 0 : 25256, 1, 2022/12/02, 15:03:45.645, 1540294247874, datacollector.dll, TestPluginCache: Setting providers are ''.
TpTrace Verbose: 0 : 25256, 1, 2022/12/02, 15:03:45.645, 1540294248455, datacollector.dll, TestPluginCache: Loggers are ''.
TpTrace Verbose: 0 : 25256, 1, 2022/12/02, 15:03:45.645, 1540294248965, datacollector.dll, TestPluginCache: TestHosts are ''.
TpTrace Verbose: 0 : 25256, 1, 2022/12/02, 15:03:45.646, 1540294253727, datacollector.dll, TestPluginCache: DataCollectors are 'datacollector://microsoft/TestPlatform/Extensions/Blame/v1,datacollector://microsoft/EventLog/2.0'.
TpTrace Information: 0 : 25256, 1, 2022/12/02, 15:03:45.648, 1540294275359, datacollector.dll, TestPluginManager.CreateTestExtension: Attempting to load test extension: Microsoft.TestPlatform.Extensions.BlameDataCollector.BlameCollector
TpTrace Verbose: 0 : 25256, 1, 2022/12/02, 15:03:45.662, 1540294410414, datacollector.dll, MulticastDelegateUtilities.SafeInvoke: DataCollectionEvents.SessionStart: Invoking callbacks was skipped because there are no subscribers.
TpTrace Information: 0 : 25256, 1, 2022/12/02, 15:03:45.664, 1540294437835, datacollector.dll, Listening on Endpoint : 127.0.0.1:52618
TpTrace Information: 0 : 25256, 1, 2022/12/02, 15:03:45.683, 1540294623221, datacollector.dll, DataCollectionRequestHandler.ProcessRequests : DataCollection started.
TpTrace Information: 0 : 25256, 1, 2022/12/02, 15:03:45.716, 1540294955137, datacollector.dll, DataCollectionRequestHandler.ProcessRequests: Datacollector received message: (DataCollection.TestHostLaunched) -> {"MessageType":"DataCollection.TestHostLaunched","Payload":{"ProcessId":30796}}
TpTrace Verbose: 0 : 25256, 1, 2022/12/02, 15:03:45.719, 1540294987206, datacollector.dll, MulticastDelegateUtilities.SafeInvoke: DataCollectionEvents.TestHostLaunched: Invoking callback 1/1 for Microsoft.TestPlatform.Extensions.BlameDataCollector.BlameCollector.TestHostLaunchedHandler, took 0 ms.
TpTrace Information: 0 : 25256, 5, 2022/12/02, 15:03:46.219, 1540299986282, datacollector.dll, Using the buffer size of 16384 bytes
TpTrace Verbose: 0 : 25256, 8, 2022/12/02, 15:03:46.219, 1540299986539, datacollector.dll, SocketCommunicationManager.WaitForClientConnection took: 545 ms, with 90000 ms timeout, and finished with True.
TpTrace Information: 0 : 25256, 5, 2022/12/02, 15:03:46.219, 1540299988009, datacollector.dll, Accepted Client request and set the flag
TpTrace Information: 0 : 25256, 8, 2022/12/02, 15:03:50.555, 1540343348355, datacollector.dll, DataCollectionTestCaseEventHandler: Test case starting.
TpTrace Information: 0 : 25256, 8, 2022/12/02, 15:03:50.589, 1540343684005, datacollector.dll, BlameCollector.EventsTestCaseStart: Test Case Start
TpTrace Verbose: 0 : 25256, 8, 2022/12/02, 15:03:50.589, 1540343688992, datacollector.dll, MulticastDelegateUtilities.SafeInvoke: DataCollectionEvents.TestCaseStart: Invoking callback 1/1 for Microsoft.TestPlatform.Extensions.BlameDataCollector.BlameCollector.EventsTestCaseStart, took 0 ms.
TpTrace Information: 0 : 25256, 8, 2022/12/02, 15:03:50.590, 1540343692443, datacollector.dll, DataCollectionTestCaseEventHandler: Test case 'ToDoList.Tests.UnitTests.HomeControllerTests.UpdateUserTaskStatusReturnsARedirectValidInput(id: 6, routeId: 3, expextedId: 6) - 99fd5da5-90fe-cdd4-63e1-eaa11a611526' started.
TpTrace Information: 0 : 25256, 8, 2022/12/02, 15:03:50.603, 1540343828190, datacollector.dll, DataCollectionTestCaseEventHandler: Test case completing.
TpTrace Information: 0 : 25256, 8, 2022/12/02, 15:03:50.611, 1540343901422, datacollector.dll, BlameCollector.EventsTestCaseEnd: Test Case End
TpTrace Verbose: 0 : 25256, 8, 2022/12/02, 15:03:50.612, 1540343909899, datacollector.dll, MulticastDelegateUtilities.SafeInvoke: DataCollectionEvents.TestCaseEnd: Invoking callback 1/1 for Microsoft.TestPlatform.Extensions.BlameDataCollector.BlameCollector.EventsTestCaseEnd, took 0 ms.
TpTrace Information: 0 : 25256, 8, 2022/12/02, 15:03:50.618, 1540343972901, datacollector.dll, DataCollectionTestCaseEventHandler: Test case 'ToDoList.Tests.UnitTests.HomeControllerTests.UpdateUserTaskStatusReturnsARedirectValidInput(id: 6, routeId: 3, expextedId: 6) - 99fd5da5-90fe-cdd4-63e1-eaa11a611526' completed
TpTrace Information: 0 : 25256, 8, 2022/12/02, 15:03:50.637, 1540344163525, datacollector.dll, DataCollectionTestCaseEventHandler: Test case starting.
TpTrace Information: 0 : 25256, 8, 2022/12/02, 15:03:50.638, 1540344174995, datacollector.dll, BlameCollector.EventsTestCaseStart: Test Case Start
TpTrace Verbose: 0 : 25256, 8, 2022/12/02, 15:03:50.638, 1540344176733, datacollector.dll, MulticastDelegateUtilities.SafeInvoke: DataCollectionEvents.TestCaseStart: Invoking callback 1/1 for Microsoft.TestPlatform.Extensions.BlameDataCollector.BlameCollector.EventsTestCaseStart, took 0 ms.
TpTrace Information: 0 : 25256, 8, 2022/12/02, 15:03:50.638, 1540344178867, datacollector.dll, DataCollectionTestCaseEventHandler: Test case 'ToDoList.Tests.UnitTests.HomeControllerTests.UpdateUserTaskStatusReturnsARedirectValidInput(id: 1, routeId: 1, expextedId: 1) - a5b34970-bf79-b107-8850-84e4ac2b3476' started.
TpTrace Information: 0 : 25256, 8, 2022/12/02, 15:03:50.640, 1540344189369, datacollector.dll, DataCollectionTestCaseEventHandler: Test case completing.
TpTrace Information: 0 : 25256, 8, 2022/12/02, 15:03:50.641, 1540344200710, datacollector.dll, BlameCollector.EventsTestCaseEnd: Test Case End
TpTrace Verbose: 0 : 25256, 8, 2022/12/02, 15:03:50.641, 1540344202469, datacollector.dll, MulticastDelegateUtilities.SafeInvoke: DataCollectionEvents.TestCaseEnd: Invoking callback 1/1 for Microsoft.TestPlatform.Extensions.BlameDataCollector.BlameCollector.EventsTestCaseEnd, took 0 ms.
TpTrace Information: 0 : 25256, 8, 2022/12/02, 15:03:50.641, 1540344204992, datacollector.dll, DataCollectionTestCaseEventHandler: Test case 'ToDoList.Tests.UnitTests.HomeControllerTests.UpdateUserTaskStatusReturnsARedirectValidInput(id: 1, routeId: 1, expextedId: 1) - a5b34970-bf79-b107-8850-84e4ac2b3476' completed
TpTrace Information: 0 : 25256, 8, 2022/12/02, 15:03:50.643, 1540344219769, datacollector.dll, DataCollectionTestCaseEventHandler: Test case starting.
TpTrace Information: 0 : 25256, 8, 2022/12/02, 15:03:50.644, 1540344230209, datacollector.dll, BlameCollector.EventsTestCaseStart: Test Case Start
TpTrace Verbose: 0 : 25256, 8, 2022/12/02, 15:03:50.644, 1540344231546, datacollector.dll, MulticastDelegateUtilities.SafeInvoke: DataCollectionEvents.TestCaseStart: Invoking callback 1/1 for Microsoft.TestPlatform.Extensions.BlameDataCollector.BlameCollector.EventsTestCaseStart, took 0 ms.
TpTrace Information: 0 : 25256, 8, 2022/12/02, 15:03:50.644, 1540344233284, datacollector.dll, DataCollectionTestCaseEventHandler: Test case 'ToDoList.Tests.UnitTests.HomeControllerTests.UpdateUserTaskStatusReturnsARedirectValidInput(id: 4, routeId: 1, expextedId: 4) - 314add40-a525-a657-5475-162c6f2b7f9b' started.
TpTrace Information: 0 : 25256, 8, 2022/12/02, 15:03:50.645, 1540344246260, datacollector.dll, DataCollectionTestCaseEventHandler: Test case completing.
TpTrace Information: 0 : 25256, 8, 2022/12/02, 15:03:50.647, 1540344259923, datacollector.dll, BlameCollector.EventsTestCaseEnd: Test Case End
TpTrace Verbose: 0 : 25256, 8, 2022/12/02, 15:03:50.647, 1540344261877, datacollector.dll, MulticastDelegateUtilities.SafeInvoke: DataCollectionEvents.TestCaseEnd: Invoking callback 1/1 for Microsoft.TestPlatform.Extensions.BlameDataCollector.BlameCollector.EventsTestCaseEnd, took 0 ms.
TpTrace Information: 0 : 25256, 8, 2022/12/02, 15:03:50.647, 1540344264203, datacollector.dll, DataCollectionTestCaseEventHandler: Test case 'ToDoList.Tests.UnitTests.HomeControllerTests.UpdateUserTaskStatusReturnsARedirectValidInput(id: 4, routeId: 1, expextedId: 4) - 314add40-a525-a657-5475-162c6f2b7f9b' completed
TpTrace Information: 0 : 25256, 8, 2022/12/02, 15:03:50.648, 1540344275904, datacollector.dll, DataCollectionTestCaseEventHandler: Test case starting.
TpTrace Information: 0 : 25256, 8, 2022/12/02, 15:03:50.649, 1540344286281, datacollector.dll, BlameCollector.EventsTestCaseStart: Test Case Start
TpTrace Verbose: 0 : 25256, 8, 2022/12/02, 15:03:50.649, 1540344287968, datacollector.dll, MulticastDelegateUtilities.SafeInvoke: DataCollectionEvents.TestCaseStart: Invoking callback 1/1 for Microsoft.TestPlatform.Extensions.BlameDataCollector.BlameCollector.EventsTestCaseStart, took 0 ms.
TpTrace Information: 0 : 25256, 8, 2022/12/02, 15:03:50.650, 1540344290319, datacollector.dll, DataCollectionTestCaseEventHandler: Test case 'ToDoList.Tests.UnitTests.HomeControllerTests.UpdateUserTaskStatusReturnsARedirectValidInput(id: 5, routeId: 2, expextedId: 5) - 0db2b318-973a-c978-9e88-e0935067b312' started.
TpTrace Information: 0 : 25256, 8, 2022/12/02, 15:03:50.651, 1540344300531, datacollector.dll, DataCollectionTestCaseEventHandler: Test case completing.
TpTrace Information: 0 : 25256, 8, 2022/12/02, 15:03:50.652, 1540344311482, datacollector.dll, BlameCollector.EventsTestCaseEnd: Test Case End
TpTrace Verbose: 0 : 25256, 8, 2022/12/02, 15:03:50.652, 1540344313139, datacollector.dll, MulticastDelegateUtilities.SafeInvoke: DataCollectionEvents.TestCaseEnd: Invoking callback 1/1 for Microsoft.TestPlatform.Extensions.BlameDataCollector.BlameCollector.EventsTestCaseEnd, took 0 ms.
TpTrace Information: 0 : 25256, 8, 2022/12/02, 15:03:50.652, 1540344315399, datacollector.dll, DataCollectionTestCaseEventHandler: Test case 'ToDoList.Tests.UnitTests.HomeControllerTests.UpdateUserTaskStatusReturnsARedirectValidInput(id: 5, routeId: 2, expextedId: 5) - 0db2b318-973a-c978-9e88-e0935067b312' completed
TpTrace Information: 0 : 25256, 8, 2022/12/02, 15:03:50.653, 1540344326783, datacollector.dll, DataCollectionTestCaseEventHandler: Test case starting.
TpTrace Information: 0 : 25256, 8, 2022/12/02, 15:03:50.654, 1540344337358, datacollector.dll, BlameCollector.EventsTestCaseStart: Test Case Start
TpTrace Verbose: 0 : 25256, 8, 2022/12/02, 15:03:50.654, 1540344338966, datacollector.dll, MulticastDelegateUtilities.SafeInvoke: DataCollectionEvents.TestCaseStart: Invoking callback 1/1 for Microsoft.TestPlatform.Extensions.BlameDataCollector.BlameCollector.EventsTestCaseStart, took 0 ms.
TpTrace Information: 0 : 25256, 8, 2022/12/02, 15:03:50.655, 1540344340990, datacollector.dll, DataCollectionTestCaseEventHandler: Test case 'ToDoList.Tests.UnitTests.HomeControllerTests.UpdateUserTaskStatusReturnsARedirectValidInput(id: 2, routeId: 2, expextedId: 2) - b6d36c80-7f6c-cf4c-3ed4-d7bf4f560d7e' started.
TpTrace Information: 0 : 25256, 8, 2022/12/02, 15:03:50.656, 1540344350066, datacollector.dll, DataCollectionTestCaseEventHandler: Test case completing.
TpTrace Information: 0 : 25256, 8, 2022/12/02, 15:03:50.657, 1540344359909, datacollector.dll, BlameCollector.EventsTestCaseEnd: Test Case End
TpTrace Verbose: 0 : 25256, 8, 2022/12/02, 15:03:50.657, 1540344361107, datacollector.dll, MulticastDelegateUtilities.SafeInvoke: DataCollectionEvents.TestCaseEnd: Invoking callback 1/1 for Microsoft.TestPlatform.Extensions.BlameDataCollector.BlameCollector.EventsTestCaseEnd, took 0 ms.
TpTrace Information: 0 : 25256, 8, 2022/12/02, 15:03:50.657, 1540344363076, datacollector.dll, DataCollectionTestCaseEventHandler: Test case 'ToDoList.Tests.UnitTests.HomeControllerTests.UpdateUserTaskStatusReturnsARedirectValidInput(id: 2, routeId: 2, expextedId: 2) - b6d36c80-7f6c-cf4c-3ed4-d7bf4f560d7e' completed
TpTrace Information: 0 : 25256, 8, 2022/12/02, 15:03:50.658, 1540344373259, datacollector.dll, DataCollectionTestCaseEventHandler: Test case starting.
TpTrace Information: 0 : 25256, 8, 2022/12/02, 15:03:50.659, 1540344382988, datacollector.dll, BlameCollector.EventsTestCaseStart: Test Case Start
TpTrace Verbose: 0 : 25256, 8, 2022/12/02, 15:03:50.659, 1540344384154, datacollector.dll, MulticastDelegateUtilities.SafeInvoke: DataCollectionEvents.TestCaseStart: Invoking callback 1/1 for Microsoft.TestPlatform.Extensions.BlameDataCollector.BlameCollector.EventsTestCaseStart, took 0 ms.
TpTrace Information: 0 : 25256, 8, 2022/12/02, 15:03:50.659, 1540344386047, datacollector.dll, DataCollectionTestCaseEventHandler: Test case 'ToDoList.Tests.UnitTests.HomeControllerTests.UpdateUserTaskStatusReturnsARedirectValidInput(id: 3, routeId: 3, expextedId: 3) - 45255c59-adc2-1cee-5259-8fdcd69ff905' started.
TpTrace Information: 0 : 25256, 8, 2022/12/02, 15:03:50.660, 1540344398552, datacollector.dll, DataCollectionTestCaseEventHandler: Test case completing.
TpTrace Information: 0 : 25256, 8, 2022/12/02, 15:03:50.662, 1540344413396, datacollector.dll, BlameCollector.EventsTestCaseEnd: Test Case End
TpTrace Verbose: 0 : 25256, 8, 2022/12/02, 15:03:50.662, 1540344415820, datacollector.dll, MulticastDelegateUtilities.SafeInvoke: DataCollectionEvents.TestCaseEnd: Invoking callback 1/1 for Microsoft.TestPlatform.Extensions.BlameDataCollector.BlameCollector.EventsTestCaseEnd, took 0 ms.
TpTrace Information: 0 : 25256, 8, 2022/12/02, 15:03:50.662, 1540344418992, datacollector.dll, DataCollectionTestCaseEventHandler: Test case 'ToDoList.Tests.UnitTests.HomeControllerTests.UpdateUserTaskStatusReturnsARedirectValidInput(id: 3, routeId: 3, expextedId: 3) - 45255c59-adc2-1cee-5259-8fdcd69ff905' completed
TpTrace Information: 0 : 25256, 8, 2022/12/02, 15:03:50.664, 1540344435839, datacollector.dll, DataCollectionTestCaseEventHandler: Test case starting.
TpTrace Information: 0 : 25256, 8, 2022/12/02, 15:03:50.666, 1540344450660, datacollector.dll, BlameCollector.EventsTestCaseStart: Test Case Start
TpTrace Verbose: 0 : 25256, 8, 2022/12/02, 15:03:50.666, 1540344452716, datacollector.dll, MulticastDelegateUtilities.SafeInvoke: DataCollectionEvents.TestCaseStart: Invoking callback 1/1 for Microsoft.TestPlatform.Extensions.BlameDataCollector.BlameCollector.EventsTestCaseStart, took 0 ms.
TpTrace Information: 0 : 25256, 8, 2022/12/02, 15:03:50.666, 1540344455309, datacollector.dll, DataCollectionTestCaseEventHandler: Test case 'ToDoList.Tests.UnitTests.HomeControllerTests.DeleteUserTaskReturnsARedirectInValidInput - db0cb7a4-ed82-05bf-efd9-bb5746edef5f' started.
TpTrace Information: 0 : 25256, 8, 2022/12/02, 15:03:50.667, 1540344465095, datacollector.dll, DataCollectionTestCaseEventHandler: Test case completing.
TpTrace Information: 0 : 25256, 8, 2022/12/02, 15:03:50.669, 1540344479231, datacollector.dll, BlameCollector.EventsTestCaseEnd: Test Case End
TpTrace Verbose: 0 : 25256, 8, 2022/12/02, 15:03:50.669, 1540344481138, datacollector.dll, MulticastDelegateUtilities.SafeInvoke: DataCollectionEvents.TestCaseEnd: Invoking callback 1/1 for Microsoft.TestPlatform.Extensions.BlameDataCollector.BlameCollector.EventsTestCaseEnd, took 0 ms.
TpTrace Information: 0 : 25256, 8, 2022/12/02, 15:03:50.669, 1540344483806, datacollector.dll, DataCollectionTestCaseEventHandler: Test case 'ToDoList.Tests.UnitTests.HomeControllerTests.DeleteUserTaskReturnsARedirectInValidInput - db0cb7a4-ed82-05bf-efd9-bb5746edef5f' completed
TpTrace Information: 0 : 25256, 8, 2022/12/02, 15:03:50.670, 1540344494827, datacollector.dll, DataCollectionTestCaseEventHandler: Test case starting.
TpTrace Information: 0 : 25256, 8, 2022/12/02, 15:03:50.671, 1540344506319, datacollector.dll, BlameCollector.EventsTestCaseStart: Test Case Start
TpTrace Verbose: 0 : 25256, 8, 2022/12/02, 15:03:50.671, 1540344508144, datacollector.dll, MulticastDelegateUtilities.SafeInvoke: DataCollectionEvents.TestCaseStart: Invoking callback 1/1 for Microsoft.TestPlatform.Extensions.BlameDataCollector.BlameCollector.EventsTestCaseStart, took 0 ms.
TpTrace Information: 0 : 25256, 8, 2022/12/02, 15:03:50.672, 1540344510316, datacollector.dll, DataCollectionTestCaseEventHandler: Test case 'ToDoList.Tests.UnitTests.HomeControllerTests.Index_Returns_ViewResult_And_Check_ViewModel - 98ab3811-28cd-dba8-77b9-2875c6a8239d' started.
TpTrace Information: 0 : 25256, 8, 2022/12/02, 15:03:50.673, 1540344519051, datacollector.dll, DataCollectionTestCaseEventHandler: Test case completing.
TpTrace Information: 0 : 25256, 8, 2022/12/02, 15:03:50.674, 1540344529510, datacollector.dll, BlameCollector.EventsTestCaseEnd: Test Case End
TpTrace Verbose: 0 : 25256, 8, 2022/12/02, 15:03:50.674, 1540344531086, datacollector.dll, MulticastDelegateUtilities.SafeInvoke: DataCollectionEvents.TestCaseEnd: Invoking callback 1/1 for Microsoft.TestPlatform.Extensions.BlameDataCollector.BlameCollector.EventsTestCaseEnd, took 0 ms.
TpTrace Information: 0 : 25256, 8, 2022/12/02, 15:03:50.674, 1540344533203, datacollector.dll, DataCollectionTestCaseEventHandler: Test case 'ToDoList.Tests.UnitTests.HomeControllerTests.Index_Returns_ViewResult_And_Check_ViewModel - 98ab3811-28cd-dba8-77b9-2875c6a8239d' completed
TpTrace Information: 0 : 25256, 8, 2022/12/02, 15:03:50.675, 1540344544083, datacollector.dll, DataCollectionTestCaseEventHandler: Test case starting.
TpTrace Information: 0 : 25256, 8, 2022/12/02, 15:03:50.676, 1540344554438, datacollector.dll, BlameCollector.EventsTestCaseStart: Test Case Start
TpTrace Verbose: 0 : 25256, 8, 2022/12/02, 15:03:50.676, 1540344555735, datacollector.dll, MulticastDelegateUtilities.SafeInvoke: DataCollectionEvents.TestCaseStart: Invoking callback 1/1 for Microsoft.TestPlatform.Extensions.BlameDataCollector.BlameCollector.EventsTestCaseStart, took 0 ms.
TpTrace Information: 0 : 25256, 8, 2022/12/02, 15:03:50.676, 1540344557583, datacollector.dll, DataCollectionTestCaseEventHandler: Test case 'ToDoList.Tests.UnitTests.HomeControllerTests.UpdateUserTaskStatusReturnsARedirectInValidInput - d9c05771-4cdb-5c65-10cc-5a4adf755b7a' started.
TpTrace Information: 0 : 25256, 8, 2022/12/02, 15:03:50.678, 1540344573514, datacollector.dll, DataCollectionTestCaseEventHandler: Test case completing.
TpTrace Information: 0 : 25256, 8, 2022/12/02, 15:03:50.679, 1540344586300, datacollector.dll, BlameCollector.EventsTestCaseEnd: Test Case End
TpTrace Verbose: 0 : 25256, 8, 2022/12/02, 15:03:50.679, 1540344588272, datacollector.dll, MulticastDelegateUtilities.SafeInvoke: DataCollectionEvents.TestCaseEnd: Invoking callback 1/1 for Microsoft.TestPlatform.Extensions.BlameDataCollector.BlameCollector.EventsTestCaseEnd, took 0 ms.
TpTrace Information: 0 : 25256, 8, 2022/12/02, 15:03:50.680, 1540344591490, datacollector.dll, DataCollectionTestCaseEventHandler: Test case 'ToDoList.Tests.UnitTests.HomeControllerTests.UpdateUserTaskStatusReturnsARedirectInValidInput - d9c05771-4cdb-5c65-10cc-5a4adf755b7a' completed
TpTrace Information: 0 : 25256, 8, 2022/12/02, 15:03:50.702, 1540344818827, datacollector.dll, DataCollectionTestCaseEventHandler: Test case starting.
TpTrace Information: 0 : 25256, 8, 2022/12/02, 15:03:50.704, 1540344830007, datacollector.dll, BlameCollector.EventsTestCaseStart: Test Case Start
TpTrace Verbose: 0 : 25256, 8, 2022/12/02, 15:03:50.704, 1540344831357, datacollector.dll, MulticastDelegateUtilities.SafeInvoke: DataCollectionEvents.TestCaseStart: Invoking callback 1/1 for Microsoft.TestPlatform.Extensions.BlameDataCollector.BlameCollector.EventsTestCaseStart, took 0 ms.
TpTrace Information: 0 : 25256, 8, 2022/12/02, 15:03:50.704, 1540344833095, datacollector.dll, DataCollectionTestCaseEventHandler: Test case 'ToDoList.Tests.UnitTests.HomeControllerTests.TaskByCategory_Returns_View_And_Check_ViewModel_IncorrectId - 4f23a91f-bea7-4082-2492-c72f5ce0dd73' started.
TpTrace Information: 0 : 25256, 8, 2022/12/02, 15:03:50.705, 1540344842826, datacollector.dll, DataCollectionTestCaseEventHandler: Test case completing.
TpTrace Information: 0 : 25256, 8, 2022/12/02, 15:03:50.706, 1540344853344, datacollector.dll, BlameCollector.EventsTestCaseEnd: Test Case End
TpTrace Verbose: 0 : 25256, 8, 2022/12/02, 15:03:50.706, 1540344854564, datacollector.dll, MulticastDelegateUtilities.SafeInvoke: DataCollectionEvents.TestCaseEnd: Invoking callback 1/1 for Microsoft.TestPlatform.Extensions.BlameDataCollector.BlameCollector.EventsTestCaseEnd, took 0 ms.
TpTrace Information: 0 : 25256, 8, 2022/12/02, 15:03:50.706, 1540344856801, datacollector.dll, DataCollectionTestCaseEventHandler: Test case 'ToDoList.Tests.UnitTests.HomeControllerTests.TaskByCategory_Returns_View_And_Check_ViewModel_IncorrectId - 4f23a91f-bea7-4082-2492-c72f5ce0dd73' completed
TpTrace Information: 0 : 25256, 8, 2022/12/02, 15:03:50.708, 1540344869414, datacollector.dll, DataCollectionTestCaseEventHandler: Test case starting.
TpTrace Information: 0 : 25256, 8, 2022/12/02, 15:03:50.709, 1540344883109, datacollector.dll, BlameCollector.EventsTestCaseStart: Test Case Start
TpTrace Verbose: 0 : 25256, 8, 2022/12/02, 15:03:50.709, 1540344885078, datacollector.dll, MulticastDelegateUtilities.SafeInvoke: DataCollectionEvents.TestCaseStart: Invoking callback 1/1 for Microsoft.TestPlatform.Extensions.BlameDataCollector.BlameCollector.EventsTestCaseStart, took 0 ms.
TpTrace Information: 0 : 25256, 8, 2022/12/02, 15:03:50.709, 1540344887399, datacollector.dll, DataCollectionTestCaseEventHandler: Test case 'ToDoList.Tests.UnitTests.HomeControllerTests.TaskByCategory_Returns_View_And_Check_ViewModel(id: 2) - c8a672df-2fe5-0665-0c6b-5c64e4befe7e' started.
TpTrace Information: 0 : 25256, 8, 2022/12/02, 15:03:50.710, 1540344898673, datacollector.dll, DataCollectionTestCaseEventHandler: Test case completing.
TpTrace Information: 0 : 25256, 8, 2022/12/02, 15:03:50.712, 1540344914620, datacollector.dll, BlameCollector.EventsTestCaseEnd: Test Case End
TpTrace Verbose: 0 : 25256, 8, 2022/12/02, 15:03:50.712, 1540344917007, datacollector.dll, MulticastDelegateUtilities.SafeInvoke: DataCollectionEvents.TestCaseEnd: Invoking callback 1/1 for Microsoft.TestPlatform.Extensions.BlameDataCollector.BlameCollector.EventsTestCaseEnd, took 0 ms.
TpTrace Information: 0 : 25256, 8, 2022/12/02, 15:03:50.713, 1540344920364, datacollector.dll, DataCollectionTestCaseEventHandler: Test case 'ToDoList.Tests.UnitTests.HomeControllerTests.TaskByCategory_Returns_View_And_Check_ViewModel(id: 2) - c8a672df-2fe5-0665-0c6b-5c64e4befe7e' completed
TpTrace Information: 0 : 25256, 8, 2022/12/02, 15:03:50.714, 1540344934138, datacollector.dll, DataCollectionTestCaseEventHandler: Test case starting.
TpTrace Information: 0 : 25256, 8, 2022/12/02, 15:03:50.715, 1540344946259, datacollector.dll, BlameCollector.EventsTestCaseStart: Test Case Start
TpTrace Verbose: 0 : 25256, 8, 2022/12/02, 15:03:50.715, 1540344947917, datacollector.dll, MulticastDelegateUtilities.SafeInvoke: DataCollectionEvents.TestCaseStart: Invoking callback 1/1 for Microsoft.TestPlatform.Extensions.BlameDataCollector.BlameCollector.EventsTestCaseStart, took 0 ms.
TpTrace Information: 0 : 25256, 8, 2022/12/02, 15:03:50.716, 1540344950134, datacollector.dll, DataCollectionTestCaseEventHandler: Test case 'ToDoList.Tests.UnitTests.HomeControllerTests.TaskByCategory_Returns_View_And_Check_ViewModel(id: 3) - 14a88ffc-1072-83cc-0b3a-f3ac2a5fb385' started.
TpTrace Information: 0 : 25256, 8, 2022/12/02, 15:03:50.717, 1540344960021, datacollector.dll, DataCollectionTestCaseEventHandler: Test case completing.
TpTrace Information: 0 : 25256, 8, 2022/12/02, 15:03:50.718, 1540344970558, datacollector.dll, BlameCollector.EventsTestCaseEnd: Test Case End
TpTrace Verbose: 0 : 25256, 8, 2022/12/02, 15:03:50.718, 1540344971838, datacollector.dll, MulticastDelegateUtilities.SafeInvoke: DataCollectionEvents.TestCaseEnd: Invoking callback 1/1 for Microsoft.TestPlatform.Extensions.BlameDataCollector.BlameCollector.EventsTestCaseEnd, took 0 ms.
TpTrace Information: 0 : 25256, 8, 2022/12/02, 15:03:50.718, 1540344973923, datacollector.dll, DataCollectionTestCaseEventHandler: Test case 'ToDoList.Tests.UnitTests.HomeControllerTests.TaskByCategory_Returns_View_And_Check_ViewModel(id: 3) - 14a88ffc-1072-83cc-0b3a-f3ac2a5fb385' completed
TpTrace Information: 0 : 25256, 8, 2022/12/02, 15:03:50.719, 1540344984581, datacollector.dll, DataCollectionTestCaseEventHandler: Test case starting.
TpTrace Information: 0 : 25256, 8, 2022/12/02, 15:03:50.720, 1540344994882, datacollector.dll, BlameCollector.EventsTestCaseStart: Test Case Start
TpTrace Verbose: 0 : 25256, 8, 2022/12/02, 15:03:50.720, 1540344996161, datacollector.dll, MulticastDelegateUtilities.SafeInvoke: DataCollectionEvents.TestCaseStart: Invoking callback 1/1 for Microsoft.TestPlatform.Extensions.BlameDataCollector.BlameCollector.EventsTestCaseStart, took 0 ms.
TpTrace Information: 0 : 25256, 8, 2022/12/02, 15:03:50.720, 1540344997924, datacollector.dll, DataCollectionTestCaseEventHandler: Test case 'ToDoList.Tests.UnitTests.HomeControllerTests.TaskByCategory_Returns_View_And_Check_ViewModel(id: 1) - 31236be0-7cc9-f75d-bc0a-09b15a1965bf' started.
TpTrace Information: 0 : 25256, 8, 2022/12/02, 15:03:50.721, 1540345008530, datacollector.dll, DataCollectionTestCaseEventHandler: Test case completing.
TpTrace Information: 0 : 25256, 8, 2022/12/02, 15:03:50.723, 1540345019411, datacollector.dll, BlameCollector.EventsTestCaseEnd: Test Case End
TpTrace Verbose: 0 : 25256, 8, 2022/12/02, 15:03:50.723, 1540345020612, datacollector.dll, MulticastDelegateUtilities.SafeInvoke: DataCollectionEvents.TestCaseEnd: Invoking callback 1/1 for Microsoft.TestPlatform.Extensions.BlameDataCollector.BlameCollector.EventsTestCaseEnd, took 0 ms.
TpTrace Information: 0 : 25256, 8, 2022/12/02, 15:03:50.723, 1540345022657, datacollector.dll, DataCollectionTestCaseEventHandler: Test case 'ToDoList.Tests.UnitTests.HomeControllerTests.TaskByCategory_Returns_View_And_Check_ViewModel(id: 1) - 31236be0-7cc9-f75d-bc0a-09b15a1965bf' completed
TpTrace Information: 0 : 25256, 8, 2022/12/02, 15:03:50.724, 1540345034183, datacollector.dll, DataCollectionTestCaseEventHandler: Test case starting.
TpTrace Information: 0 : 25256, 8, 2022/12/02, 15:03:50.725, 1540345047621, datacollector.dll, BlameCollector.EventsTestCaseStart: Test Case Start
TpTrace Verbose: 0 : 25256, 8, 2022/12/02, 15:03:50.726, 1540345049604, datacollector.dll, MulticastDelegateUtilities.SafeInvoke: DataCollectionEvents.TestCaseStart: Invoking callback 1/1 for Microsoft.TestPlatform.Extensions.BlameDataCollector.BlameCollector.EventsTestCaseStart, took 0 ms.
TpTrace Information: 0 : 25256, 8, 2022/12/02, 15:03:50.726, 1540345051758, datacollector.dll, DataCollectionTestCaseEventHandler: Test case 'ToDoList.Tests.UnitTests.HomeControllerTests.TaskByCategory_Returns_View_And_Check_ViewModel_IncorrectId_Zero - d327e35f-73a7-ad71-a5e2-f0dc59f2f504' started.
TpTrace Information: 0 : 25256, 8, 2022/12/02, 15:03:50.727, 1540345061878, datacollector.dll, DataCollectionTestCaseEventHandler: Test case completing.
TpTrace Information: 0 : 25256, 8, 2022/12/02, 15:03:50.728, 1540345072892, datacollector.dll, BlameCollector.EventsTestCaseEnd: Test Case End
TpTrace Verbose: 0 : 25256, 8, 2022/12/02, 15:03:50.728, 1540345074798, datacollector.dll, MulticastDelegateUtilities.SafeInvoke: DataCollectionEvents.TestCaseEnd: Invoking callback 1/1 for Microsoft.TestPlatform.Extensions.BlameDataCollector.BlameCollector.EventsTestCaseEnd, took 0 ms.
TpTrace Information: 0 : 25256, 8, 2022/12/02, 15:03:50.728, 1540345077939, datacollector.dll, DataCollectionTestCaseEventHandler: Test case 'ToDoList.Tests.UnitTests.HomeControllerTests.TaskByCategory_Returns_View_And_Check_ViewModel_IncorrectId_Zero - d327e35f-73a7-ad71-a5e2-f0dc59f2f504' completed
TpTrace Information: 0 : 25256, 8, 2022/12/02, 15:03:50.730, 1540345090959, datacollector.dll, DataCollectionTestCaseEventHandler: Test case starting.
TpTrace Information: 0 : 25256, 8, 2022/12/02, 15:03:50.731, 1540345102572, datacollector.dll, BlameCollector.EventsTestCaseStart: Test Case Start
TpTrace Verbose: 0 : 25256, 8, 2022/12/02, 15:03:50.731, 1540345104063, datacollector.dll, MulticastDelegateUtilities.SafeInvoke: DataCollectionEvents.TestCaseStart: Invoking callback 1/1 for Microsoft.TestPlatform.Extensions.BlameDataCollector.BlameCollector.EventsTestCaseStart, took 0 ms.
TpTrace Information: 0 : 25256, 8, 2022/12/02, 15:03:50.731, 1540345106206, datacollector.dll, DataCollectionTestCaseEventHandler: Test case 'ToDoList.Tests.UnitTests.HomeControllerTests.DeleteUserTaskReturnsARedirectValidInput - 21657e3d-b3de-ec53-a9d3-08a8794dda9c' started.
TpTrace Information: 0 : 25256, 8, 2022/12/02, 15:03:50.732, 1540345116158, datacollector.dll, DataCollectionTestCaseEventHandler: Test case completing.
TpTrace Information: 0 : 25256, 8, 2022/12/02, 15:03:50.733, 1540345127351, datacollector.dll, BlameCollector.EventsTestCaseEnd: Test Case End
TpTrace Verbose: 0 : 25256, 8, 2022/12/02, 15:03:50.733, 1540345128724, datacollector.dll, MulticastDelegateUtilities.SafeInvoke: DataCollectionEvents.TestCaseEnd: Invoking callback 1/1 for Microsoft.TestPlatform.Extensions.BlameDataCollector.BlameCollector.EventsTestCaseEnd, took 0 ms.
TpTrace Information: 0 : 25256, 8, 2022/12/02, 15:03:50.734, 1540345131054, datacollector.dll, DataCollectionTestCaseEventHandler: Test case 'ToDoList.Tests.UnitTests.HomeControllerTests.DeleteUserTaskReturnsARedirectValidInput - 21657e3d-b3de-ec53-a9d3-08a8794dda9c' completed
TpTrace Information: 0 : 25256, 8, 2022/12/02, 15:03:50.735, 1540345142070, datacollector.dll, DataCollectionTestCaseEventHandler: Test case starting.
TpTrace Information: 0 : 25256, 8, 2022/12/02, 15:03:50.736, 1540345152145, datacollector.dll, BlameCollector.EventsTestCaseStart: Test Case Start
TpTrace Verbose: 0 : 25256, 8, 2022/12/02, 15:03:50.736, 1540345153261, datacollector.dll, MulticastDelegateUtilities.SafeInvoke: DataCollectionEvents.TestCaseStart: Invoking callback 1/1 for Microsoft.TestPlatform.Extensions.BlameDataCollector.BlameCollector.EventsTestCaseStart, took 0 ms.
TpTrace Information: 0 : 25256, 8, 2022/12/02, 15:03:50.736, 1540345154911, datacollector.dll, DataCollectionTestCaseEventHandler: Test case 'ToDoList.Tests.UnitTests.HomeControllerTests.Index_Check_UserTasks - 38202516-3c18-2699-4131-7753fb3ba50f' started.
TpTrace Information: 0 : 25256, 8, 2022/12/02, 15:03:50.737, 1540345163228, datacollector.dll, DataCollectionTestCaseEventHandler: Test case completing.
TpTrace Information: 0 : 25256, 8, 2022/12/02, 15:03:50.738, 1540345173252, datacollector.dll, BlameCollector.EventsTestCaseEnd: Test Case End
TpTrace Verbose: 0 : 25256, 8, 2022/12/02, 15:03:50.738, 1540345174373, datacollector.dll, MulticastDelegateUtilities.SafeInvoke: DataCollectionEvents.TestCaseEnd: Invoking callback 1/1 for Microsoft.TestPlatform.Extensions.BlameDataCollector.BlameCollector.EventsTestCaseEnd, took 0 ms.
TpTrace Information: 0 : 25256, 8, 2022/12/02, 15:03:50.738, 1540345176350, datacollector.dll, DataCollectionTestCaseEventHandler: Test case 'ToDoList.Tests.UnitTests.HomeControllerTests.Index_Check_UserTasks - 38202516-3c18-2699-4131-7753fb3ba50f' completed
TpTrace Information: 0 : 25256, 8, 2022/12/02, 15:03:50.739, 1540345187097, datacollector.dll, DataCollectionTestCaseEventHandler: Test case starting.
TpTrace Information: 0 : 25256, 8, 2022/12/02, 15:03:50.741, 1540345199778, datacollector.dll, BlameCollector.EventsTestCaseStart: Test Case Start
TpTrace Verbose: 0 : 25256, 8, 2022/12/02, 15:03:50.741, 1540345202458, datacollector.dll, MulticastDelegateUtilities.SafeInvoke: DataCollectionEvents.TestCaseStart: Invoking callback 1/1 for Microsoft.TestPlatform.Extensions.BlameDataCollector.BlameCollector.EventsTestCaseStart, took 0 ms.
TpTrace Information: 0 : 25256, 8, 2022/12/02, 15:03:50.741, 1540345207154, datacollector.dll, DataCollectionTestCaseEventHandler: Test case 'ToDoList.Tests.UnitTests.HomeControllerTests.AddUserTaskReturnsARedirectAndAddsUserInValidInput - 5fddcec7-f9d5-9a0e-daa2-877efb5f84e7' started.
TpTrace Information: 0 : 25256, 8, 2022/12/02, 15:03:50.743, 1540345220355, datacollector.dll, DataCollectionTestCaseEventHandler: Test case completing.
TpTrace Information: 0 : 25256, 8, 2022/12/02, 15:03:50.744, 1540345232232, datacollector.dll, BlameCollector.EventsTestCaseEnd: Test Case End
TpTrace Verbose: 0 : 25256, 8, 2022/12/02, 15:03:50.744, 1540345233955, datacollector.dll, MulticastDelegateUtilities.SafeInvoke: DataCollectionEvents.TestCaseEnd: Invoking callback 1/1 for Microsoft.TestPlatform.Extensions.BlameDataCollector.BlameCollector.EventsTestCaseEnd, took 0 ms.
TpTrace Information: 0 : 25256, 8, 2022/12/02, 15:03:50.744, 1540345236219, datacollector.dll, DataCollectionTestCaseEventHandler: Test case 'ToDoList.Tests.UnitTests.HomeControllerTests.AddUserTaskReturnsARedirectAndAddsUserInValidInput - 5fddcec7-f9d5-9a0e-daa2-877efb5f84e7' completed
TpTrace Information: 0 : 25256, 8, 2022/12/02, 15:03:50.746, 1540345252342, datacollector.dll, DataCollectionTestCaseEventHandler: Test case starting.
TpTrace Information: 0 : 25256, 8, 2022/12/02, 15:03:50.747, 1540345265662, datacollector.dll, BlameCollector.EventsTestCaseStart: Test Case Start
TpTrace Verbose: 0 : 25256, 8, 2022/12/02, 15:03:50.747, 1540345268097, datacollector.dll, MulticastDelegateUtilities.SafeInvoke: DataCollectionEvents.TestCaseStart: Invoking callback 1/1 for Microsoft.TestPlatform.Extensions.BlameDataCollector.BlameCollector.EventsTestCaseStart, took 0 ms.
TpTrace Information: 0 : 25256, 8, 2022/12/02, 15:03:50.748, 1540345270995, datacollector.dll, DataCollectionTestCaseEventHandler: Test case 'ToDoList.Tests.UnitTests.HomeControllerTests.UpdateUserTaskStatusReturnsARedirectInputNull - 0dc4d3a8-c619-e3a5-dbc9-ae5a53c9edc4' started.
TpTrace Information: 0 : 25256, 8, 2022/12/02, 15:03:50.749, 1540345281164, datacollector.dll, DataCollectionTestCaseEventHandler: Test case completing.
TpTrace Information: 0 : 25256, 8, 2022/12/02, 15:03:50.750, 1540345293109, datacollector.dll, BlameCollector.EventsTestCaseEnd: Test Case End
TpTrace Verbose: 0 : 25256, 8, 2022/12/02, 15:03:50.750, 1540345294961, datacollector.dll, MulticastDelegateUtilities.SafeInvoke: DataCollectionEvents.TestCaseEnd: Invoking callback 1/1 for Microsoft.TestPlatform.Extensions.BlameDataCollector.BlameCollector.EventsTestCaseEnd, took 0 ms.
TpTrace Information: 0 : 25256, 8, 2022/12/02, 15:03:50.750, 1540345298725, datacollector.dll, DataCollectionTestCaseEventHandler: Test case 'ToDoList.Tests.UnitTests.HomeControllerTests.UpdateUserTaskStatusReturnsARedirectInputNull - 0dc4d3a8-c619-e3a5-dbc9-ae5a53c9edc4' completed
TpTrace Information: 0 : 25256, 8, 2022/12/02, 15:03:50.755, 1540345346508, datacollector.dll, DataCollectionTestCaseEventHandler: Test case starting.
TpTrace Information: 0 : 25256, 8, 2022/12/02, 15:03:50.757, 1540345363497, datacollector.dll, BlameCollector.EventsTestCaseStart: Test Case Start
TpTrace Verbose: 0 : 25256, 8, 2022/12/02, 15:03:50.757, 1540345365758, datacollector.dll, MulticastDelegateUtilities.SafeInvoke: DataCollectionEvents.TestCaseStart: Invoking callback 1/1 for Microsoft.TestPlatform.Extensions.BlameDataCollector.BlameCollector.EventsTestCaseStart, took 0 ms.
TpTrace Information: 0 : 25256, 8, 2022/12/02, 15:03:50.757, 1540345368126, datacollector.dll, DataCollectionTestCaseEventHandler: Test case 'ToDoList.Tests.UnitTests.HomeControllerTests.AddUserTaskReturnsARedirectAndAddsUserValidInput - 2bf62dcc-4880-861b-e23c-e560728ba36d' started.
TpTrace Information: 0 : 25256, 8, 2022/12/02, 15:03:50.758, 1540345378583, datacollector.dll, DataCollectionTestCaseEventHandler: Test case completing.
TpTrace Information: 0 : 25256, 8, 2022/12/02, 15:03:50.760, 1540345389549, datacollector.dll, BlameCollector.EventsTestCaseEnd: Test Case End
TpTrace Verbose: 0 : 25256, 8, 2022/12/02, 15:03:50.760, 1540345391147, datacollector.dll, MulticastDelegateUtilities.SafeInvoke: DataCollectionEvents.TestCaseEnd: Invoking callback 1/1 for Microsoft.TestPlatform.Extensions.BlameDataCollector.BlameCollector.EventsTestCaseEnd, took 0 ms.
TpTrace Information: 0 : 25256, 8, 2022/12/02, 15:03:50.760, 1540345393765, datacollector.dll, DataCollectionTestCaseEventHandler: Test case 'ToDoList.Tests.UnitTests.HomeControllerTests.AddUserTaskReturnsARedirectAndAddsUserValidInput - 2bf62dcc-4880-861b-e23c-e560728ba36d' completed
TpTrace Information: 0 : 25256, 8, 2022/12/02, 15:03:50.762, 1540345412686, datacollector.dll, DataCollectionTestCaseEventHandler: Test case starting.
TpTrace Information: 0 : 25256, 8, 2022/12/02, 15:03:50.763, 1540345424781, datacollector.dll, BlameCollector.EventsTestCaseStart: Test Case Start
TpTrace Verbose: 0 : 25256, 8, 2022/12/02, 15:03:50.763, 1540345426340, datacollector.dll, MulticastDelegateUtilities.SafeInvoke: DataCollectionEvents.TestCaseStart: Invoking callback 1/1 for Microsoft.TestPlatform.Extensions.BlameDataCollector.BlameCollector.EventsTestCaseStart, took 0 ms.
TpTrace Information: 0 : 25256, 8, 2022/12/02, 15:03:50.763, 1540345428289, datacollector.dll, DataCollectionTestCaseEventHandler: Test case 'ToDoList.Tests.UnitTests.HomeControllerTests.Check_Sidebar_menu - d22fe5f4-85e7-52ae-ab3d-755ab4f9c887' started.
TpTrace Information: 0 : 25256, 8, 2022/12/02, 15:03:50.765, 1540345439397, datacollector.dll, DataCollectionTestCaseEventHandler: Test case completing.
TpTrace Information: 0 : 25256, 8, 2022/12/02, 15:03:50.766, 1540345450390, datacollector.dll, BlameCollector.EventsTestCaseEnd: Test Case End
TpTrace Verbose: 0 : 25256, 8, 2022/12/02, 15:03:50.766, 1540345451591, datacollector.dll, MulticastDelegateUtilities.SafeInvoke: DataCollectionEvents.TestCaseEnd: Invoking callback 1/1 for Microsoft.TestPlatform.Extensions.BlameDataCollector.BlameCollector.EventsTestCaseEnd, took 0 ms.
TpTrace Information: 0 : 25256, 8, 2022/12/02, 15:03:50.766, 1540345453601, datacollector.dll, DataCollectionTestCaseEventHandler: Test case 'ToDoList.Tests.UnitTests.HomeControllerTests.Check_Sidebar_menu - d22fe5f4-85e7-52ae-ab3d-755ab4f9c887' completed
TpTrace Information: 0 : 25256, 8, 2022/12/02, 15:03:50.767, 1540345464692, datacollector.dll, DataCollectionTestCaseEventHandler: Test case starting.
TpTrace Information: 0 : 25256, 8, 2022/12/02, 15:03:50.768, 1540345474763, datacollector.dll, BlameCollector.EventsTestCaseStart: Test Case Start
TpTrace Verbose: 0 : 25256, 8, 2022/12/02, 15:03:50.768, 1540345475901, datacollector.dll, MulticastDelegateUtilities.SafeInvoke: DataCollectionEvents.TestCaseStart: Invoking callback 1/1 for Microsoft.TestPlatform.Extensions.BlameDataCollector.BlameCollector.EventsTestCaseStart, took 0 ms.
TpTrace Information: 0 : 25256, 8, 2022/12/02, 15:03:50.768, 1540345477590, datacollector.dll, DataCollectionTestCaseEventHandler: Test case 'ToDoList.Tests.UnitTests.HomeControllerTests.Index_CheckTaskCategories - 5962a33d-eefa-fc63-996b-b525766b4872' started.
TpTrace Information: 0 : 25256, 8, 2022/12/02, 15:03:50.769, 1540345485870, datacollector.dll, DataCollectionTestCaseEventHandler: Test case completing.
TpTrace Information: 0 : 25256, 8, 2022/12/02, 15:03:50.770, 1540345495748, datacollector.dll, BlameCollector.EventsTestCaseEnd: Test Case End
TpTrace Verbose: 0 : 25256, 8, 2022/12/02, 15:03:50.770, 1540345496858, datacollector.dll, MulticastDelegateUtilities.SafeInvoke: DataCollectionEvents.TestCaseEnd: Invoking callback 1/1 for Microsoft.TestPlatform.Extensions.BlameDataCollector.BlameCollector.EventsTestCaseEnd, took 0 ms.
TpTrace Information: 0 : 25256, 8, 2022/12/02, 15:03:50.770, 1540345498617, datacollector.dll, DataCollectionTestCaseEventHandler: Test case 'ToDoList.Tests.UnitTests.HomeControllerTests.Index_CheckTaskCategories - 5962a33d-eefa-fc63-996b-b525766b4872' completed
TpTrace Information: 0 : 25256, 8, 2022/12/02, 15:03:50.787, 1540345664629, datacollector.dll, DataCollectionTestCaseEventHandler: Test session ended
TpTrace Information: 0 : 25256, 1, 2022/12/02, 15:03:50.913, 1540346926617, datacollector.dll, DataCollectionRequestHandler.ProcessRequests: Datacollector received message: (DataCollection.AfterTestRunEnd) -> {"MessageType":"DataCollection.AfterTestRunEnd","Payload":false}
TpTrace Information: 0 : 25256, 1, 2022/12/02, 15:03:50.915, 1540346944464, datacollector.dll, Blame Collector: Session End
TpTrace Information: 0 : 25256, 1, 2022/12/02, 15:03:50.915, 1540346946101, datacollector.dll, BlameCollector.CollectDumpAndAbortTesthost: Custom path to dump directory was provided via VSTEST_DUMP_PATH. Skipping attachment upload, the caller is responsible for collecting and uploading the dumps themselves.
TpTrace Verbose: 0 : 25256, 1, 2022/12/02, 15:03:50.915, 1540346947628, datacollector.dll, MulticastDelegateUtilities.SafeInvoke: DataCollectionEvents.SessionEnd: Invoking callback 1/1 for Microsoft.TestPlatform.Extensions.BlameDataCollector.BlameCollector.SessionEndedHandler, took 0 ms.
TpTrace Information: 0 : 25256, 1, 2022/12/02, 15:03:50.917, 1540346959429, datacollector.dll, DataCollectionManager.CleanupPlugins: CleanupPlugins called
TpTrace Verbose: 0 : 25256, 1, 2022/12/02, 15:03:50.917, 1540346960443, datacollector.dll, DataCollectionManager.CleanupPlugins: Cleaning up 1 plugins
TpTrace Verbose: 0 : 25256, 1, 2022/12/02, 15:03:50.917, 1540346962145, datacollector.dll, dataCollectorInfo.DisposeDataCollector: calling Dispose() on Microsoft.TestPlatform.Extensions.BlameDataCollector.BlameCollector
TpTrace Information: 0 : 25256, 1, 2022/12/02, 15:03:50.917, 1540346963654, datacollector.dll, DataCollectionManager.CleanupPlugins: CleanupPlugins finished
TpTrace Information: 0 : 25256, 1, 2022/12/02, 15:03:50.929, 1540347083034, datacollector.dll, DataCollectionRequestHandler.ProcessRequests : Session End message received from server. Closing the connection.
TpTrace Information: 0 : 25256, 1, 2022/12/02, 15:03:50.929, 1540347087476, datacollector.dll, Closing the connection !
TpTrace Information: 0 : 25256, 1, 2022/12/02, 15:03:50.929, 1540347088366, datacollector.dll, DataCollectionRequestHandler.ProcessRequests : DataCollection completed
TpTrace Information: 0 : 25256, 1, 2022/12/02, 15:03:50.929, 1540347088937, datacollector.dll, Program.Main: exiting datacollector process.
