TpTrace Verbose: 0 : 30796, 1, 2022/12/02, 15:03:46.115, 1540298964357, testhost.dll, Version: 17.1.0
TpTrace Information: 0 : 30796, 1, 2022/12/02, 15:03:46.127, 1540299063430, testhost.dll, DefaultEngineInvoker.Invoke: Testhost process started with args :[--port, 52619],[--endpoint, 127.0.0.1:052619],[--role, client],[--parentprocessid, 33628],[--diag, D:\csharp\lern\ToDoList.Test\bin\Debug\netcoreapp3.1\fine-code-coverage\coverage-tool-output\diagnostics.host.22-12-02_15-03-45_70170_7.log],[--tracelevel, 4],[--datacollectionport, 52618],[--telemetryoptedin, false]
TpTrace Information: 0 : 30796, 1, 2022/12/02, 15:03:46.132, 1540299110959, testhost.dll, Setting up debug trace listener.
TpTrace Verbose: 0 : 30796, 1, 2022/12/02, 15:03:46.137, 1540299164103, testhost.dll, TestPlatformTraceListener.Setup: Replacing listener 0 with TestHostTraceListener.
TpTrace Verbose: 0 : 30796, 1, 2022/12/02, 15:03:46.137, 1540299165904, testhost.dll, TestPlatformTraceListener.Setup: Added test platform trace listener.
TpTrace Information: 0 : 30796, 1, 2022/12/02, 15:03:46.138, 1540299173689, testhost.dll, DefaultEngineInvoker.SetParentProcessExitCallback: Monitoring parent process with id: '33628'
TpTrace Information: 0 : 30796, 1, 2022/12/02, 15:03:46.153, 1540299323560, testhost.dll, DefaultEngineInvoker.GetConnectionInfo: Initialize communication on endpoint address: '127.0.0.1:052619'
TpTrace Information: 0 : 30796, 1, 2022/12/02, 15:03:46.189, 1540299681182, testhost.dll, SocketClient.Start: connecting to server endpoint: 127.0.0.1:052619
TpTrace Information: 0 : 30796, 1, 2022/12/02, 15:03:46.203, 1540299821279, testhost.dll, DefaultEngineInvoker.ConnectToDatacollector: Connecting to datacollector, port: 52618
TpTrace Information: 0 : 30796, 4, 2022/12/02, 15:03:46.208, 1540299875005, testhost.dll, SocketClient.OnServerConnected: connected to server endpoint: 127.0.0.1:052619
TpTrace Information: 0 : 30796, 1, 2022/12/02, 15:03:46.213, 1540299922434, testhost.dll, Trying to connect to server on socket : 127.0.0.1:52618 
TpTrace Verbose: 0 : 30796, 4, 2022/12/02, 15:03:46.213, 1540299925703, testhost.dll, Connected to server, and starting MessageLoopAsync
TpTrace Verbose: 0 : 30796, 1, 2022/12/02, 15:03:46.214, 1540299934054, testhost.dll, SocketCommunicationManager : SetupClientAsync : Attempting to connect to the server.
TpTrace Information: 0 : 30796, 10, 2022/12/02, 15:03:46.218, 1540299970494, testhost.dll, Connected to the server successfully 
TpTrace Information: 0 : 30796, 10, 2022/12/02, 15:03:46.218, 1540299972303, testhost.dll, Using the buffer size of 16384 bytes
TpTrace Information: 0 : 30796, 1, 2022/12/02, 15:03:46.219, 1540299982040, testhost.dll, DefaultEngineInvoker.Invoke: Start Request Processing.
TpTrace Verbose: 0 : 30796, 9, 2022/12/02, 15:03:46.220, 1540299989556, testhost.dll, TcpClientExtensions.MessageLoopAsync: Polling on remoteEndPoint: [::ffff:127.0.0.1]:52619 localEndPoint: [::ffff:127.0.0.1]:52620
TpTrace Verbose: 0 : 30796, 9, 2022/12/02, 15:03:46.220, 1540299997237, testhost.dll, TcpClientExtensions.MessageLoopAsync: NotifyDataAvailable remoteEndPoint: [::ffff:127.0.0.1]:52619 localEndPoint: [::ffff:127.0.0.1]:52620
TpTrace Information: 0 : 30796, 11, 2022/12/02, 15:03:46.220, 1540299998174, testhost.dll, DefaultEngineInvoker.StartProcessingAsync: Connected to vstest.console, Starting process requests.
TpTrace Information: 0 : 30796, 9, 2022/12/02, 15:03:46.593, 1540303722170, testhost.dll, TestRequestHandler.OnMessageReceived: received message: (ProtocolVersion) -> 7
TpTrace Verbose: 0 : 30796, 9, 2022/12/02, 15:03:46.716, 1540304954050, testhost.dll, TestRequestHandler.SendData:  sending data from testhost: {"Version":5,"MessageType":"TestSession.Message","Payload":{"MessageLevel":0,"Message":"Logging TestHost Diagnostics in file: D:\\csharp\\lern\\ToDoList.Test\\bin\\Debug\\netcoreapp3.1\\fine-code-coverage\\coverage-tool-output\\diagnostics.host.22-12-02_15-03-45_70170_7.log"}}
TpTrace Verbose: 0 : 30796, 9, 2022/12/02, 15:03:46.716, 1540304959037, testhost.dll, TcpClientExtensions.MessageLoopAsync: Polling on remoteEndPoint: [::ffff:127.0.0.1]:52619 localEndPoint: [::ffff:127.0.0.1]:52620
TpTrace Verbose: 0 : 30796, 9, 2022/12/02, 15:03:46.717, 1540304962489, testhost.dll, TcpClientExtensions.MessageLoopAsync: NotifyDataAvailable remoteEndPoint: [::ffff:127.0.0.1]:52619 localEndPoint: [::ffff:127.0.0.1]:52620
TpTrace Information: 0 : 30796, 9, 2022/12/02, 15:03:46.731, 1540305107532, testhost.dll, TestRequestHandler.OnMessageReceived: received message: (TestExecution.Initialize) -> [
  "D:\\csharp\\lern\\ToDoList.Test\\bin\\Debug\\netcoreapp3.1\\fine-code-coverage\\build-output\\xunit.runner.visualstudio.dotnetcore.testadapter.dll"
]
TpTrace Verbose: 0 : 30796, 9, 2022/12/02, 15:03:46.751, 1540305308310, testhost.dll, TcpClientExtensions.MessageLoopAsync: Polling on remoteEndPoint: [::ffff:127.0.0.1]:52619 localEndPoint: [::ffff:127.0.0.1]:52620
TpTrace Verbose: 0 : 30796, 9, 2022/12/02, 15:03:46.752, 1540305310528, testhost.dll, TcpClientExtensions.MessageLoopAsync: NotifyDataAvailable remoteEndPoint: [::ffff:127.0.0.1]:52619 localEndPoint: [::ffff:127.0.0.1]:52620
TpTrace Information: 0 : 30796, 5, 2022/12/02, 15:03:46.753, 1540305322227, testhost.dll, TestRequestHandler.OnMessageReceived: Running job 'TestExecution.Initialize'.
TpTrace Verbose: 0 : 30796, 5, 2022/12/02, 15:03:46.760, 1540305390012, testhost.dll, TestExecutorService: Loading the extensions
TpTrace Information: 0 : 30796, 9, 2022/12/02, 15:03:46.762, 1540305409480, testhost.dll, TestRequestHandler.OnMessageReceived: received message: (TestExecution.StartWithSources) -> {
  "AdapterSourceMap": {
    "_none_": [
      "D:\\csharp\\lern\\ToDoList.Test\\bin\\Debug\\netcoreapp3.1\\fine-code-coverage\\build-output\\ToDoList.Tests.dll"
    ]
  },
  "RunSettings": "<RunSettings>\r\n  <RunConfiguration>\r\n    <ResultsDirectory>D:\\csharp\\lern\\ToDoList.Test\\bin\\Debug\\netcoreapp3.1\\fine-code-coverage\\coverage-tool-output</ResultsDirectory>\r\n    <TargetFrameworkVersion>.NETCoreApp,Version=v3.1</TargetFrameworkVersion>\r\n    <DesignMode>False</DesignMode>\r\n    <CollectSourceInformation>False</CollectSourceInformation>\r\n  </RunConfiguration>\r\n  <LoggerRunSettings>\r\n    <Loggers>\r\n      <Logger friendlyName=\"blame\" enabled=\"True\" />\r\n      <Logger friendlyName=\"Console\" uri=\"logger://microsoft/TestPlatform/ConsoleLogger/v1\" assemblyQualifiedName=\"Microsoft.VisualStudio.TestPlatform.CommandLine.Internal.ConsoleLogger, vstest.console, Version=15.0.0.0, Culture=neutral, PublicKeyToken=b03f5f7f11d50a3a\" codeBase=\"C:\\Program Files\\dotnet\\sdk\\6.0.400\\vstest.console.dll\" enabled=\"True\" />\r\n    </Loggers>\r\n  </LoggerRunSettings>\r\n  <DataCollectionRunSettings>\r\n    <DataCollectors>\r\n      <DataCollector friendlyName=\"blame\" enabled=\"True\">\r\n        <Configuration>\r\n          <ResultsDirectory>D:\\csharp\\lern\\ToDoList.Test\\bin\\Debug\\netcoreapp3.1\\fine-code-coverage\\coverage-tool-output</ResultsDirectory>\r\n        </Configuration>\r\n      </DataCollector>\r\n    </DataCollectors>\r\n  </DataCollectionRunSettings>\r\n</RunSettings>",
  "TestExecutionContext": {
    "FrequencyOfRunStatsChangeEvent": 10,
    "RunStatsChangeEventTimeout": "00:00:01.5000000",
    "InIsolation": false,
    "KeepAlive": false,
    "AreTestCaseLevelEventsRequired": false,
    "IsDebug": false,
    "TestCaseFilter": null,
    "FilterOptions": null
  },
  "Package": null
}
TpTrace Verbose: 0 : 30796, 5, 2022/12/02, 15:03:46.764, 1540305436077, testhost.dll, TestPluginCache.DiscoverTestExtensions: finding test extensions in assemblies ends with: TestAdapter.dll TPluginInfo: Microsoft.VisualStudio.TestPlatform.Common.ExtensionFramework.Utilities.TestExecutorPluginInformation TExtension: Microsoft.VisualStudio.TestPlatform.ObjectModel.Adapter.ITestExecutor
TpTrace Verbose: 0 : 30796, 5, 2022/12/02, 15:03:46.766, 1540305457977, testhost.dll, TestPluginCache.GetExtensionPaths: Filtered extension paths: 
TpTrace Verbose: 0 : 30796, 5, 2022/12/02, 15:03:46.767, 1540305466300, testhost.dll, TestPluginCache.GetExtensionPaths: Added default extension paths: D:\csharp\lern\ToDoList.Test\bin\Debug\netcoreapp3.1\fine-code-coverage\build-output\xunit.runner.visualstudio.dotnetcore.testadapter.dll
TpTrace Verbose: 0 : 30796, 5, 2022/12/02, 15:03:46.767, 1540305468597, testhost.dll, TestPluginCache.GetExtensionPaths: Added unfilterableExtensionPaths: 
TpTrace Information: 0 : 30796, 5, 2022/12/02, 15:03:46.773, 1540305523391, testhost.dll, AssemblyResolver.ctor: Creating AssemblyResolver with searchDirectories D:\csharp\lern\ToDoList.Test\bin\Debug\netcoreapp3.1\fine-code-coverage\build-output
TpTrace Verbose: 0 : 30796, 5, 2022/12/02, 15:03:46.778, 1540305572792, testhost.dll, TestPluginCache.DiscoverTestExtensions: Discovering the extensions using extension path.
TpTrace Verbose: 0 : 30796, 5, 2022/12/02, 15:03:46.778, 1540305576074, testhost.dll, TestPluginCache.GetExtensionPaths: Filtered extension paths: 
TpTrace Verbose: 0 : 30796, 5, 2022/12/02, 15:03:46.778, 1540305577228, testhost.dll, TestPluginCache.GetExtensionPaths: Added default extension paths: D:\csharp\lern\ToDoList.Test\bin\Debug\netcoreapp3.1\fine-code-coverage\build-output\xunit.runner.visualstudio.dotnetcore.testadapter.dll
TpTrace Verbose: 0 : 30796, 5, 2022/12/02, 15:03:46.778, 1540305578199, testhost.dll, TestPluginCache.GetExtensionPaths: Added unfilterableExtensionPaths: 
TpTrace Verbose: 0 : 30796, 5, 2022/12/02, 15:03:46.779, 1540305580128, testhost.dll, TestPluginCache.DiscoverTestExtensions: Discovering the extensions using allExtensionPaths: D:\csharp\lern\ToDoList.Test\bin\Debug\netcoreapp3.1\fine-code-coverage\build-output\xunit.runner.visualstudio.dotnetcore.testadapter.dll
TpTrace Information: 0 : 30796, 5, 2022/12/02, 15:03:46.781, 1540305603253, testhost.dll, AssemblyResolver.AddSearchDirectories: Adding more searchDirectories D:\csharp\lern\ToDoList.Test\bin\Debug\netcoreapp3.1\fine-code-coverage\build-output
TpTrace Information: 0 : 30796, 5, 2022/12/02, 15:03:46.794, 1540305734574, testhost.dll, AssemblyResolver.OnResolve: xunit.runner.visualstudio.dotnetcore.testadapter: Resolving assembly.
TpTrace Information: 0 : 30796, 5, 2022/12/02, 15:03:46.794, 1540305736816, testhost.dll, AssemblyResolver.OnResolve: xunit.runner.visualstudio.dotnetcore.testadapter: Searching in: 'D:\csharp\lern\ToDoList.Test\bin\Debug\netcoreapp3.1\fine-code-coverage\build-output'.
TpTrace Information: 0 : 30796, 5, 2022/12/02, 15:03:46.797, 1540305762487, testhost.dll, AssemblyResolver.OnResolve: xunit.runner.visualstudio.dotnetcore.testadapter: Loading assembly 'D:\csharp\lern\ToDoList.Test\bin\Debug\netcoreapp3.1\fine-code-coverage\build-output\xunit.runner.visualstudio.dotnetcore.testadapter.dll'.
TpTrace Information: 0 : 30796, 5, 2022/12/02, 15:03:46.798, 1540305777789, testhost.dll, AssemblyResolver.OnResolve: Resolved assembly: xunit.runner.visualstudio.dotnetcore.testadapter, from path: D:\csharp\lern\ToDoList.Test\bin\Debug\netcoreapp3.1\fine-code-coverage\build-output\xunit.runner.visualstudio.dotnetcore.testadapter.dll
TpTrace Information: 0 : 30796, 5, 2022/12/02, 15:03:46.809, 1540305881851, testhost.dll, AssemblyResolver.OnResolve: xunit.runner.utility.netcoreapp10: Resolving assembly.
TpTrace Information: 0 : 30796, 5, 2022/12/02, 15:03:46.809, 1540305884545, testhost.dll, AssemblyResolver.OnResolve: xunit.runner.utility.netcoreapp10: Searching in: 'D:\csharp\lern\ToDoList.Test\bin\Debug\netcoreapp3.1\fine-code-coverage\build-output'.
TpTrace Information: 0 : 30796, 5, 2022/12/02, 15:03:46.810, 1540305890847, testhost.dll, AssemblyResolver.OnResolve: xunit.runner.utility.netcoreapp10: Loading assembly 'D:\csharp\lern\ToDoList.Test\bin\Debug\netcoreapp3.1\fine-code-coverage\build-output\xunit.runner.utility.netcoreapp10.dll'.
TpTrace Information: 0 : 30796, 5, 2022/12/02, 15:03:46.811, 1540305901769, testhost.dll, AssemblyResolver.OnResolve: Resolved assembly: xunit.runner.utility.netcoreapp10, from path: D:\csharp\lern\ToDoList.Test\bin\Debug\netcoreapp3.1\fine-code-coverage\build-output\xunit.runner.utility.netcoreapp10.dll
TpTrace Verbose: 0 : 30796, 5, 2022/12/02, 15:03:46.825, 1540306044865, testhost.dll, TestPluginCache: Discovered the extensions using extension path ''.
TpTrace Verbose: 0 : 30796, 5, 2022/12/02, 15:03:46.826, 1540306058533, testhost.dll, TestPluginCache: Discoverers are ''.
TpTrace Verbose: 0 : 30796, 5, 2022/12/02, 15:03:46.827, 1540306061050, testhost.dll, TestPluginCache: Executors are 'executor://xunit/VsTestRunner2/netcoreapp'.
TpTrace Verbose: 0 : 30796, 5, 2022/12/02, 15:03:46.827, 1540306063294, testhost.dll, TestPluginCache: Executors2 are ''.
TpTrace Verbose: 0 : 30796, 5, 2022/12/02, 15:03:46.827, 1540306065092, testhost.dll, TestPluginCache: Setting providers are ''.
TpTrace Verbose: 0 : 30796, 5, 2022/12/02, 15:03:46.827, 1540306066792, testhost.dll, TestPluginCache: Loggers are ''.
TpTrace Verbose: 0 : 30796, 5, 2022/12/02, 15:03:46.835, 1540306143592, testhost.dll, TestPluginCache.DiscoverTestExtensions: finding test extensions in assemblies ends with: TestAdapter.dll TPluginInfo: Microsoft.VisualStudio.TestPlatform.Common.ExtensionFramework.Utilities.TestExecutorPluginInformation2 TExtension: Microsoft.VisualStudio.TestPlatform.ObjectModel.Adapter.ITestExecutor2
TpTrace Verbose: 0 : 30796, 5, 2022/12/02, 15:03:46.836, 1540306153594, testhost.dll, TestPluginCache.GetExtensionPaths: Filtered extension paths: 
TpTrace Verbose: 0 : 30796, 5, 2022/12/02, 15:03:46.836, 1540306155786, testhost.dll, TestPluginCache.GetExtensionPaths: Added default extension paths: D:\csharp\lern\ToDoList.Test\bin\Debug\netcoreapp3.1\fine-code-coverage\build-output\xunit.runner.visualstudio.dotnetcore.testadapter.dll
TpTrace Verbose: 0 : 30796, 5, 2022/12/02, 15:03:46.836, 1540306156734, testhost.dll, TestPluginCache.GetExtensionPaths: Added unfilterableExtensionPaths: 
TpTrace Information: 0 : 30796, 5, 2022/12/02, 15:03:46.837, 1540306160375, testhost.dll, AssemblyResolver.AddSearchDirectories: Adding more searchDirectories D:\csharp\lern\ToDoList.Test\bin\Debug\netcoreapp3.1\fine-code-coverage\build-output
TpTrace Verbose: 0 : 30796, 5, 2022/12/02, 15:03:46.837, 1540306162479, testhost.dll, TestPluginCache.DiscoverTestExtensions: Discovering the extensions using extension path.
TpTrace Verbose: 0 : 30796, 5, 2022/12/02, 15:03:46.837, 1540306163293, testhost.dll, TestPluginCache.GetExtensionPaths: Filtered extension paths: 
TpTrace Verbose: 0 : 30796, 5, 2022/12/02, 15:03:46.837, 1540306163832, testhost.dll, TestPluginCache.GetExtensionPaths: Added default extension paths: D:\csharp\lern\ToDoList.Test\bin\Debug\netcoreapp3.1\fine-code-coverage\build-output\xunit.runner.visualstudio.dotnetcore.testadapter.dll
TpTrace Verbose: 0 : 30796, 5, 2022/12/02, 15:03:46.837, 1540306164341, testhost.dll, TestPluginCache.GetExtensionPaths: Added unfilterableExtensionPaths: 
TpTrace Verbose: 0 : 30796, 5, 2022/12/02, 15:03:46.837, 1540306165132, testhost.dll, TestPluginCache.DiscoverTestExtensions: Discovering the extensions using allExtensionPaths: D:\csharp\lern\ToDoList.Test\bin\Debug\netcoreapp3.1\fine-code-coverage\build-output\xunit.runner.visualstudio.dotnetcore.testadapter.dll
TpTrace Information: 0 : 30796, 5, 2022/12/02, 15:03:46.837, 1540306166443, testhost.dll, AssemblyResolver.AddSearchDirectories: Adding more searchDirectories D:\csharp\lern\ToDoList.Test\bin\Debug\netcoreapp3.1\fine-code-coverage\build-output
TpTrace Verbose: 0 : 30796, 5, 2022/12/02, 15:03:46.838, 1540306174136, testhost.dll, TestPluginCache: Discovered the extensions using extension path ''.
TpTrace Verbose: 0 : 30796, 5, 2022/12/02, 15:03:46.838, 1540306176131, testhost.dll, TestPluginCache: Discoverers are ''.
TpTrace Verbose: 0 : 30796, 5, 2022/12/02, 15:03:46.838, 1540306177134, testhost.dll, TestPluginCache: Executors are 'executor://xunit/VsTestRunner2/netcoreapp'.
TpTrace Verbose: 0 : 30796, 5, 2022/12/02, 15:03:46.838, 1540306178784, testhost.dll, TestPluginCache: Executors2 are ''.
TpTrace Verbose: 0 : 30796, 5, 2022/12/02, 15:03:46.839, 1540306179654, testhost.dll, TestPluginCache: Setting providers are ''.
TpTrace Verbose: 0 : 30796, 5, 2022/12/02, 15:03:46.839, 1540306181622, testhost.dll, TestPluginCache: Loggers are ''.
TpTrace Verbose: 0 : 30796, 9, 2022/12/02, 15:03:46.841, 1540306208614, testhost.dll, TcpClientExtensions.MessageLoopAsync: Polling on remoteEndPoint: [::ffff:127.0.0.1]:52619 localEndPoint: [::ffff:127.0.0.1]:52620
TpTrace Information: 0 : 30796, 5, 2022/12/02, 15:03:46.849, 1540306288550, testhost.dll, TestPluginManager.CreateTestExtension: Attempting to load test extension: Xunit.Runner.VisualStudio.VsTestRunner
TpTrace Verbose: 0 : 30796, 5, 2022/12/02, 15:03:46.850, 1540306291738, testhost.dll, TestExecutorExtensionManager: Loading executor Xunit.Runner.VisualStudio.VsTestRunner
TpTrace Verbose: 0 : 30796, 5, 2022/12/02, 15:03:46.850, 1540306292571, testhost.dll, TestExecutorService: Loaded the executors
TpTrace Verbose: 0 : 30796, 5, 2022/12/02, 15:03:46.853, 1540306321270, testhost.dll, TestPluginCache.DiscoverTestExtensions: finding test extensions in assemblies ends with: TestAdapter.dll TPluginInfo: Microsoft.VisualStudio.TestPlatform.Common.ExtensionFramework.Utilities.TestSettingsProviderPluginInformation TExtension: Microsoft.VisualStudio.TestPlatform.ObjectModel.Adapter.ISettingsProvider
TpTrace Verbose: 0 : 30796, 5, 2022/12/02, 15:03:46.853, 1540306324074, testhost.dll, TestPluginCache.GetExtensionPaths: Filtered extension paths: 
TpTrace Verbose: 0 : 30796, 5, 2022/12/02, 15:03:46.853, 1540306325054, testhost.dll, TestPluginCache.GetExtensionPaths: Added default extension paths: D:\csharp\lern\ToDoList.Test\bin\Debug\netcoreapp3.1\fine-code-coverage\build-output\xunit.runner.visualstudio.dotnetcore.testadapter.dll
TpTrace Verbose: 0 : 30796, 5, 2022/12/02, 15:03:46.853, 1540306325970, testhost.dll, TestPluginCache.GetExtensionPaths: Added unfilterableExtensionPaths: 
TpTrace Information: 0 : 30796, 5, 2022/12/02, 15:03:46.853, 1540306327774, testhost.dll, AssemblyResolver.AddSearchDirectories: Adding more searchDirectories D:\csharp\lern\ToDoList.Test\bin\Debug\netcoreapp3.1\fine-code-coverage\build-output
TpTrace Verbose: 0 : 30796, 5, 2022/12/02, 15:03:46.853, 1540306328558, testhost.dll, TestPluginCache.DiscoverTestExtensions: Discovering the extensions using extension path.
TpTrace Verbose: 0 : 30796, 5, 2022/12/02, 15:03:46.854, 1540306329152, testhost.dll, TestPluginCache.GetExtensionPaths: Filtered extension paths: 
TpTrace Verbose: 0 : 30796, 5, 2022/12/02, 15:03:46.854, 1540306329675, testhost.dll, TestPluginCache.GetExtensionPaths: Added default extension paths: D:\csharp\lern\ToDoList.Test\bin\Debug\netcoreapp3.1\fine-code-coverage\build-output\xunit.runner.visualstudio.dotnetcore.testadapter.dll
TpTrace Verbose: 0 : 30796, 5, 2022/12/02, 15:03:46.854, 1540306330295, testhost.dll, TestPluginCache.GetExtensionPaths: Added unfilterableExtensionPaths: 
TpTrace Verbose: 0 : 30796, 5, 2022/12/02, 15:03:46.854, 1540306330884, testhost.dll, TestPluginCache.DiscoverTestExtensions: Discovering the extensions using allExtensionPaths: D:\csharp\lern\ToDoList.Test\bin\Debug\netcoreapp3.1\fine-code-coverage\build-output\xunit.runner.visualstudio.dotnetcore.testadapter.dll
TpTrace Information: 0 : 30796, 5, 2022/12/02, 15:03:46.854, 1540306331987, testhost.dll, AssemblyResolver.AddSearchDirectories: Adding more searchDirectories D:\csharp\lern\ToDoList.Test\bin\Debug\netcoreapp3.1\fine-code-coverage\build-output
TpTrace Verbose: 0 : 30796, 5, 2022/12/02, 15:03:46.854, 1540306338618, testhost.dll, TestPluginCache: Discovered the extensions using extension path ''.
TpTrace Verbose: 0 : 30796, 5, 2022/12/02, 15:03:46.855, 1540306339557, testhost.dll, TestPluginCache: Discoverers are ''.
TpTrace Verbose: 0 : 30796, 5, 2022/12/02, 15:03:46.855, 1540306340122, testhost.dll, TestPluginCache: Executors are 'executor://xunit/VsTestRunner2/netcoreapp'.
TpTrace Verbose: 0 : 30796, 5, 2022/12/02, 15:03:46.855, 1540306340652, testhost.dll, TestPluginCache: Executors2 are ''.
TpTrace Verbose: 0 : 30796, 5, 2022/12/02, 15:03:46.855, 1540306341376, testhost.dll, TestPluginCache: Setting providers are ''.
TpTrace Verbose: 0 : 30796, 5, 2022/12/02, 15:03:46.855, 1540306341992, testhost.dll, TestPluginCache: Loggers are ''.
TpTrace Verbose: 0 : 30796, 5, 2022/12/02, 15:03:46.857, 1540306366756, testhost.dll, TestExecutorService: Loaded the settings providers
TpTrace Information: 0 : 30796, 5, 2022/12/02, 15:03:46.857, 1540306368650, testhost.dll, TestExecutorService: Loaded the extensions
TpTrace Information: 0 : 30796, 5, 2022/12/02, 15:03:46.859, 1540306381226, testhost.dll, TestRequestHandler.OnMessageReceived: Running job 'TestExecution.StartWithSources'.
TpTrace Information: 0 : 30796, 5, 2022/12/02, 15:03:47.031, 1540308100082, testhost.dll, TestDiscoveryManager: Discovering tests from sources D:\csharp\lern\ToDoList.Test\bin\Debug\netcoreapp3.1\fine-code-coverage\build-output\ToDoList.Tests.dll
TpTrace Verbose: 0 : 30796, 5, 2022/12/02, 15:03:47.036, 1540308154532, testhost.dll, TestPluginCache.DiscoverTestExtensions: finding test extensions in assemblies ends with: TestAdapter.dll TPluginInfo: Microsoft.VisualStudio.TestPlatform.Common.ExtensionFramework.Utilities.TestDiscovererPluginInformation TExtension: Microsoft.VisualStudio.TestPlatform.ObjectModel.Adapter.ITestDiscoverer
TpTrace Verbose: 0 : 30796, 5, 2022/12/02, 15:03:47.036, 1540308157369, testhost.dll, TestPluginCache.GetExtensionPaths: Filtered extension paths: 
TpTrace Verbose: 0 : 30796, 5, 2022/12/02, 15:03:47.036, 1540308158184, testhost.dll, TestPluginCache.GetExtensionPaths: Added default extension paths: D:\csharp\lern\ToDoList.Test\bin\Debug\netcoreapp3.1\fine-code-coverage\build-output\xunit.runner.visualstudio.dotnetcore.testadapter.dll
TpTrace Verbose: 0 : 30796, 5, 2022/12/02, 15:03:47.036, 1540308158735, testhost.dll, TestPluginCache.GetExtensionPaths: Added unfilterableExtensionPaths: 
TpTrace Information: 0 : 30796, 5, 2022/12/02, 15:03:47.037, 1540308160415, testhost.dll, AssemblyResolver.AddSearchDirectories: Adding more searchDirectories D:\csharp\lern\ToDoList.Test\bin\Debug\netcoreapp3.1\fine-code-coverage\build-output
TpTrace Verbose: 0 : 30796, 5, 2022/12/02, 15:03:47.037, 1540308161153, testhost.dll, TestPluginCache.DiscoverTestExtensions: Discovering the extensions using extension path.
TpTrace Verbose: 0 : 30796, 5, 2022/12/02, 15:03:47.037, 1540308161834, testhost.dll, TestPluginCache.GetExtensionPaths: Filtered extension paths: 
TpTrace Verbose: 0 : 30796, 5, 2022/12/02, 15:03:47.037, 1540308162340, testhost.dll, TestPluginCache.GetExtensionPaths: Added default extension paths: D:\csharp\lern\ToDoList.Test\bin\Debug\netcoreapp3.1\fine-code-coverage\build-output\xunit.runner.visualstudio.dotnetcore.testadapter.dll
TpTrace Verbose: 0 : 30796, 5, 2022/12/02, 15:03:47.037, 1540308162834, testhost.dll, TestPluginCache.GetExtensionPaths: Added unfilterableExtensionPaths: 
TpTrace Verbose: 0 : 30796, 5, 2022/12/02, 15:03:47.037, 1540308163483, testhost.dll, TestPluginCache.DiscoverTestExtensions: Discovering the extensions using allExtensionPaths: D:\csharp\lern\ToDoList.Test\bin\Debug\netcoreapp3.1\fine-code-coverage\build-output\xunit.runner.visualstudio.dotnetcore.testadapter.dll
TpTrace Information: 0 : 30796, 5, 2022/12/02, 15:03:47.037, 1540308164422, testhost.dll, AssemblyResolver.AddSearchDirectories: Adding more searchDirectories D:\csharp\lern\ToDoList.Test\bin\Debug\netcoreapp3.1\fine-code-coverage\build-output
TpTrace Information: 0 : 30796, 5, 2022/12/02, 15:03:47.043, 1540308221174, testhost.dll, AssemblyResolver.OnResolve: System.ComponentModel.Primitives.resources: Resolving assembly.
TpTrace Information: 0 : 30796, 5, 2022/12/02, 15:03:47.043, 1540308223112, testhost.dll, AssemblyResolver.OnResolve: System.ComponentModel.Primitives.resources: Searching in: 'D:\csharp\lern\ToDoList.Test\bin\Debug\netcoreapp3.1\fine-code-coverage\build-output'.
TpTrace Information: 0 : 30796, 5, 2022/12/02, 15:03:47.047, 1540308267784, testhost.dll, AssemblyResolver.OnResolve: System.ComponentModel.Primitives.resources: Assembly path does not exist: 'D:\csharp\lern\ToDoList.Test\bin\Debug\netcoreapp3.1\fine-code-coverage\build-output\System.ComponentModel.Primitives.resources.dll', returning.
TpTrace Information: 0 : 30796, 5, 2022/12/02, 15:03:47.048, 1540308271037, testhost.dll, AssemblyResolver.OnResolve: System.ComponentModel.Primitives.resources: Assembly path does not exist: 'D:\csharp\lern\ToDoList.Test\bin\Debug\netcoreapp3.1\fine-code-coverage\build-output\System.ComponentModel.Primitives.resources.exe', returning.
TpTrace Information: 0 : 30796, 5, 2022/12/02, 15:03:47.048, 1540308271829, testhost.dll, AssemblyResolver.OnResolve: System.ComponentModel.Primitives.resources: Failed to load assembly.
TpTrace Verbose: 0 : 30796, 5, 2022/12/02, 15:03:47.048, 1540308278459, testhost.dll, CurrentDomainAssemblyResolve: Resolving assembly 'System.ComponentModel.Primitives.resources'.
TpTrace Information: 0 : 30796, 5, 2022/12/02, 15:03:47.049, 1540308280368, testhost.dll, AssemblyResolver.OnResolve: System.ComponentModel.Primitives.resources: Resolving assembly.
TpTrace Information: 0 : 30796, 5, 2022/12/02, 15:03:47.049, 1540308281290, testhost.dll, AssemblyResolver.OnResolve: System.ComponentModel.Primitives.resources: Resolved from cache.
TpTrace Verbose: 0 : 30796, 5, 2022/12/02, 15:03:47.049, 1540308282169, testhost.dll, CurrentDomainAssemblyResolve: Resolving assembly 'System.ComponentModel.Primitives.resources'.
TpTrace Verbose: 0 : 30796, 5, 2022/12/02, 15:03:47.049, 1540308282971, testhost.dll, CurrentDomainAssemblyResolve: Failed to resolve assembly 'System.ComponentModel.Primitives.resources'.
TpTrace Verbose: 0 : 30796, 5, 2022/12/02, 15:03:47.051, 1540308304647, testhost.dll, CurrentDomainAssemblyResolve: Failed to resolve assembly 'System.ComponentModel.Primitives.resources'.
TpTrace Information: 0 : 30796, 5, 2022/12/02, 15:03:47.052, 1540308313141, testhost.dll, AssemblyResolver.OnResolve: System.ComponentModel.Primitives.resources: Resolving assembly.
TpTrace Information: 0 : 30796, 5, 2022/12/02, 15:03:47.052, 1540308314445, testhost.dll, AssemblyResolver.OnResolve: System.ComponentModel.Primitives.resources: Resolved from cache.
TpTrace Verbose: 0 : 30796, 5, 2022/12/02, 15:03:47.052, 1540308315560, testhost.dll, CurrentDomainAssemblyResolve: Resolving assembly 'System.ComponentModel.Primitives.resources'.
TpTrace Verbose: 0 : 30796, 5, 2022/12/02, 15:03:47.052, 1540308316468, testhost.dll, CurrentDomainAssemblyResolve: Failed to resolve assembly 'System.ComponentModel.Primitives.resources'.
TpTrace Verbose: 0 : 30796, 5, 2022/12/02, 15:03:47.055, 1540308339863, testhost.dll, TestPluginCache: Discovered the extensions using extension path ''.
TpTrace Verbose: 0 : 30796, 5, 2022/12/02, 15:03:47.055, 1540308342045, testhost.dll, TestPluginCache: Discoverers are 'Xunit.Runner.VisualStudio.VsTestRunner, xunit.runner.visualstudio.dotnetcore.testadapter, Version=2.4.0.0, Culture=neutral, PublicKeyToken=8d05b1bb7a6fdb6c'.
TpTrace Verbose: 0 : 30796, 5, 2022/12/02, 15:03:47.055, 1540308342845, testhost.dll, TestPluginCache: Executors are 'executor://xunit/VsTestRunner2/netcoreapp'.
TpTrace Verbose: 0 : 30796, 5, 2022/12/02, 15:03:47.055, 1540308343584, testhost.dll, TestPluginCache: Executors2 are ''.
TpTrace Verbose: 0 : 30796, 5, 2022/12/02, 15:03:47.055, 1540308344164, testhost.dll, TestPluginCache: Setting providers are ''.
TpTrace Verbose: 0 : 30796, 5, 2022/12/02, 15:03:47.055, 1540308344642, testhost.dll, TestPluginCache: Loggers are ''.
TpTrace Information: 0 : 30796, 5, 2022/12/02, 15:03:47.075, 1540308544582, testhost.dll, PEReaderHelper.GetAssemblyType: Determined assemblyType:'Managed' for source: 'D:\csharp\lern\ToDoList.Test\bin\Debug\netcoreapp3.1\fine-code-coverage\build-output\ToDoList.Tests.dll'
TpTrace Verbose: 0 : 30796, 5, 2022/12/02, 15:03:47.090, 1540308691860, testhost.dll, BaseRunTests.RunTestInternalWithExecutors: Running tests for executor://xunit/VsTestRunner2/netcoreapp
TpTrace Information: 0 : 30796, 5, 2022/12/02, 15:03:47.101, 1540308804522, testhost.dll, [xUnit.net 00:00:00.00] xUnit.net VSTest Adapter v2.4.3+1b45f5407b (64-bit .NET Core 3.1.28)
TpTrace Verbose: 0 : 30796, 5, 2022/12/02, 15:03:47.101, 1540308807563, testhost.dll, TestRequestHandler.SendData:  sending data from testhost: {"Version":5,"MessageType":"TestSession.Message","Payload":{"MessageLevel":0,"Message":"[xUnit.net 00:00:00.00] xUnit.net VSTest Adapter v2.4.3+1b45f5407b (64-bit .NET Core 3.1.28)"}}
TpTrace Verbose: 0 : 30796, 9, 2022/12/02, 15:03:47.853, 1540316319517, testhost.dll, TcpClientExtensions.MessageLoopAsync: Polling on remoteEndPoint: [::ffff:127.0.0.1]:52619 localEndPoint: [::ffff:127.0.0.1]:52620
TpTrace Information: 0 : 30796, 5, 2022/12/02, 15:03:47.895, 1540316741343, testhost.dll, AssemblyResolver.OnResolve: SQLitePCLRaw.core: Resolving assembly.
TpTrace Information: 0 : 30796, 5, 2022/12/02, 15:03:47.895, 1540316743744, testhost.dll, AssemblyResolver.OnResolve: SQLitePCLRaw.core: Searching in: 'D:\csharp\lern\ToDoList.Test\bin\Debug\netcoreapp3.1\fine-code-coverage\build-output'.
TpTrace Information: 0 : 30796, 5, 2022/12/02, 15:03:47.895, 1540316745676, testhost.dll, AssemblyResolver.OnResolve: SQLitePCLRaw.core: Assembly path does not exist: 'D:\csharp\lern\ToDoList.Test\bin\Debug\netcoreapp3.1\fine-code-coverage\build-output\SQLitePCLRaw.core.dll', returning.
TpTrace Information: 0 : 30796, 5, 2022/12/02, 15:03:47.895, 1540316746740, testhost.dll, AssemblyResolver.OnResolve: SQLitePCLRaw.core: Assembly path does not exist: 'D:\csharp\lern\ToDoList.Test\bin\Debug\netcoreapp3.1\fine-code-coverage\build-output\SQLitePCLRaw.core.exe', returning.
TpTrace Information: 0 : 30796, 5, 2022/12/02, 15:03:47.895, 1540316747437, testhost.dll, AssemblyResolver.OnResolve: SQLitePCLRaw.core: Failed to load assembly.
TpTrace Verbose: 0 : 30796, 9, 2022/12/02, 15:03:48.854, 1540326331750, testhost.dll, TcpClientExtensions.MessageLoopAsync: Polling on remoteEndPoint: [::ffff:127.0.0.1]:52619 localEndPoint: [::ffff:127.0.0.1]:52620
TpTrace Information: 0 : 30796, 5, 2022/12/02, 15:03:49.540, 1540333190827, testhost.dll, AssemblyResolver.OnResolve: ToDoList.Views: Resolving assembly.
TpTrace Information: 0 : 30796, 5, 2022/12/02, 15:03:49.541, 1540333200236, testhost.dll, AssemblyResolver.OnResolve: ToDoList.Views: Searching in: 'D:\csharp\lern\ToDoList.Test\bin\Debug\netcoreapp3.1\fine-code-coverage\build-output'.
TpTrace Information: 0 : 30796, 5, 2022/12/02, 15:03:49.542, 1540333212784, testhost.dll, AssemblyResolver.OnResolve: ToDoList.Views: Loading assembly 'D:\csharp\lern\ToDoList.Test\bin\Debug\netcoreapp3.1\fine-code-coverage\build-output\ToDoList.Views.dll'.
TpTrace Information: 0 : 30796, 5, 2022/12/02, 15:03:49.544, 1540333232653, testhost.dll, AssemblyResolver.OnResolve: Resolved assembly: ToDoList.Views, from path: D:\csharp\lern\ToDoList.Test\bin\Debug\netcoreapp3.1\fine-code-coverage\build-output\ToDoList.Views.dll
TpTrace Information: 0 : 30796, 5, 2022/12/02, 15:03:49.548, 1540333274241, testhost.dll, AssemblyResolver.OnResolve: xunit.runner.reporters.netcoreapp10: Resolving assembly.
TpTrace Information: 0 : 30796, 5, 2022/12/02, 15:03:49.548, 1540333279017, testhost.dll, AssemblyResolver.OnResolve: xunit.runner.reporters.netcoreapp10: Searching in: 'D:\csharp\lern\ToDoList.Test\bin\Debug\netcoreapp3.1\fine-code-coverage\build-output'.
TpTrace Information: 0 : 30796, 5, 2022/12/02, 15:03:49.549, 1540333286598, testhost.dll, AssemblyResolver.OnResolve: xunit.runner.reporters.netcoreapp10: Loading assembly 'D:\csharp\lern\ToDoList.Test\bin\Debug\netcoreapp3.1\fine-code-coverage\build-output\xunit.runner.reporters.netcoreapp10.dll'.
TpTrace Information: 0 : 30796, 5, 2022/12/02, 15:03:49.550, 1540333295466, testhost.dll, AssemblyResolver.OnResolve: Resolved assembly: xunit.runner.reporters.netcoreapp10, from path: D:\csharp\lern\ToDoList.Test\bin\Debug\netcoreapp3.1\fine-code-coverage\build-output\xunit.runner.reporters.netcoreapp10.dll
TpTrace Information: 0 : 30796, 5, 2022/12/02, 15:03:49.819, 1540335985430, testhost.dll, [xUnit.net 00:00:02.72]   Discovering: ToDoList.Tests
TpTrace Verbose: 0 : 30796, 5, 2022/12/02, 15:03:49.820, 1540335995140, testhost.dll, TestRequestHandler.SendData:  sending data from testhost: {"Version":5,"MessageType":"TestSession.Message","Payload":{"MessageLevel":0,"Message":"[xUnit.net 00:00:02.72]   Discovering: ToDoList.Tests"}}
TpTrace Verbose: 0 : 30796, 9, 2022/12/02, 15:03:49.864, 1540336433676, testhost.dll, TcpClientExtensions.MessageLoopAsync: Polling on remoteEndPoint: [::ffff:127.0.0.1]:52619 localEndPoint: [::ffff:127.0.0.1]:52620
TpTrace Information: 0 : 30796, 12, 2022/12/02, 15:03:50.176, 1540339553248, testhost.dll, AssemblyResolver.OnResolve: Microsoft.CSharp.resources: Resolving assembly.
TpTrace Information: 0 : 30796, 12, 2022/12/02, 15:03:50.176, 1540339555189, testhost.dll, AssemblyResolver.OnResolve: Microsoft.CSharp.resources: Searching in: 'D:\csharp\lern\ToDoList.Test\bin\Debug\netcoreapp3.1\fine-code-coverage\build-output'.
TpTrace Information: 0 : 30796, 12, 2022/12/02, 15:03:50.176, 1540339556413, testhost.dll, AssemblyResolver.OnResolve: Microsoft.CSharp.resources: Assembly path does not exist: 'D:\csharp\lern\ToDoList.Test\bin\Debug\netcoreapp3.1\fine-code-coverage\build-output\Microsoft.CSharp.resources.dll', returning.
TpTrace Information: 0 : 30796, 12, 2022/12/02, 15:03:50.176, 1540339557451, testhost.dll, AssemblyResolver.OnResolve: Microsoft.CSharp.resources: Assembly path does not exist: 'D:\csharp\lern\ToDoList.Test\bin\Debug\netcoreapp3.1\fine-code-coverage\build-output\Microsoft.CSharp.resources.exe', returning.
TpTrace Information: 0 : 30796, 12, 2022/12/02, 15:03:50.176, 1540339558126, testhost.dll, AssemblyResolver.OnResolve: Microsoft.CSharp.resources: Failed to load assembly.
TpTrace Information: 0 : 30796, 12, 2022/12/02, 15:03:50.177, 1540339561653, testhost.dll, AssemblyResolver.OnResolve: Microsoft.CSharp.resources: Resolving assembly.
TpTrace Information: 0 : 30796, 12, 2022/12/02, 15:03:50.177, 1540339562544, testhost.dll, AssemblyResolver.OnResolve: Microsoft.CSharp.resources: Resolved from cache.
TpTrace Information: 0 : 30796, 5, 2022/12/02, 15:03:50.323, 1540341028939, testhost.dll, [xUnit.net 00:00:03.23]   Discovered:  ToDoList.Tests
TpTrace Verbose: 0 : 30796, 5, 2022/12/02, 15:03:50.324, 1540341031834, testhost.dll, TestRequestHandler.SendData:  sending data from testhost: {"Version":5,"MessageType":"TestSession.Message","Payload":{"MessageLevel":0,"Message":"[xUnit.net 00:00:03.23]   Discovered:  ToDoList.Tests"}}
TpTrace Information: 0 : 30796, 5, 2022/12/02, 15:03:50.330, 1540341095698, testhost.dll, [xUnit.net 00:00:03.23]   Starting:    ToDoList.Tests
TpTrace Verbose: 0 : 30796, 5, 2022/12/02, 15:03:50.331, 1540341099338, testhost.dll, TestRequestHandler.SendData:  sending data from testhost: {"Version":5,"MessageType":"TestSession.Message","Payload":{"MessageLevel":0,"Message":"[xUnit.net 00:00:03.23]   Starting:    ToDoList.Tests"}}
TpTrace Verbose: 0 : 30796, 14, 2022/12/02, 15:03:50.460, 1540342393433, testhost.dll, TestExecutionRecorder.RecordStart: Starting test: ToDoList.Tests.UnitTests.HomeControllerTests.UpdateUserTaskStatusReturnsARedirectValidInput.
TpTrace Information: 0 : 30796, 14, 2022/12/02, 15:03:50.466, 1540342454042, testhost.dll, Sending test run statistics
TpTrace Verbose: 0 : 30796, 14, 2022/12/02, 15:03:50.527, 1540343061178, testhost.dll, TestRequestHandler.SendData:  sending data from testhost: {"Version":5,"MessageType":"TestExecution.StatsChange","Payload":{"NewTestResults":[],"TestRunStatistics":{"ExecutedTests":0,"Stats":{}},"ActiveTests":[{"Id":"99fd5da5-90fe-cdd4-63e1-eaa11a611526","FullyQualifiedName":"ToDoList.Tests.UnitTests.HomeControllerTests.UpdateUserTaskStatusReturnsARedirectValidInput","DisplayName":"ToDoList.Tests.UnitTests.HomeControllerTests.UpdateUserTaskStatusReturnsARedirectValidInput(id: 6, routeId: 3, expextedId: 6)","ExecutorUri":"executor://xunit/VsTestRunner2/netcoreapp","Source":"D:\\csharp\\lern\\ToDoList.Test\\bin\\Debug\\netcoreapp3.1\\fine-code-coverage\\build-output\\ToDoList.Tests.dll","CodeFilePath":null,"LineNumber":0,"Properties":[]}]}}
TpTrace Verbose: 0 : 30796, 14, 2022/12/02, 15:03:50.527, 1540343064782, testhost.dll, TestRunCache: OnNewTestResult: Notified the onCacheHit callback.
TpTrace Verbose: 0 : 30796, 14, 2022/12/02, 15:03:50.595, 1540343743740, testhost.dll, TestExecutionRecorder.RecordResult: Received result for test: ToDoList.Tests.UnitTests.HomeControllerTests.UpdateUserTaskStatusReturnsARedirectValidInput.
TpTrace Warning: 0 : 30796, 14, 2022/12/02, 15:03:50.634, 1540344132816, testhost.dll, TestRunCache: InProgressTests is null
TpTrace Warning: 0 : 30796, 14, 2022/12/02, 15:03:50.634, 1540344136713, testhost.dll, TestRunCache: No test found corresponding to testResult 'ToDoList.Tests.UnitTests.HomeControllerTests.UpdateUserTaskStatusReturnsARedirectValidInput(id: 6, routeId: 3, expextedId: 6)' in inProgress list.
TpTrace Verbose: 0 : 30796, 14, 2022/12/02, 15:03:50.636, 1540344151794, testhost.dll, TestExecutionRecorder.RecordEnd: test: ToDoList.Tests.UnitTests.HomeControllerTests.UpdateUserTaskStatusReturnsARedirectValidInput execution completed.
TpTrace Warning: 0 : 30796, 14, 2022/12/02, 15:03:50.636, 1540344153803, testhost.dll, TestRunCache: InProgressTests is null
TpTrace Verbose: 0 : 30796, 14, 2022/12/02, 15:03:50.636, 1540344155212, testhost.dll, TestExecutionRecorder.RecordStart: Starting test: ToDoList.Tests.UnitTests.HomeControllerTests.UpdateUserTaskStatusReturnsARedirectValidInput.
TpTrace Verbose: 0 : 30796, 14, 2022/12/02, 15:03:50.639, 1540344181823, testhost.dll, TestExecutionRecorder.RecordResult: Received result for test: ToDoList.Tests.UnitTests.HomeControllerTests.UpdateUserTaskStatusReturnsARedirectValidInput.
TpTrace Verbose: 0 : 30796, 14, 2022/12/02, 15:03:50.642, 1540344210798, testhost.dll, TestExecutionRecorder.RecordEnd: test: ToDoList.Tests.UnitTests.HomeControllerTests.UpdateUserTaskStatusReturnsARedirectValidInput execution completed.
TpTrace Warning: 0 : 30796, 14, 2022/12/02, 15:03:50.642, 1540344212287, testhost.dll, TestRunCache: InProgressTests is null
TpTrace Verbose: 0 : 30796, 14, 2022/12/02, 15:03:50.642, 1540344213159, testhost.dll, TestExecutionRecorder.RecordStart: Starting test: ToDoList.Tests.UnitTests.HomeControllerTests.UpdateUserTaskStatusReturnsARedirectValidInput.
TpTrace Verbose: 0 : 30796, 14, 2022/12/02, 15:03:50.644, 1540344235100, testhost.dll, TestExecutionRecorder.RecordResult: Received result for test: ToDoList.Tests.UnitTests.HomeControllerTests.UpdateUserTaskStatusReturnsARedirectValidInput.
TpTrace Verbose: 0 : 30796, 14, 2022/12/02, 15:03:50.647, 1540344266797, testhost.dll, TestExecutionRecorder.RecordEnd: test: ToDoList.Tests.UnitTests.HomeControllerTests.UpdateUserTaskStatusReturnsARedirectValidInput execution completed.
TpTrace Warning: 0 : 30796, 14, 2022/12/02, 15:03:50.647, 1540344268187, testhost.dll, TestRunCache: InProgressTests is null
TpTrace Verbose: 0 : 30796, 14, 2022/12/02, 15:03:50.648, 1540344269161, testhost.dll, TestExecutionRecorder.RecordStart: Starting test: ToDoList.Tests.UnitTests.HomeControllerTests.UpdateUserTaskStatusReturnsARedirectValidInput.
TpTrace Verbose: 0 : 30796, 14, 2022/12/02, 15:03:50.650, 1540344292308, testhost.dll, TestExecutionRecorder.RecordResult: Received result for test: ToDoList.Tests.UnitTests.HomeControllerTests.UpdateUserTaskStatusReturnsARedirectValidInput.
TpTrace Verbose: 0 : 30796, 14, 2022/12/02, 15:03:50.652, 1540344317689, testhost.dll, TestExecutionRecorder.RecordEnd: test: ToDoList.Tests.UnitTests.HomeControllerTests.UpdateUserTaskStatusReturnsARedirectValidInput execution completed.
TpTrace Warning: 0 : 30796, 14, 2022/12/02, 15:03:50.653, 1540344319075, testhost.dll, TestRunCache: InProgressTests is null
TpTrace Verbose: 0 : 30796, 14, 2022/12/02, 15:03:50.653, 1540344319940, testhost.dll, TestExecutionRecorder.RecordStart: Starting test: ToDoList.Tests.UnitTests.HomeControllerTests.UpdateUserTaskStatusReturnsARedirectValidInput.
TpTrace Verbose: 0 : 30796, 14, 2022/12/02, 15:03:50.655, 1540344342759, testhost.dll, TestExecutionRecorder.RecordResult: Received result for test: ToDoList.Tests.UnitTests.HomeControllerTests.UpdateUserTaskStatusReturnsARedirectValidInput.
TpTrace Verbose: 0 : 30796, 14, 2022/12/02, 15:03:50.657, 1540344364914, testhost.dll, TestExecutionRecorder.RecordEnd: test: ToDoList.Tests.UnitTests.HomeControllerTests.UpdateUserTaskStatusReturnsARedirectValidInput execution completed.
TpTrace Warning: 0 : 30796, 14, 2022/12/02, 15:03:50.657, 1540344366283, testhost.dll, TestRunCache: InProgressTests is null
TpTrace Verbose: 0 : 30796, 14, 2022/12/02, 15:03:50.657, 1540344367142, testhost.dll, TestExecutionRecorder.RecordStart: Starting test: ToDoList.Tests.UnitTests.HomeControllerTests.UpdateUserTaskStatusReturnsARedirectValidInput.
TpTrace Verbose: 0 : 30796, 14, 2022/12/02, 15:03:50.659, 1540344388461, testhost.dll, TestExecutionRecorder.RecordResult: Received result for test: ToDoList.Tests.UnitTests.HomeControllerTests.UpdateUserTaskStatusReturnsARedirectValidInput.
TpTrace Verbose: 0 : 30796, 14, 2022/12/02, 15:03:50.663, 1540344421447, testhost.dll, TestExecutionRecorder.RecordEnd: test: ToDoList.Tests.UnitTests.HomeControllerTests.UpdateUserTaskStatusReturnsARedirectValidInput execution completed.
TpTrace Warning: 0 : 30796, 14, 2022/12/02, 15:03:50.663, 1540344423276, testhost.dll, TestRunCache: InProgressTests is null
TpTrace Verbose: 0 : 30796, 14, 2022/12/02, 15:03:50.663, 1540344425853, testhost.dll, TestExecutionRecorder.RecordStart: Starting test: ToDoList.Tests.UnitTests.HomeControllerTests.DeleteUserTaskReturnsARedirectInValidInput.
TpTrace Verbose: 0 : 30796, 14, 2022/12/02, 15:03:50.666, 1540344457346, testhost.dll, TestExecutionRecorder.RecordResult: Received result for test: ToDoList.Tests.UnitTests.HomeControllerTests.DeleteUserTaskReturnsARedirectInValidInput.
TpTrace Verbose: 0 : 30796, 14, 2022/12/02, 15:03:50.669, 1540344485655, testhost.dll, TestExecutionRecorder.RecordEnd: test: ToDoList.Tests.UnitTests.HomeControllerTests.DeleteUserTaskReturnsARedirectInValidInput execution completed.
TpTrace Warning: 0 : 30796, 14, 2022/12/02, 15:03:50.669, 1540344487217, testhost.dll, TestRunCache: InProgressTests is null
TpTrace Verbose: 0 : 30796, 14, 2022/12/02, 15:03:50.669, 1540344488331, testhost.dll, TestExecutionRecorder.RecordStart: Starting test: ToDoList.Tests.UnitTests.HomeControllerTests.Index_Returns_ViewResult_And_Check_ViewModel.
TpTrace Verbose: 0 : 30796, 14, 2022/12/02, 15:03:50.672, 1540344512071, testhost.dll, TestExecutionRecorder.RecordResult: Received result for test: ToDoList.Tests.UnitTests.HomeControllerTests.Index_Returns_ViewResult_And_Check_ViewModel.
TpTrace Verbose: 0 : 30796, 14, 2022/12/02, 15:03:50.674, 1540344535201, testhost.dll, TestExecutionRecorder.RecordEnd: test: ToDoList.Tests.UnitTests.HomeControllerTests.Index_Returns_ViewResult_And_Check_ViewModel execution completed.
TpTrace Warning: 0 : 30796, 14, 2022/12/02, 15:03:50.674, 1540344536521, testhost.dll, TestRunCache: InProgressTests is null
TpTrace Verbose: 0 : 30796, 14, 2022/12/02, 15:03:50.674, 1540344537566, testhost.dll, TestExecutionRecorder.RecordStart: Starting test: ToDoList.Tests.UnitTests.HomeControllerTests.UpdateUserTaskStatusReturnsARedirectInValidInput.
TpTrace Verbose: 0 : 30796, 14, 2022/12/02, 15:03:50.677, 1540344559115, testhost.dll, TestExecutionRecorder.RecordResult: Received result for test: ToDoList.Tests.UnitTests.HomeControllerTests.UpdateUserTaskStatusReturnsARedirectInValidInput.
TpTrace Verbose: 0 : 30796, 14, 2022/12/02, 15:03:50.680, 1540344593711, testhost.dll, TestExecutionRecorder.RecordEnd: test: ToDoList.Tests.UnitTests.HomeControllerTests.UpdateUserTaskStatusReturnsARedirectInValidInput execution completed.
TpTrace Warning: 0 : 30796, 14, 2022/12/02, 15:03:50.680, 1540344595122, testhost.dll, TestRunCache: InProgressTests is null
TpTrace Verbose: 0 : 30796, 14, 2022/12/02, 15:03:50.680, 1540344596151, testhost.dll, TestExecutionRecorder.RecordStart: Starting test: ToDoList.Tests.UnitTests.HomeControllerTests.TaskByCategory_Returns_View_And_Check_ViewModel_IncorrectId.
TpTrace Information: 0 : 30796, 14, 2022/12/02, 15:03:50.680, 1540344597296, testhost.dll, Sending test run statistics
TpTrace Verbose: 0 : 30796, 14, 2022/12/02, 15:03:50.701, 1540344804907, testhost.dll, TestRequestHandler.SendData:  sending data from testhost: {"Version":5,"MessageType":"TestExecution.StatsChange","Payload":{"NewTestResults":[{"TestCase":{"Id":"99fd5da5-90fe-cdd4-63e1-eaa11a611526","FullyQualifiedName":"ToDoList.Tests.UnitTests.HomeControllerTests.UpdateUserTaskStatusReturnsARedirectValidInput","DisplayName":"ToDoList.Tests.UnitTests.HomeControllerTests.UpdateUserTaskStatusReturnsARedirectValidInput(id: 6, routeId: 3, expextedId: 6)","ExecutorUri":"executor://xunit/VsTestRunner2/netcoreapp","Source":"D:\\csharp\\lern\\ToDoList.Test\\bin\\Debug\\netcoreapp3.1\\fine-code-coverage\\build-output\\ToDoList.Tests.dll","CodeFilePath":null,"LineNumber":0,"Properties":[]},"Attachments":[],"Outcome":1,"ErrorMessage":null,"ErrorStackTrace":null,"DisplayName":"ToDoList.Tests.UnitTests.HomeControllerTests.UpdateUserTaskStatusReturnsARedirectValidInput(id: 6, routeId: 3, expextedId: 6)","Messages":[],"ComputerName":"USER-PC","Duration":"00:00:00.0502315","StartTime":"2022-12-02T12:03:50.5940008+00:00","EndTime":"2022-12-02T12:03:50.5941747+00:00","Properties":[]},{"TestCase":{"Id":"a5b34970-bf79-b107-8850-84e4ac2b3476","FullyQualifiedName":"ToDoList.Tests.UnitTests.HomeControllerTests.UpdateUserTaskStatusReturnsARedirectValidInput","DisplayName":"ToDoList.Tests.UnitTests.HomeControllerTests.UpdateUserTaskStatusReturnsARedirectValidInput(id: 1, routeId: 1, expextedId: 1)","ExecutorUri":"executor://xunit/VsTestRunner2/netcoreapp","Source":"D:\\csharp\\lern\\ToDoList.Test\\bin\\Debug\\netcoreapp3.1\\fine-code-coverage\\build-output\\ToDoList.Tests.dll","CodeFilePath":null,"LineNumber":0,"Properties":[]},"Attachments":[],"Outcome":1,"ErrorMessage":null,"ErrorStackTrace":null,"DisplayName":"ToDoList.Tests.UnitTests.HomeControllerTests.UpdateUserTaskStatusReturnsARedirectValidInput(id: 1, routeId: 1, expextedId: 1)","Messages":[],"ComputerName":"USER-PC","Duration":"00:00:00.0012154","StartTime":"2022-12-02T12:03:50.6392354+00:00","EndTime":"2022-12-02T12:03:50.6392404+00:00","Properties":[]},{"TestCase":{"Id":"314add40-a525-a657-5475-162c6f2b7f9b","FullyQualifiedName":"ToDoList.Tests.UnitTests.HomeControllerTests.UpdateUserTaskStatusReturnsARedirectValidInput","DisplayName":"ToDoList.Tests.UnitTests.HomeControllerTests.UpdateUserTaskStatusReturnsARedirectValidInput(id: 4, routeId: 1, expextedId: 4)","ExecutorUri":"executor://xunit/VsTestRunner2/netcoreapp","Source":"D:\\csharp\\lern\\ToDoList.Test\\bin\\Debug\\netcoreapp3.1\\fine-code-coverage\\build-output\\ToDoList.Tests.dll","CodeFilePath":null,"LineNumber":0,"Properties":[]},"Attachments":[],"Outcome":1,"ErrorMessage":null,"ErrorStackTrace":null,"DisplayName":"ToDoList.Tests.UnitTests.HomeControllerTests.UpdateUserTaskStatusReturnsARedirectValidInput(id: 4, routeId: 1, expextedId: 4)","Messages":[],"ComputerName":"USER-PC","Duration":"00:00:00.0009023","StartTime":"2022-12-02T12:03:50.6445794+00:00","EndTime":"2022-12-02T12:03:50.6445844+00:00","Properties":[]},{"TestCase":{"Id":"0db2b318-973a-c978-9e88-e0935067b312","FullyQualifiedName":"ToDoList.Tests.UnitTests.HomeControllerTests.UpdateUserTaskStatusReturnsARedirectValidInput","DisplayName":"ToDoList.Tests.UnitTests.HomeControllerTests.UpdateUserTaskStatusReturnsARedirectValidInput(id: 5, routeId: 2, expextedId: 5)","ExecutorUri":"executor://xunit/VsTestRunner2/netcoreapp","Source":"D:\\csharp\\lern\\ToDoList.Test\\bin\\Debug\\netcoreapp3.1\\fine-code-coverage\\build-output\\ToDoList.Tests.dll","CodeFilePath":null,"LineNumber":0,"Properties":[]},"Attachments":[],"Outcome":1,"ErrorMessage":null,"ErrorStackTrace":null,"DisplayName":"ToDoList.Tests.UnitTests.HomeControllerTests.UpdateUserTaskStatusReturnsARedirectValidInput(id: 5, routeId: 2, expextedId: 5)","Messages":[],"ComputerName":"USER-PC","Duration":"00:00:00.0008945","StartTime":"2022-12-02T12:03:50.6502982+00:00","EndTime":"2022-12-02T12:03:50.6503041+00:00","Properties":[]},{"TestCase":{"Id":"b6d36c80-7f6c-cf4c-3ed4-d7bf4f560d7e","FullyQualifiedName":"ToDoList.Tests.UnitTests.HomeControllerTests.UpdateUserTaskStatusReturnsARedirectValidInput","DisplayName":"ToDoList.Tests.UnitTests.HomeControllerTests.UpdateUserTaskStatusReturnsARedirectValidInput(id: 2, routeId: 2, expextedId: 2)","ExecutorUri":"executor://xunit/VsTestRunner2/netcoreapp","Source":"D:\\csharp\\lern\\ToDoList.Test\\bin\\Debug\\netcoreapp3.1\\fine-code-coverage\\build-output\\ToDoList.Tests.dll","CodeFilePath":null,"LineNumber":0,"Properties":[]},"Attachments":[],"Outcome":1,"ErrorMessage":null,"ErrorStackTrace":null,"DisplayName":"ToDoList.Tests.UnitTests.HomeControllerTests.UpdateUserTaskStatusReturnsARedirectValidInput(id: 2, routeId: 2, expextedId: 2)","Messages":[],"ComputerName":"USER-PC","Duration":"00:00:00.0008701","StartTime":"2022-12-02T12:03:50.6553466+00:00","EndTime":"2022-12-02T12:03:50.6553522+00:00","Properties":[]},{"TestCase":{"Id":"45255c59-adc2-1cee-5259-8fdcd69ff905","FullyQualifiedName":"ToDoList.Tests.UnitTests.HomeControllerTests.UpdateUserTaskStatusReturnsARedirectValidInput","DisplayName":"ToDoList.Tests.UnitTests.HomeControllerTests.UpdateUserTaskStatusReturnsARedirectValidInput(id: 3, routeId: 3, expextedId: 3)","ExecutorUri":"executor://xunit/VsTestRunner2/netcoreapp","Source":"D:\\csharp\\lern\\ToDoList.Test\\bin\\Debug\\netcoreapp3.1\\fine-code-coverage\\build-output\\ToDoList.Tests.dll","CodeFilePath":null,"LineNumber":0,"Properties":[]},"Attachments":[],"Outcome":1,"ErrorMessage":null,"ErrorStackTrace":null,"DisplayName":"ToDoList.Tests.UnitTests.HomeControllerTests.UpdateUserTaskStatusReturnsARedirectValidInput(id: 3, routeId: 3, expextedId: 3)","Messages":[],"ComputerName":"USER-PC","Duration":"00:00:00.0008694","StartTime":"2022-12-02T12:03:50.6599139+00:00","EndTime":"2022-12-02T12:03:50.659919+00:00","Properties":[]},{"TestCase":{"Id":"db0cb7a4-ed82-05bf-efd9-bb5746edef5f","FullyQualifiedName":"ToDoList.Tests.UnitTests.HomeControllerTests.DeleteUserTaskReturnsARedirectInValidInput","DisplayName":"ToDoList.Tests.UnitTests.HomeControllerTests.DeleteUserTaskReturnsARedirectInValidInput","ExecutorUri":"executor://xunit/VsTestRunner2/netcoreapp","Source":"D:\\csharp\\lern\\ToDoList.Test\\bin\\Debug\\netcoreapp3.1\\fine-code-coverage\\build-output\\ToDoList.Tests.dll","CodeFilePath":null,"LineNumber":0,"Properties":[]},"Attachments":[],"Outcome":1,"ErrorMessage":null,"ErrorStackTrace":null,"DisplayName":"ToDoList.Tests.UnitTests.HomeControllerTests.DeleteUserTaskReturnsARedirectInValidInput","Messages":[],"ComputerName":"USER-PC","Duration":"00:00:00.0144252","StartTime":"2022-12-02T12:03:50.6668039+00:00","EndTime":"2022-12-02T12:03:50.6668091+00:00","Properties":[]},{"TestCase":{"Id":"98ab3811-28cd-dba8-77b9-2875c6a8239d","FullyQualifiedName":"ToDoList.Tests.UnitTests.HomeControllerTests.Index_Returns_ViewResult_And_Check_ViewModel","DisplayName":"ToDoList.Tests.UnitTests.HomeControllerTests.Index_Returns_ViewResult_And_Check_ViewModel","ExecutorUri":"executor://xunit/VsTestRunner2/netcoreapp","Source":"D:\\csharp\\lern\\ToDoList.Test\\bin\\Debug\\netcoreapp3.1\\fine-code-coverage\\build-output\\ToDoList.Tests.dll","CodeFilePath":null,"LineNumber":0,"Properties":[]},"Attachments":[],"Outcome":1,"ErrorMessage":null,"ErrorStackTrace":null,"DisplayName":"ToDoList.Tests.UnitTests.HomeControllerTests.Index_Returns_ViewResult_And_Check_ViewModel","Messages":[],"ComputerName":"USER-PC","Duration":"00:00:00.0007545","StartTime":"2022-12-02T12:03:50.6722794+00:00","EndTime":"2022-12-02T12:03:50.6722836+00:00","Properties":[]},{"TestCase":{"Id":"d9c05771-4cdb-5c65-10cc-5a4adf755b7a","FullyQualifiedName":"ToDoList.Tests.UnitTests.HomeControllerTests.UpdateUserTaskStatusReturnsARedirectInValidInput","DisplayName":"ToDoList.Tests.UnitTests.HomeControllerTests.UpdateUserTaskStatusReturnsARedirectInValidInput","ExecutorUri":"executor://xunit/VsTestRunner2/netcoreapp","Source":"D:\\csharp\\lern\\ToDoList.Test\\bin\\Debug\\netcoreapp3.1\\fine-code-coverage\\build-output\\ToDoList.Tests.dll","CodeFilePath":null,"LineNumber":0,"Properties":[]},"Attachments":[],"Outcome":1,"ErrorMessage":null,"ErrorStackTrace":null,"DisplayName":"ToDoList.Tests.UnitTests.HomeControllerTests.UpdateUserTaskStatusReturnsARedirectInValidInput","Messages":[],"ComputerName":"USER-PC","Duration":"00:00:00.0050667","StartTime":"2022-12-02T12:03:50.6769837+00:00","EndTime":"2022-12-02T12:03:50.6769882+00:00","Properties":[]}],"TestRunStatistics":{"ExecutedTests":9,"Stats":{"Passed":9}},"ActiveTests":[{"Id":"4f23a91f-bea7-4082-2492-c72f5ce0dd73","FullyQualifiedName":"ToDoList.Tests.UnitTests.HomeControllerTests.TaskByCategory_Returns_View_And_Check_ViewModel_IncorrectId","DisplayName":"ToDoList.Tests.UnitTests.HomeControllerTests.TaskByCategory_Returns_View_And_Check_ViewModel_IncorrectId","ExecutorUri":"executor://xunit/VsTestRunner2/netcoreapp","Source":"D:\\csharp\\lern\\ToDoList.Test\\bin\\Debug\\netcoreapp3.1\\fine-code-coverage\\build-output\\ToDoList.Tests.dll","CodeFilePath":null,"LineNumber":0,"Properties":[]}]}}
TpTrace Verbose: 0 : 30796, 14, 2022/12/02, 15:03:50.702, 1540344811559, testhost.dll, TestRunCache: OnNewTestResult: Notified the onCacheHit callback.
TpTrace Verbose: 0 : 30796, 14, 2022/12/02, 15:03:50.704, 1540344835288, testhost.dll, TestExecutionRecorder.RecordResult: Received result for test: ToDoList.Tests.UnitTests.HomeControllerTests.TaskByCategory_Returns_View_And_Check_ViewModel_IncorrectId.
TpTrace Warning: 0 : 30796, 14, 2022/12/02, 15:03:50.706, 1540344858250, testhost.dll, TestRunCache: InProgressTests is null
TpTrace Warning: 0 : 30796, 14, 2022/12/02, 15:03:50.707, 1540344859647, testhost.dll, TestRunCache: No test found corresponding to testResult 'ToDoList.Tests.UnitTests.HomeControllerTests.TaskByCategory_Returns_View_And_Check_ViewModel_IncorrectId' in inProgress list.
TpTrace Verbose: 0 : 30796, 14, 2022/12/02, 15:03:50.707, 1540344860964, testhost.dll, TestExecutionRecorder.RecordEnd: test: ToDoList.Tests.UnitTests.HomeControllerTests.TaskByCategory_Returns_View_And_Check_ViewModel_IncorrectId execution completed.
TpTrace Warning: 0 : 30796, 14, 2022/12/02, 15:03:50.707, 1540344861771, testhost.dll, TestRunCache: InProgressTests is null
TpTrace Verbose: 0 : 30796, 14, 2022/12/02, 15:03:50.707, 1540344862784, testhost.dll, TestExecutionRecorder.RecordStart: Starting test: ToDoList.Tests.UnitTests.HomeControllerTests.TaskByCategory_Returns_View_And_Check_ViewModel.
TpTrace Verbose: 0 : 30796, 14, 2022/12/02, 15:03:50.710, 1540344889890, testhost.dll, TestExecutionRecorder.RecordResult: Received result for test: ToDoList.Tests.UnitTests.HomeControllerTests.TaskByCategory_Returns_View_And_Check_ViewModel.
TpTrace Verbose: 0 : 30796, 14, 2022/12/02, 15:03:50.713, 1540344923568, testhost.dll, TestExecutionRecorder.RecordEnd: test: ToDoList.Tests.UnitTests.HomeControllerTests.TaskByCategory_Returns_View_And_Check_ViewModel execution completed.
TpTrace Warning: 0 : 30796, 14, 2022/12/02, 15:03:50.713, 1540344925256, testhost.dll, TestRunCache: InProgressTests is null
TpTrace Verbose: 0 : 30796, 14, 2022/12/02, 15:03:50.713, 1540344926155, testhost.dll, TestExecutionRecorder.RecordStart: Starting test: ToDoList.Tests.UnitTests.HomeControllerTests.TaskByCategory_Returns_View_And_Check_ViewModel.
TpTrace Verbose: 0 : 30796, 14, 2022/12/02, 15:03:50.716, 1540344952359, testhost.dll, TestExecutionRecorder.RecordResult: Received result for test: ToDoList.Tests.UnitTests.HomeControllerTests.TaskByCategory_Returns_View_And_Check_ViewModel.
TpTrace Verbose: 0 : 30796, 14, 2022/12/02, 15:03:50.718, 1540344975820, testhost.dll, TestExecutionRecorder.RecordEnd: test: ToDoList.Tests.UnitTests.HomeControllerTests.TaskByCategory_Returns_View_And_Check_ViewModel execution completed.
TpTrace Warning: 0 : 30796, 14, 2022/12/02, 15:03:50.718, 1540344977175, testhost.dll, TestRunCache: InProgressTests is null
TpTrace Verbose: 0 : 30796, 14, 2022/12/02, 15:03:50.718, 1540344978016, testhost.dll, TestExecutionRecorder.RecordStart: Starting test: ToDoList.Tests.UnitTests.HomeControllerTests.TaskByCategory_Returns_View_And_Check_ViewModel.
TpTrace Verbose: 0 : 30796, 14, 2022/12/02, 15:03:50.721, 1540345000373, testhost.dll, TestExecutionRecorder.RecordResult: Received result for test: ToDoList.Tests.UnitTests.HomeControllerTests.TaskByCategory_Returns_View_And_Check_ViewModel.
TpTrace Verbose: 0 : 30796, 14, 2022/12/02, 15:03:50.723, 1540345025039, testhost.dll, TestExecutionRecorder.RecordEnd: test: ToDoList.Tests.UnitTests.HomeControllerTests.TaskByCategory_Returns_View_And_Check_ViewModel execution completed.
TpTrace Warning: 0 : 30796, 14, 2022/12/02, 15:03:50.723, 1540345026506, testhost.dll, TestRunCache: InProgressTests is null
TpTrace Verbose: 0 : 30796, 14, 2022/12/02, 15:03:50.723, 1540345027566, testhost.dll, TestExecutionRecorder.RecordStart: Starting test: ToDoList.Tests.UnitTests.HomeControllerTests.TaskByCategory_Returns_View_And_Check_ViewModel_IncorrectId_Zero.
TpTrace Verbose: 0 : 30796, 14, 2022/12/02, 15:03:50.726, 1540345053922, testhost.dll, TestExecutionRecorder.RecordResult: Received result for test: ToDoList.Tests.UnitTests.HomeControllerTests.TaskByCategory_Returns_View_And_Check_ViewModel_IncorrectId_Zero.
TpTrace Verbose: 0 : 30796, 14, 2022/12/02, 15:03:50.729, 1540345080618, testhost.dll, TestExecutionRecorder.RecordEnd: test: ToDoList.Tests.UnitTests.HomeControllerTests.TaskByCategory_Returns_View_And_Check_ViewModel_IncorrectId_Zero execution completed.
TpTrace Warning: 0 : 30796, 14, 2022/12/02, 15:03:50.729, 1540345082253, testhost.dll, TestRunCache: InProgressTests is null
TpTrace Verbose: 0 : 30796, 14, 2022/12/02, 15:03:50.729, 1540345083328, testhost.dll, TestExecutionRecorder.RecordStart: Starting test: ToDoList.Tests.UnitTests.HomeControllerTests.DeleteUserTaskReturnsARedirectValidInput.
TpTrace Verbose: 0 : 30796, 14, 2022/12/02, 15:03:50.731, 1540345108310, testhost.dll, TestExecutionRecorder.RecordResult: Received result for test: ToDoList.Tests.UnitTests.HomeControllerTests.DeleteUserTaskReturnsARedirectValidInput.
TpTrace Verbose: 0 : 30796, 14, 2022/12/02, 15:03:50.734, 1540345132962, testhost.dll, TestExecutionRecorder.RecordEnd: test: ToDoList.Tests.UnitTests.HomeControllerTests.DeleteUserTaskReturnsARedirectValidInput execution completed.
TpTrace Warning: 0 : 30796, 14, 2022/12/02, 15:03:50.734, 1540345134324, testhost.dll, TestRunCache: InProgressTests is null
TpTrace Verbose: 0 : 30796, 14, 2022/12/02, 15:03:50.734, 1540345135766, testhost.dll, TestExecutionRecorder.RecordStart: Starting test: ToDoList.Tests.UnitTests.HomeControllerTests.Index_Check_UserTasks.
TpTrace Verbose: 0 : 30796, 14, 2022/12/02, 15:03:50.736, 1540345156336, testhost.dll, TestExecutionRecorder.RecordResult: Received result for test: ToDoList.Tests.UnitTests.HomeControllerTests.Index_Check_UserTasks.
TpTrace Verbose: 0 : 30796, 14, 2022/12/02, 15:03:50.738, 1540345178368, testhost.dll, TestExecutionRecorder.RecordEnd: test: ToDoList.Tests.UnitTests.HomeControllerTests.Index_Check_UserTasks execution completed.
TpTrace Warning: 0 : 30796, 14, 2022/12/02, 15:03:50.739, 1540345179669, testhost.dll, TestRunCache: InProgressTests is null
TpTrace Verbose: 0 : 30796, 14, 2022/12/02, 15:03:50.739, 1540345180694, testhost.dll, TestExecutionRecorder.RecordStart: Starting test: ToDoList.Tests.UnitTests.HomeControllerTests.AddUserTaskReturnsARedirectAndAddsUserInValidInput.
TpTrace Verbose: 0 : 30796, 14, 2022/12/02, 15:03:50.742, 1540345210697, testhost.dll, TestExecutionRecorder.RecordResult: Received result for test: ToDoList.Tests.UnitTests.HomeControllerTests.AddUserTaskReturnsARedirectAndAddsUserInValidInput.
TpTrace Verbose: 0 : 30796, 14, 2022/12/02, 15:03:50.744, 1540345238699, testhost.dll, TestExecutionRecorder.RecordEnd: test: ToDoList.Tests.UnitTests.HomeControllerTests.AddUserTaskReturnsARedirectAndAddsUserInValidInput execution completed.
TpTrace Warning: 0 : 30796, 14, 2022/12/02, 15:03:50.745, 1540345242114, testhost.dll, TestRunCache: InProgressTests is null
TpTrace Verbose: 0 : 30796, 14, 2022/12/02, 15:03:50.745, 1540345243961, testhost.dll, TestExecutionRecorder.RecordStart: Starting test: ToDoList.Tests.UnitTests.HomeControllerTests.UpdateUserTaskStatusReturnsARedirectInputNull.
TpTrace Verbose: 0 : 30796, 14, 2022/12/02, 15:03:50.748, 1540345273010, testhost.dll, TestExecutionRecorder.RecordResult: Received result for test: ToDoList.Tests.UnitTests.HomeControllerTests.UpdateUserTaskStatusReturnsARedirectInputNull.
TpTrace Verbose: 0 : 30796, 14, 2022/12/02, 15:03:50.751, 1540345301758, testhost.dll, TestExecutionRecorder.RecordEnd: test: ToDoList.Tests.UnitTests.HomeControllerTests.UpdateUserTaskStatusReturnsARedirectInputNull execution completed.
TpTrace Warning: 0 : 30796, 14, 2022/12/02, 15:03:50.751, 1540345303793, testhost.dll, TestRunCache: InProgressTests is null
TpTrace Verbose: 0 : 30796, 14, 2022/12/02, 15:03:50.751, 1540345305830, testhost.dll, TestExecutionRecorder.RecordStart: Starting test: ToDoList.Tests.UnitTests.HomeControllerTests.AddUserTaskReturnsARedirectAndAddsUserValidInput.
TpTrace Information: 0 : 30796, 14, 2022/12/02, 15:03:50.751, 1540345307001, testhost.dll, Sending test run statistics
TpTrace Verbose: 0 : 30796, 14, 2022/12/02, 15:03:50.754, 1540345329703, testhost.dll, TestRequestHandler.SendData:  sending data from testhost: {"Version":5,"MessageType":"TestExecution.StatsChange","Payload":{"NewTestResults":[{"TestCase":{"Id":"4f23a91f-bea7-4082-2492-c72f5ce0dd73","FullyQualifiedName":"ToDoList.Tests.UnitTests.HomeControllerTests.TaskByCategory_Returns_View_And_Check_ViewModel_IncorrectId","DisplayName":"ToDoList.Tests.UnitTests.HomeControllerTests.TaskByCategory_Returns_View_And_Check_ViewModel_IncorrectId","ExecutorUri":"executor://xunit/VsTestRunner2/netcoreapp","Source":"D:\\csharp\\lern\\ToDoList.Test\\bin\\Debug\\netcoreapp3.1\\fine-code-coverage\\build-output\\ToDoList.Tests.dll","CodeFilePath":null,"LineNumber":0,"Properties":[]},"Attachments":[],"Outcome":1,"ErrorMessage":null,"ErrorStackTrace":null,"DisplayName":"ToDoList.Tests.UnitTests.HomeControllerTests.TaskByCategory_Returns_View_And_Check_ViewModel_IncorrectId","Messages":[],"ComputerName":"USER-PC","Duration":"00:00:00.0263822","StartTime":"2022-12-02T12:03:50.7045973+00:00","EndTime":"2022-12-02T12:03:50.7046026+00:00","Properties":[]},{"TestCase":{"Id":"c8a672df-2fe5-0665-0c6b-5c64e4befe7e","FullyQualifiedName":"ToDoList.Tests.UnitTests.HomeControllerTests.TaskByCategory_Returns_View_And_Check_ViewModel","DisplayName":"ToDoList.Tests.UnitTests.HomeControllerTests.TaskByCategory_Returns_View_And_Check_ViewModel(id: 2)","ExecutorUri":"executor://xunit/VsTestRunner2/netcoreapp","Source":"D:\\csharp\\lern\\ToDoList.Test\\bin\\Debug\\netcoreapp3.1\\fine-code-coverage\\build-output\\ToDoList.Tests.dll","CodeFilePath":null,"LineNumber":0,"Properties":[]},"Attachments":[],"Outcome":1,"ErrorMessage":null,"ErrorStackTrace":null,"DisplayName":"ToDoList.Tests.UnitTests.HomeControllerTests.TaskByCategory_Returns_View_And_Check_ViewModel(id: 2)","Messages":[],"ComputerName":"USER-PC","Duration":"00:00:00.0094390","StartTime":"2022-12-02T12:03:50.7100568+00:00","EndTime":"2022-12-02T12:03:50.710063+00:00","Properties":[]},{"TestCase":{"Id":"14a88ffc-1072-83cc-0b3a-f3ac2a5fb385","FullyQualifiedName":"ToDoList.Tests.UnitTests.HomeControllerTests.TaskByCategory_Returns_View_And_Check_ViewModel","DisplayName":"ToDoList.Tests.UnitTests.HomeControllerTests.TaskByCategory_Returns_View_And_Check_ViewModel(id: 3)","ExecutorUri":"executor://xunit/VsTestRunner2/netcoreapp","Source":"D:\\csharp\\lern\\ToDoList.Test\\bin\\Debug\\netcoreapp3.1\\fine-code-coverage\\build-output\\ToDoList.Tests.dll","CodeFilePath":null,"LineNumber":0,"Properties":[]},"Attachments":[],"Outcome":1,"ErrorMessage":null,"ErrorStackTrace":null,"DisplayName":"ToDoList.Tests.UnitTests.HomeControllerTests.TaskByCategory_Returns_View_And_Check_ViewModel(id: 3)","Messages":[],"ComputerName":"USER-PC","Duration":"00:00:00.0027528","StartTime":"2022-12-02T12:03:50.7163058+00:00","EndTime":"2022-12-02T12:03:50.7163114+00:00","Properties":[]},{"TestCase":{"Id":"31236be0-7cc9-f75d-bc0a-09b15a1965bf","FullyQualifiedName":"ToDoList.Tests.UnitTests.HomeControllerTests.TaskByCategory_Returns_View_And_Check_ViewModel","DisplayName":"ToDoList.Tests.UnitTests.HomeControllerTests.TaskByCategory_Returns_View_And_Check_ViewModel(id: 1)","ExecutorUri":"executor://xunit/VsTestRunner2/netcoreapp","Source":"D:\\csharp\\lern\\ToDoList.Test\\bin\\Debug\\netcoreapp3.1\\fine-code-coverage\\build-output\\ToDoList.Tests.dll","CodeFilePath":null,"LineNumber":0,"Properties":[]},"Attachments":[],"Outcome":1,"ErrorMessage":null,"ErrorStackTrace":null,"DisplayName":"ToDoList.Tests.UnitTests.HomeControllerTests.TaskByCategory_Returns_View_And_Check_ViewModel(id: 1)","Messages":[],"ComputerName":"USER-PC","Duration":"00:00:00.0024870","StartTime":"2022-12-02T12:03:50.7211055+00:00","EndTime":"2022-12-02T12:03:50.721111+00:00","Properties":[]},{"TestCase":{"Id":"d327e35f-73a7-ad71-a5e2-f0dc59f2f504","FullyQualifiedName":"ToDoList.Tests.UnitTests.HomeControllerTests.TaskByCategory_Returns_View_And_Check_ViewModel_IncorrectId_Zero","DisplayName":"ToDoList.Tests.UnitTests.HomeControllerTests.TaskByCategory_Returns_View_And_Check_ViewModel_IncorrectId_Zero","ExecutorUri":"executor://xunit/VsTestRunner2/netcoreapp","Source":"D:\\csharp\\lern\\ToDoList.Test\\bin\\Debug\\netcoreapp3.1\\fine-code-coverage\\build-output\\ToDoList.Tests.dll","CodeFilePath":null,"LineNumber":0,"Properties":[]},"Attachments":[],"Outcome":1,"ErrorMessage":null,"ErrorStackTrace":null,"DisplayName":"ToDoList.Tests.UnitTests.HomeControllerTests.TaskByCategory_Returns_View_And_Check_ViewModel_IncorrectId_Zero","Messages":[],"ComputerName":"USER-PC","Duration":"00:00:00.0006032","StartTime":"2022-12-02T12:03:50.7264608+00:00","EndTime":"2022-12-02T12:03:50.7264668+00:00","Properties":[]},{"TestCase":{"Id":"21657e3d-b3de-ec53-a9d3-08a8794dda9c","FullyQualifiedName":"ToDoList.Tests.UnitTests.HomeControllerTests.DeleteUserTaskReturnsARedirectValidInput","DisplayName":"ToDoList.Tests.UnitTests.HomeControllerTests.DeleteUserTaskReturnsARedirectValidInput","ExecutorUri":"executor://xunit/VsTestRunner2/netcoreapp","Source":"D:\\csharp\\lern\\ToDoList.Test\\bin\\Debug\\netcoreapp3.1\\fine-code-coverage\\build-output\\ToDoList.Tests.dll","CodeFilePath":null,"LineNumber":0,"Properties":[]},"Attachments":[],"Outcome":1,"ErrorMessage":null,"ErrorStackTrace":null,"DisplayName":"ToDoList.Tests.UnitTests.HomeControllerTests.DeleteUserTaskReturnsARedirectValidInput","Messages":[],"ComputerName":"USER-PC","Duration":"00:00:00.0088930","StartTime":"2022-12-02T12:03:50.7318999+00:00","EndTime":"2022-12-02T12:03:50.7319056+00:00","Properties":[]},{"TestCase":{"Id":"38202516-3c18-2699-4131-7753fb3ba50f","FullyQualifiedName":"ToDoList.Tests.UnitTests.HomeControllerTests.Index_Check_UserTasks","DisplayName":"ToDoList.Tests.UnitTests.HomeControllerTests.Index_Check_UserTasks","ExecutorUri":"executor://xunit/VsTestRunner2/netcoreapp","Source":"D:\\csharp\\lern\\ToDoList.Test\\bin\\Debug\\netcoreapp3.1\\fine-code-coverage\\build-output\\ToDoList.Tests.dll","CodeFilePath":null,"LineNumber":0,"Properties":[]},"Attachments":[],"Outcome":1,"ErrorMessage":null,"ErrorStackTrace":null,"DisplayName":"ToDoList.Tests.UnitTests.HomeControllerTests.Index_Check_UserTasks(model: TaskListViewModel { Categories = [TaskCategory { ... }, TaskCategory { ... }, TaskCategory { ... }], Tasks = [UserTask { ... }, UserTask { ... }, UserTask { ... }, UserTask { ... }, UserTask { ... }, ...], UserTask = null })","Messages":[],"ComputerName":"USER-PC","Duration":"00:00:00.0042015","StartTime":"2022-12-02T12:03:50.7367081+00:00","EndTime":"2022-12-02T12:03:50.736712+00:00","Properties":[]},{"TestCase":{"Id":"5fddcec7-f9d5-9a0e-daa2-877efb5f84e7","FullyQualifiedName":"ToDoList.Tests.UnitTests.HomeControllerTests.AddUserTaskReturnsARedirectAndAddsUserInValidInput","DisplayName":"ToDoList.Tests.UnitTests.HomeControllerTests.AddUserTaskReturnsARedirectAndAddsUserInValidInput","ExecutorUri":"executor://xunit/VsTestRunner2/netcoreapp","Source":"D:\\csharp\\lern\\ToDoList.Test\\bin\\Debug\\netcoreapp3.1\\fine-code-coverage\\build-output\\ToDoList.Tests.dll","CodeFilePath":null,"LineNumber":0,"Properties":[]},"Attachments":[],"Outcome":1,"ErrorMessage":null,"ErrorStackTrace":null,"DisplayName":"ToDoList.Tests.UnitTests.HomeControllerTests.AddUserTaskReturnsARedirectAndAddsUserInValidInput","Messages":[],"ComputerName":"USER-PC","Duration":"00:00:00.0031598","StartTime":"2022-12-02T12:03:50.7421319+00:00","EndTime":"2022-12-02T12:03:50.7421381+00:00","Properties":[]},{"TestCase":{"Id":"0dc4d3a8-c619-e3a5-dbc9-ae5a53c9edc4","FullyQualifiedName":"ToDoList.Tests.UnitTests.HomeControllerTests.UpdateUserTaskStatusReturnsARedirectInputNull","DisplayName":"ToDoList.Tests.UnitTests.HomeControllerTests.UpdateUserTaskStatusReturnsARedirectInputNull","ExecutorUri":"executor://xunit/VsTestRunner2/netcoreapp","Source":"D:\\csharp\\lern\\ToDoList.Test\\bin\\Debug\\netcoreapp3.1\\fine-code-coverage\\build-output\\ToDoList.Tests.dll","CodeFilePath":null,"LineNumber":0,"Properties":[]},"Attachments":[],"Outcome":1,"ErrorMessage":null,"ErrorStackTrace":null,"DisplayName":"ToDoList.Tests.UnitTests.HomeControllerTests.UpdateUserTaskStatusReturnsARedirectInputNull","Messages":[],"ComputerName":"USER-PC","Duration":"00:00:00.0024205","StartTime":"2022-12-02T12:03:50.7483701+00:00","EndTime":"2022-12-02T12:03:50.7483757+00:00","Properties":[]}],"TestRunStatistics":{"ExecutedTests":18,"Stats":{"Passed":18}},"ActiveTests":[{"Id":"2bf62dcc-4880-861b-e23c-e560728ba36d","FullyQualifiedName":"ToDoList.Tests.UnitTests.HomeControllerTests.AddUserTaskReturnsARedirectAndAddsUserValidInput","DisplayName":"ToDoList.Tests.UnitTests.HomeControllerTests.AddUserTaskReturnsARedirectAndAddsUserValidInput","ExecutorUri":"executor://xunit/VsTestRunner2/netcoreapp","Source":"D:\\csharp\\lern\\ToDoList.Test\\bin\\Debug\\netcoreapp3.1\\fine-code-coverage\\build-output\\ToDoList.Tests.dll","CodeFilePath":null,"LineNumber":0,"Properties":[]}]}}
TpTrace Verbose: 0 : 30796, 14, 2022/12/02, 15:03:50.754, 1540345337102, testhost.dll, TestRunCache: OnNewTestResult: Notified the onCacheHit callback.
TpTrace Verbose: 0 : 30796, 14, 2022/12/02, 15:03:50.758, 1540345370407, testhost.dll, TestExecutionRecorder.RecordResult: Received result for test: ToDoList.Tests.UnitTests.HomeControllerTests.AddUserTaskReturnsARedirectAndAddsUserValidInput.
TpTrace Warning: 0 : 30796, 14, 2022/12/02, 15:03:50.760, 1540345395302, testhost.dll, TestRunCache: InProgressTests is null
TpTrace Warning: 0 : 30796, 14, 2022/12/02, 15:03:50.760, 1540345396702, testhost.dll, TestRunCache: No test found corresponding to testResult 'ToDoList.Tests.UnitTests.HomeControllerTests.AddUserTaskReturnsARedirectAndAddsUserValidInput' in inProgress list.
TpTrace Verbose: 0 : 30796, 14, 2022/12/02, 15:03:50.760, 1540345398011, testhost.dll, TestExecutionRecorder.RecordEnd: test: ToDoList.Tests.UnitTests.HomeControllerTests.AddUserTaskReturnsARedirectAndAddsUserValidInput execution completed.
TpTrace Warning: 0 : 30796, 14, 2022/12/02, 15:03:50.760, 1540345398673, testhost.dll, TestRunCache: InProgressTests is null
TpTrace Verbose: 0 : 30796, 14, 2022/12/02, 15:03:50.761, 1540345399656, testhost.dll, TestExecutionRecorder.RecordStart: Starting test: ToDoList.Tests.UnitTests.HomeControllerTests.Check_Sidebar_menu.
TpTrace Verbose: 0 : 30796, 14, 2022/12/02, 15:03:50.764, 1540345431516, testhost.dll, TestExecutionRecorder.RecordResult: Received result for test: ToDoList.Tests.UnitTests.HomeControllerTests.Check_Sidebar_menu.
TpTrace Verbose: 0 : 30796, 14, 2022/12/02, 15:03:50.766, 1540345455936, testhost.dll, TestExecutionRecorder.RecordEnd: test: ToDoList.Tests.UnitTests.HomeControllerTests.Check_Sidebar_menu execution completed.
TpTrace Warning: 0 : 30796, 14, 2022/12/02, 15:03:50.766, 1540345457250, testhost.dll, TestRunCache: InProgressTests is null
TpTrace Verbose: 0 : 30796, 14, 2022/12/02, 15:03:50.766, 1540345458310, testhost.dll, TestExecutionRecorder.RecordStart: Starting test: ToDoList.Tests.UnitTests.HomeControllerTests.Index_CheckTaskCategories.
TpTrace Verbose: 0 : 30796, 14, 2022/12/02, 15:03:50.769, 1540345479129, testhost.dll, TestExecutionRecorder.RecordResult: Received result for test: ToDoList.Tests.UnitTests.HomeControllerTests.Index_CheckTaskCategories.
TpTrace Verbose: 0 : 30796, 14, 2022/12/02, 15:03:50.771, 1540345500315, testhost.dll, TestExecutionRecorder.RecordEnd: test: ToDoList.Tests.UnitTests.HomeControllerTests.Index_CheckTaskCategories execution completed.
TpTrace Warning: 0 : 30796, 14, 2022/12/02, 15:03:50.771, 1540345501675, testhost.dll, TestRunCache: InProgressTests is null
TpTrace Information: 0 : 30796, 5, 2022/12/02, 15:03:50.774, 1540345531461, testhost.dll, [xUnit.net 00:00:03.68]   Finished:    ToDoList.Tests
TpTrace Verbose: 0 : 30796, 5, 2022/12/02, 15:03:50.774, 1540345534385, testhost.dll, TestRequestHandler.SendData:  sending data from testhost: {"Version":5,"MessageType":"TestSession.Message","Payload":{"MessageLevel":0,"Message":"[xUnit.net 00:00:03.68]   Finished:    ToDoList.Tests"}}
TpTrace Verbose: 0 : 30796, 5, 2022/12/02, 15:03:50.785, 1540345639629, testhost.dll, BaseRunTests.RunTestInternalWithExecutors: Completed running tests for executor://xunit/VsTestRunner2/netcoreapp
TpTrace Information: 0 : 30796, 5, 2022/12/02, 15:03:50.790, 1540345694345, testhost.dll, Sending test run complete
TpTrace Verbose: 0 : 30796, 5, 2022/12/02, 15:03:50.814, 1540345929934, testhost.dll, TestRequestHandler.SendData:  sending data from testhost: {"Version":5,"MessageType":"TestExecution.Completed","Payload":{"TestRunCompleteArgs":{"TestRunStatistics":{"ExecutedTests":21,"Stats":{"Passed":21}},"IsCanceled":false,"IsAborted":false,"Error":null,"AttachmentSets":[],"ElapsedTimeInRunningTests":"00:00:03.7065013","Metrics":{}},"LastRunTests":{"NewTestResults":[{"TestCase":{"Id":"2bf62dcc-4880-861b-e23c-e560728ba36d","FullyQualifiedName":"ToDoList.Tests.UnitTests.HomeControllerTests.AddUserTaskReturnsARedirectAndAddsUserValidInput","DisplayName":"ToDoList.Tests.UnitTests.HomeControllerTests.AddUserTaskReturnsARedirectAndAddsUserValidInput","ExecutorUri":"executor://xunit/VsTestRunner2/netcoreapp","Source":"D:\\csharp\\lern\\ToDoList.Test\\bin\\Debug\\netcoreapp3.1\\fine-code-coverage\\build-output\\ToDoList.Tests.dll","CodeFilePath":null,"LineNumber":0,"Properties":[]},"Attachments":[],"Outcome":1,"ErrorMessage":null,"ErrorStackTrace":null,"DisplayName":"ToDoList.Tests.UnitTests.HomeControllerTests.AddUserTaskReturnsARedirectAndAddsUserValidInput","Messages":[],"ComputerName":"USER-PC","Duration":"00:00:00.0062461","StartTime":"2022-12-02T12:03:50.7581088+00:00","EndTime":"2022-12-02T12:03:50.7581143+00:00","Properties":[]},{"TestCase":{"Id":"d22fe5f4-85e7-52ae-ab3d-755ab4f9c887","FullyQualifiedName":"ToDoList.Tests.UnitTests.HomeControllerTests.Check_Sidebar_menu","DisplayName":"ToDoList.Tests.UnitTests.HomeControllerTests.Check_Sidebar_menu","ExecutorUri":"executor://xunit/VsTestRunner2/netcoreapp","Source":"D:\\csharp\\lern\\ToDoList.Test\\bin\\Debug\\netcoreapp3.1\\fine-code-coverage\\build-output\\ToDoList.Tests.dll","CodeFilePath":null,"LineNumber":0,"Properties":[]},"Attachments":[],"Outcome":1,"ErrorMessage":null,"ErrorStackTrace":null,"DisplayName":"ToDoList.Tests.UnitTests.HomeControllerTests.Check_Sidebar_menu","Messages":[],"ComputerName":"USER-PC","Duration":"00:00:00.0036355","StartTime":"2022-12-02T12:03:50.7642119+00:00","EndTime":"2022-12-02T12:03:50.7642199+00:00","Properties":[]},{"TestCase":{"Id":"5962a33d-eefa-fc63-996b-b525766b4872","FullyQualifiedName":"ToDoList.Tests.UnitTests.HomeControllerTests.Index_CheckTaskCategories","DisplayName":"ToDoList.Tests.UnitTests.HomeControllerTests.Index_CheckTaskCategories","ExecutorUri":"executor://xunit/VsTestRunner2/netcoreapp","Source":"D:\\csharp\\lern\\ToDoList.Test\\bin\\Debug\\netcoreapp3.1\\fine-code-coverage\\build-output\\ToDoList.Tests.dll","CodeFilePath":null,"LineNumber":0,"Properties":[]},"Attachments":[],"Outcome":1,"ErrorMessage":null,"ErrorStackTrace":null,"DisplayName":"ToDoList.Tests.UnitTests.HomeControllerTests.Index_CheckTaskCategories(model: TaskListViewModel { Categories = [TaskCategory { ... }, TaskCategory { ... }, TaskCategory { ... }], Tasks = [UserTask { ... }, UserTask { ... }, UserTask { ... }, UserTask { ... }, UserTask { ... }, ...], UserTask = null })","Messages":[],"ComputerName":"USER-PC","Duration":"00:00:00.0013607","StartTime":"2022-12-02T12:03:50.7689776+00:00","EndTime":"2022-12-02T12:03:50.7689815+00:00","Properties":[]}],"TestRunStatistics":{"ExecutedTests":21,"Stats":{"Passed":21}},"ActiveTests":[]},"RunAttachments":[],"ExecutorUris":["executor://xunit/VsTestRunner2/netcoreapp"]}}
TpTrace Verbose: 0 : 30796, 5, 2022/12/02, 15:03:50.814, 1540345938269, testhost.dll, BaseRunTests.RunTests: Run is complete.
TpTrace Verbose: 0 : 30796, 9, 2022/12/02, 15:03:50.815, 1540345941559, testhost.dll, TcpClientExtensions.MessageLoopAsync: NotifyDataAvailable remoteEndPoint: [::ffff:127.0.0.1]:52619 localEndPoint: [::ffff:127.0.0.1]:52620
TpTrace Information: 0 : 30796, 9, 2022/12/02, 15:03:50.815, 1540345944622, testhost.dll, TestRequestHandler.OnMessageReceived: received message: (TestSession.Terminate) -> null
TpTrace Information: 0 : 30796, 9, 2022/12/02, 15:03:50.815, 1540345945603, testhost.dll, Session End message received from server. Closing the connection.
TpTrace Information: 0 : 30796, 9, 2022/12/02, 15:03:50.816, 1540345951707, testhost.dll, SocketClient.Stop: Stop communication from server endpoint: 127.0.0.1:052619
TpTrace Information: 0 : 30796, 9, 2022/12/02, 15:03:50.816, 1540345952859, testhost.dll, SocketClient: Stop: Cancellation requested. Stopping message loop.
TpTrace Verbose: 0 : 30796, 9, 2022/12/02, 15:03:50.816, 1540345955139, testhost.dll, LengthPrefixCommunicationChannel.Dispose: Dispose reader and writer.
TpTrace Information: 0 : 30796, 9, 2022/12/02, 15:03:50.816, 1540345956300, testhost.dll, Closing the connection !
TpTrace Information: 0 : 30796, 9, 2022/12/02, 15:03:50.817, 1540345960530, testhost.dll, SocketClient.PrivateStop: Stop communication from server endpoint: 127.0.0.1:052619, error:
TpTrace Verbose: 0 : 30796, 9, 2022/12/02, 15:03:50.817, 1540345964123, testhost.dll, LengthPrefixCommunicationChannel.Dispose: Dispose reader and writer.
TpTrace Information: 0 : 30796, 1, 2022/12/02, 15:03:50.817, 1540345964303, testhost.dll, Closing the connection !
TpTrace Verbose: 0 : 30796, 9, 2022/12/02, 15:03:50.817, 1540345965774, testhost.dll, TcpClientExtensions.MessageLoopAsync: exiting MessageLoopAsync remoteEndPoint: [::ffff:127.0.0.1]:52619 localEndPoint: [::ffff:127.0.0.1]:52620
TpTrace Information: 0 : 30796, 1, 2022/12/02, 15:03:50.817, 1540345966836, testhost.dll, SocketClient.Stop: Stop communication from server endpoint: 127.0.0.1:052619
TpTrace Verbose: 0 : 30796, 1, 2022/12/02, 15:03:50.817, 1540345968125, testhost.dll, LengthPrefixCommunicationChannel.Dispose: Dispose reader and writer.
TpTrace Information: 0 : 30796, 1, 2022/12/02, 15:03:50.818, 1540345970355, testhost.dll, Testhost process exiting.
